#
# A fatal error has been detected by the Java Runtime Environment:
#
#  EXCEPTION_ACCESS_VIOLATION (0xc0000005) at pc=0x000000018000c274, pid=19856, tid=16324
#
# JRE version: Java(TM) SE Runtime Environment (17.0.12+8) (build 17.0.12+8-LTS-286)
# Java VM: Java HotSpot(TM) 64-Bit Server VM (17.0.12+8-LTS-286, mixed mode, sharing, tiered, compressed oops, compressed class ptrs, g1 gc, windows-amd64)
# Problematic frame:
# C  [ASProxy64.dll+0xc274]
#
# No core dump will be written. Minidumps are not enabled by default on client versions of Windows
#
# If you would like to submit a bug report, please visit:
#   https://bugreport.java.com/bugreport/crash.jsp
# The crash happened outside the Java Virtual Machine in native code.
# See problematic frame for where to report the bug.
#

---------------  S U M M A R Y ------------

Command Line: -Xmx64m -Xms64m -Dorg.gradle.appname=gradlew org.gradle.wrapper.GradleWrapperMain installDebug

Host: Intel(R) Core(TM) i7-8700 CPU @ 3.20GHz, 12 cores, 31G,  Windows 11 , 64 bit Build 26100 (10.0.26100.4484)
Time: Sun Jul 20 21:14:25 2025 FLE Daylight Time elapsed time: 0.890539 seconds (0d 0h 0m 0s)

---------------  T H R E A D  ---------------

Current thread (0x00000243e3c365f0):  JavaThread "main" [_thread_in_native, id=16324, stack(0x000000e911000000,0x000000e911100000)]

Stack: [0x000000e911000000,0x000000e911100000],  sp=0x000000e9110fce00,  free space=1011k
Native frames: (J=compiled Java code, j=interpreted, Vv=VM code, C=native code)
C  [ASProxy64.dll+0xc274]

Java frames: (J=compiled Java code, j=interpreted, Vv=VM code)
j  sun.nio.ch.WEPoll.ctl(JIJI)I+0 java.base@17.0.12
j  sun.nio.ch.WEPollSelectorImpl.<init>(Ljava/nio/channels/spi/SelectorProvider;)V+138 java.base@17.0.12
j  sun.nio.ch.WEPollSelectorProvider.openSelector()Ljava/nio/channels/spi/AbstractSelector;+5 java.base@17.0.12
j  java.nio.channels.Selector.open()Ljava/nio/channels/Selector;+3 java.base@17.0.12
j  org.gradle.internal.remote.internal.inet.SocketConnection$SocketInputStream.<init>(Ljava/nio/channels/SocketChannel;)V+17
j  org.gradle.internal.remote.internal.inet.SocketConnection.<init>(Ljava/nio/channels/SocketChannel;Lorg/gradle/internal/remote/internal/MessageSerializer;Lorg/gradle/internal/serialize/StatefulSerializer;)V+27
j  org.gradle.internal.remote.internal.inet.SocketConnectCompletion.create(Lorg/gradle/internal/serialize/StatefulSerializer;)Lorg/gradle/internal/remote/internal/RemoteConnection;+16
j  org.gradle.launcher.daemon.client.DefaultDaemonConnector.connectToDaemon(Lorg/gradle/launcher/daemon/context/DaemonConnectDetails;Lorg/gradle/launcher/daemon/client/DaemonClientConnection$StaleAddressDetector;)Lorg/gradle/launcher/daemon/client/DaemonClientConnection;+45
j  org.gradle.launcher.daemon.client.DefaultDaemonConnector.findConnection(Ljava/util/List;)Lorg/gradle/launcher/daemon/client/DaemonClientConnection;+38
j  org.gradle.launcher.daemon.client.DefaultDaemonConnector.connectToIdleDaemon(Ljava/util/Collection;Lorg/gradle/api/internal/specs/ExplainingSpec;)Lorg/gradle/launcher/daemon/client/DaemonClientConnection;+9
j  org.gradle.launcher.daemon.client.DefaultDaemonConnector.connect(Lorg/gradle/api/internal/specs/ExplainingSpec;)Lorg/gradle/launcher/daemon/client/DaemonClientConnection;+37
j  org.gradle.launcher.daemon.client.DaemonClient.execute(Lorg/gradle/internal/invocation/BuildAction;Lorg/gradle/launcher/exec/BuildActionParameters;Lorg/gradle/internal/daemon/client/execution/ClientBuildRequestContext;)Lorg/gradle/launcher/exec/BuildActionResult;+66
j  org.gradle.launcher.daemon.client.DaemonClient.execute(Lorg/gradle/internal/invocation/BuildAction;Ljava/lang/Object;Ljava/lang/Object;)Lorg/gradle/launcher/exec/BuildActionResult;+10
j  org.gradle.launcher.cli.RunBuildAction.run()V+67
j  org.gradle.internal.Actions$RunnableActionAdapter.execute(Ljava/lang/Object;)V+4
j  org.gradle.launcher.cli.DefaultCommandLineActionFactory$ParseAndBuildAction.execute(Lorg/gradle/launcher/bootstrap/ExecutionListener;)V+129
j  org.gradle.launcher.cli.DefaultCommandLineActionFactory$ParseAndBuildAction.execute(Ljava/lang/Object;)V+5
j  org.gradle.launcher.cli.DebugLoggerWarningAction.execute(Lorg/gradle/launcher/bootstrap/ExecutionListener;)V+9
j  org.gradle.launcher.cli.DebugLoggerWarningAction.execute(Ljava/lang/Object;)V+5
j  org.gradle.launcher.cli.WelcomeMessageAction.execute(Lorg/gradle/launcher/bootstrap/ExecutionListener;)V+218
j  org.gradle.launcher.cli.WelcomeMessageAction.execute(Ljava/lang/Object;)V+5
j  org.gradle.launcher.cli.NativeServicesInitializingAction.execute(Lorg/gradle/launcher/bootstrap/ExecutionListener;)V+38
j  org.gradle.launcher.cli.NativeServicesInitializingAction.execute(Ljava/lang/Object;)V+5
j  org.gradle.launcher.cli.ExceptionReportingAction.execute(Lorg/gradle/launcher/bootstrap/ExecutionListener;)V+5
j  org.gradle.launcher.cli.ExceptionReportingAction.execute(Ljava/lang/Object;)V+5
j  org.gradle.launcher.cli.DefaultCommandLineActionFactory$WithLogging.execute(Lorg/gradle/launcher/bootstrap/ExecutionListener;)V+309
j  org.gradle.launcher.Main.doAction([Ljava/lang/String;Lorg/gradle/launcher/bootstrap/ExecutionListener;)V+14
j  org.gradle.launcher.bootstrap.EntryPoint.run([Ljava/lang/String;)V+12
v  ~StubRoutines::call_stub
j  jdk.internal.reflect.NativeMethodAccessorImpl.invoke0(Ljava/lang/reflect/Method;Ljava/lang/Object;[Ljava/lang/Object;)Ljava/lang/Object;+0 java.base@17.0.12
j  jdk.internal.reflect.NativeMethodAccessorImpl.invoke(Ljava/lang/Object;[Ljava/lang/Object;)Ljava/lang/Object;+133 java.base@17.0.12
j  jdk.internal.reflect.DelegatingMethodAccessorImpl.invoke(Ljava/lang/Object;[Ljava/lang/Object;)Ljava/lang/Object;+6 java.base@17.0.12
j  java.lang.reflect.Method.invoke(Ljava/lang/Object;[Ljava/lang/Object;)Ljava/lang/Object;+59 java.base@17.0.12
j  org.gradle.launcher.bootstrap.ProcessBootstrap.runNoExit(Ljava/lang/String;Ljava/lang/String;Ljava/lang/String;[Ljava/lang/String;)V+205
j  org.gradle.launcher.bootstrap.ProcessBootstrap.run(Ljava/lang/String;Ljava/lang/String;Ljava/lang/String;[Ljava/lang/String;)V+4
j  org.gradle.launcher.GradleMain.main([Ljava/lang/String;)V+68
v  ~StubRoutines::call_stub
j  jdk.internal.reflect.NativeMethodAccessorImpl.invoke0(Ljava/lang/reflect/Method;Ljava/lang/Object;[Ljava/lang/Object;)Ljava/lang/Object;+0 java.base@17.0.12
j  jdk.internal.reflect.NativeMethodAccessorImpl.invoke(Ljava/lang/Object;[Ljava/lang/Object;)Ljava/lang/Object;+133 java.base@17.0.12
j  jdk.internal.reflect.DelegatingMethodAccessorImpl.invoke(Ljava/lang/Object;[Ljava/lang/Object;)Ljava/lang/Object;+6 java.base@17.0.12
j  java.lang.reflect.Method.invoke(Ljava/lang/Object;[Ljava/lang/Object;)Ljava/lang/Object;+59 java.base@17.0.12
j  org.gradle.wrapper.BootstrapMainStarter.start([Ljava/lang/String;Ljava/io/File;)V+105
j  org.gradle.wrapper.WrapperExecutor.execute([Ljava/lang/String;Lorg/gradle/wrapper/Install;Lorg/gradle/wrapper/BootstrapMainStarter;)V+14
j  org.gradle.wrapper.GradleWrapperMain.main([Ljava/lang/String;)V+187
v  ~StubRoutines::call_stub

siginfo: EXCEPTION_ACCESS_VIOLATION (0xc0000005), reading address 0x00000000000008e8


Registers:
RAX=0x0000000000000000, RBX=0x00000243c660efb8, RCX=0x00000000000008ec, RDX=0x0000000000000002
RSP=0x000000e9110fce00, RBP=0x00000000000008e8, RSI=0x00000243c6464d00, RDI=0x00000000000008e8
R8 =0x7ffffffffffffffc, R9 =0x0000000000000000, R10=0x00000000000008ec, R11=0x00000243e3789e48
R12=0x000000e9110fd040, R13=0x0000000000000918, R14=0x00000243c6464cd0, R15=0x0000000000000918
RIP=0x000000018000c274, EFLAGS=0x0000000000010246


Register to memory mapping:

RIP=0x000000018000c274 ASProxy64.dll
RAX=0x0 is NULL
RBX=0x00000243c660efb8 points into unknown readable memory: 0x0000000000000000 | 00 00 00 00 00 00 00 00
RCX=0x00000000000008ec is an unknown value
RDX=0x0000000000000002 is an unknown value
RSP=0x000000e9110fce00 is pointing into the stack for thread: 0x00000243e3c365f0
RBP=0x00000000000008e8 is an unknown value
RSI=0x00000243c6464d00 points into unknown readable memory: 0x00000243c6464d00 | 00 4d 46 c6 43 02 00 00
RDI=0x00000000000008e8 is an unknown value
R8 =0x7ffffffffffffffc is an unknown value
R9 =0x0 is NULL
R10=0x00000000000008ec is an unknown value
R11=0x00000243e3789e48 points into unknown readable memory: 0x00000000000007d0 | d0 07 00 00 00 00 00 00
R12=0x000000e9110fd040 is pointing into the stack for thread: 0x00000243e3c365f0
R13=0x0000000000000918 is an unknown value
R14=0x00000243c6464cd0 points into unknown readable memory: 0x00000000000008e8 | e8 08 00 00 00 00 00 00
R15=0x0000000000000918 is an unknown value


Top of Stack: (sp=0x000000e9110fce00)
0x000000e9110fce00:   0000000000000000 0000000000000000
0x000000e9110fce10:   00000000000008e8 000000018001f4c2
0x000000e9110fce20:   0000000180065ec8 0000000000002736
0x000000e9110fce30:   0000000000000001 00000000000008ec
0x000000e9110fce40:   00000000000008e8 000000018000c506
0x000000e9110fce50:   00000243c660efb8 0000000000002736
0x000000e9110fce60:   0000000000000000 0000000000000008
0x000000e9110fce70:   000000e90000001e 0000000000000000
0x000000e9110fce80:   00000000000008e8 0000000000000000
0x000000e9110fce90:   0000000000000001 0000000000000000
0x000000e9110fcea0:   00000000000008e8 00007fffb5c17716
0x000000e9110fceb0:   00000000000008ec 0000000000000802
0x000000e9110fcec0:   00000243c6464d00 0000000000000000
0x000000e9110fced0:   0000000000000000 0000024300000000
0x000000e9110fcee0:   0000000000000003 0000024300000001
0x000000e9110fcef0:   0000000000000000 0000000000000000 

Instructions: (pc=0x000000018000c274)
0x000000018000c174:   70 48 8b 6c 24 78 32 c0 48 83 c4 50 41 5c c3 cc
0x000000018000c184:   cc cc cc cc cc cc cc cc cc cc cc cc 48 85 c9 74
0x000000018000c194:   23 8b 05 ad ff 06 00 89 01 8b 05 a9 ff 06 00 89
0x000000018000c1a4:   41 04 8b 05 a4 ff 06 00 89 41 08 8b 05 9f ff 06
0x000000018000c1b4:   00 89 41 0c f3 c3 cc cc cc cc cc cc c6 01 01 c7
0x000000018000c1c4:   02 01 00 00 00 c3 cc cc cc cc cc cc 48 89 5c 24
0x000000018000c1d4:   08 57 48 83 ec 70 48 8b fa 8b d9 48 8d 15 82 73
0x000000018000c1e4:   05 00 48 8d 4c 24 20 45 33 c0 48 c7 44 24 40 0f
0x000000018000c1f4:   00 00 00 48 c7 44 24 38 00 00 00 00 c6 44 24 28
0x000000018000c204:   00 e8 d6 6b ff ff 4c 8d 4c 24 20 48 8d 4c 24 48
0x000000018000c214:   41 b0 01 8b d3 e8 52 06 02 00 48 83 78 20 10 72
0x000000018000c224:   06 48 8b 48 08 eb 05 48 8d 48 08 90 0f b6 01 48
0x000000018000c234:   ff c7 48 ff c1 88 47 ff 84 c0 75 f0 48 83 7c 24
0x000000018000c244:   68 10 72 0a 48 8b 4c 24 50 e8 52 94 03 00 48 8b
0x000000018000c254:   9c 24 80 00 00 00 48 83 c4 70 5f c3 48 83 ec 48
0x000000018000c264:   0f b6 c2 0f 57 c0 0f 11 44 24 ff 25 00 00 00 00
0x000000018000c274:   ae 7e 4a 20 f8 7f 00 00 8b 44 24 04 0f af 04 24
0x000000018000c284:   89 04 24 8b 44 24 04 0f af 04 24 83 c0 01 89 04
0x000000018000c294:   24 8b 44 24 04 0f af 04 24 83 c0 02 89 04 24 8b
0x000000018000c2a4:   44 24 04 0f af 04 24 83 c0 03 89 04 24 8b 44 24
0x000000018000c2b4:   04 0f af 04 24 83 c0 04 89 04 24 8b 44 24 04 0f
0x000000018000c2c4:   af 04 24 83 c0 05 89 04 24 8b 44 24 04 0f af 04
0x000000018000c2d4:   24 83 c0 06 89 04 24 8b 44 24 04 0f af 04 24 83
0x000000018000c2e4:   c0 07 89 04 24 8b 44 24 04 0f af 04 24 83 c0 08
0x000000018000c2f4:   89 04 24 8b 44 24 04 0f af 04 24 83 c0 09 89 04
0x000000018000c304:   24 8b 44 24 04 0f af 04 24 83 c0 0a 89 04 24 8b
0x000000018000c314:   44 24 04 0f af 04 24 83 c0 0b 89 04 24 8b 44 24
0x000000018000c324:   04 0f af 04 24 83 c0 0d 89 04 24 8b 44 24 04 0f
0x000000018000c334:   af 04 24 83 c0 0e 89 04 24 8b 44 24 04 0f af 04
0x000000018000c344:   24 83 c0 0f 89 04 24 8b 44 24 04 0f af 04 24 83
0x000000018000c354:   c0 10 89 04 24 8b 44 24 04 0f af 04 24 83 c0 11
0x000000018000c364:   89 04 24 8b 44 24 04 0f af 04 24 83 c0 12 89 04 


Stack slot to memory mapping:
stack at sp + 0 slots: 0x0 is NULL
stack at sp + 1 slots: 0x0 is NULL
stack at sp + 2 slots: 0x00000000000008e8 is an unknown value
stack at sp + 3 slots: 0x000000018001f4c2 ASProxy64.dll
stack at sp + 4 slots: 0x0000000180065ec8 ASProxy64.dll
stack at sp + 5 slots: 0x0000000000002736 is an unknown value
stack at sp + 6 slots: 0x0000000000000001 is an unknown value
stack at sp + 7 slots: 0x00000000000008ec is an unknown value


---------------  P R O C E S S  ---------------

Threads class SMR info:
_java_thread_list=0x00000243c66b2b90, length=15, elements={
0x00000243e3c365f0, 0x00000243e3cefaa0, 0x00000243e3cf2670, 0x00000243ff5b9ec0,
0x00000243ff5ba880, 0x00000243ff5bb240, 0x00000243ff5c3c10, 0x00000243ff5eff30,
0x00000243ff5f29f0, 0x00000243ff5f33f0, 0x00000243ff8423d0, 0x00000243ff844a70,
0x00000243ff9e9ea0, 0x00000243ffa13950, 0x00000243c61c8e10
}

Java Threads: ( => current thread )
=>0x00000243e3c365f0 JavaThread "main" [_thread_in_native, id=16324, stack(0x000000e911000000,0x000000e911100000)]
  0x00000243e3cefaa0 JavaThread "Reference Handler" daemon [_thread_blocked, id=18700, stack(0x000000e911700000,0x000000e911800000)]
  0x00000243e3cf2670 JavaThread "Finalizer" daemon [_thread_blocked, id=19564, stack(0x000000e911800000,0x000000e911900000)]
  0x00000243ff5b9ec0 JavaThread "Signal Dispatcher" daemon [_thread_blocked, id=20092, stack(0x000000e911900000,0x000000e911a00000)]
  0x00000243ff5ba880 JavaThread "Attach Listener" daemon [_thread_blocked, id=16528, stack(0x000000e911a00000,0x000000e911b00000)]
  0x00000243ff5bb240 JavaThread "Service Thread" daemon [_thread_blocked, id=7120, stack(0x000000e911b00000,0x000000e911c00000)]
  0x00000243ff5c3c10 JavaThread "Monitor Deflation Thread" daemon [_thread_blocked, id=20868, stack(0x000000e911c00000,0x000000e911d00000)]
  0x00000243ff5eff30 JavaThread "C2 CompilerThread0" daemon [_thread_blocked, id=21252, stack(0x000000e911d00000,0x000000e911e00000)]
  0x00000243ff5f29f0 JavaThread "C1 CompilerThread0" daemon [_thread_blocked, id=21308, stack(0x000000e911e00000,0x000000e911f00000)]
  0x00000243ff5f33f0 JavaThread "Sweeper thread" daemon [_thread_blocked, id=21640, stack(0x000000e911f00000,0x000000e912000000)]
  0x00000243ff8423d0 JavaThread "Notification Thread" daemon [_thread_blocked, id=18964, stack(0x000000e912000000,0x000000e912100000)]
  0x00000243ff844a70 JavaThread "Common-Cleaner" daemon [_thread_blocked, id=3036, stack(0x000000e912200000,0x000000e912300000)]
  0x00000243ff9e9ea0 JavaThread "C2 CompilerThread1" daemon [_thread_blocked, id=15724, stack(0x000000e912f00000,0x000000e913000000)]
  0x00000243ffa13950 JavaThread "C2 CompilerThread2" daemon [_thread_blocked, id=22084, stack(0x000000e913180000,0x000000e913280000)]
  0x00000243c61c8e10 JavaThread "pool-1-thread-1" [_thread_blocked, id=21156, stack(0x000000e913580000,0x000000e913680000)]

Other Threads:
  0x00000243e3cec000 VMThread "VM Thread" [stack: 0x000000e911600000,0x000000e911700000] [id=3128]
  0x00000243e3c67d60 WatcherThread [stack: 0x000000e912100000,0x000000e912200000] [id=3028]
  0x00000243e3c56650 GCTaskThread "GC Thread#0" [stack: 0x000000e911100000,0x000000e911200000] [id=16972]
  0x00000243c5491230 GCTaskThread "GC Thread#1" [stack: 0x000000e913280000,0x000000e913380000] [id=22088]
  0x00000243c5431120 GCTaskThread "GC Thread#2" [stack: 0x000000e913380000,0x000000e913480000] [id=22076]
  0x00000243c54cd820 GCTaskThread "GC Thread#3" [stack: 0x000000e913480000,0x000000e913580000] [id=21268]
  0x00000243c5a44550 GCTaskThread "GC Thread#4" [stack: 0x000000e913680000,0x000000e913780000] [id=22136]
  0x00000243c55c2d60 GCTaskThread "GC Thread#5" [stack: 0x000000e913780000,0x000000e913880000] [id=22164]
  0x00000243c5a88ce0 GCTaskThread "GC Thread#6" [stack: 0x000000e913880000,0x000000e913980000] [id=22132]
  0x00000243e3c57da0 ConcurrentGCThread "G1 Main Marker" [stack: 0x000000e911200000,0x000000e911300000] [id=16204]
  0x00000243e3c59480 ConcurrentGCThread "G1 Conc#0" [stack: 0x000000e911300000,0x000000e911400000] [id=19848]
  0x00000243e3ccb620 ConcurrentGCThread "G1 Refine#0" [stack: 0x000000e911400000,0x000000e911500000] [id=19268]
  0x00000243e3ccbef0 ConcurrentGCThread "G1 Service" [stack: 0x000000e911500000,0x000000e911600000] [id=17912]

Threads with active compile tasks:

VM state: not at safepoint (normal execution)

VM Mutex/Monitor currently owned by a thread: None

Heap address: 0x00000000fc000000, size: 64 MB, Compressed Oops mode: 32-bit

CDS archive(s) mapped at: [0x0000024380000000-0x0000024380bd0000-0x0000024380bd0000), size 12386304, SharedBaseAddress: 0x0000024380000000, ArchiveRelocationMode: 1.
Compressed class space mapped at: 0x0000024381000000-0x00000243c1000000, reserved size: 1073741824
Narrow klass base: 0x0000024380000000, Narrow klass shift: 0, Narrow klass range: 0x100000000

GC Precious Log:
 CPUs: 12 total, 12 available
 Memory: 32564M
 Large Page Support: Disabled
 NUMA Support: Disabled
 Compressed Oops: Enabled (32-bit)
 Heap Region Size: 1M
 Heap Min Capacity: 64M
 Heap Initial Capacity: 64M
 Heap Max Capacity: 64M
 Pre-touch: Disabled
 Parallel Workers: 10
 Concurrent Workers: 3
 Concurrent Refinement Workers: 10
 Periodic GC: Disabled

Heap:
 garbage-first heap   total 65536K, used 12015K [0x00000000fc000000, 0x0000000100000000)
  region size 1024K, 7 young (7168K), 5 survivors (5120K)
 Metaspace       used 8631K, committed 8832K, reserved 1114112K
  class space    used 1181K, committed 1280K, reserved 1048576K

Heap Regions: E=young(eden), S=young(survivor), O=old, HS=humongous(starts), HC=humongous(continues), CS=collection set, F=free, OA=open archive, CA=closed archive, TAMS=top-at-mark-start (previous, next)
|   0|0x00000000fc000000, 0x00000000fc100000, 0x00000000fc100000|100%|HS|  |TAMS 0x00000000fc000000, 0x00000000fc000000| Complete 
|   1|0x00000000fc100000, 0x00000000fc200000, 0x00000000fc200000|100%|HC|  |TAMS 0x00000000fc100000, 0x00000000fc100000| Complete 
|   2|0x00000000fc200000, 0x00000000fc300000, 0x00000000fc300000|100%|HC|  |TAMS 0x00000000fc200000, 0x00000000fc200000| Complete 
|   3|0x00000000fc300000, 0x00000000fc400000, 0x00000000fc400000|100%| O|  |TAMS 0x00000000fc300000, 0x00000000fc300000| Untracked 
|   4|0x00000000fc400000, 0x00000000fc500000, 0x00000000fc500000|100%| O|  |TAMS 0x00000000fc400000, 0x00000000fc400000| Untracked 
|   5|0x00000000fc500000, 0x00000000fc5bbe00, 0x00000000fc600000| 73%| O|  |TAMS 0x00000000fc500000, 0x00000000fc500000| Untracked 
|   6|0x00000000fc600000, 0x00000000fc600000, 0x00000000fc700000|  0%| F|  |TAMS 0x00000000fc600000, 0x00000000fc600000| Untracked 
|   7|0x00000000fc700000, 0x00000000fc700000, 0x00000000fc800000|  0%| F|  |TAMS 0x00000000fc700000, 0x00000000fc700000| Untracked 
|   8|0x00000000fc800000, 0x00000000fc800000, 0x00000000fc900000|  0%| F|  |TAMS 0x00000000fc800000, 0x00000000fc800000| Untracked 
|   9|0x00000000fc900000, 0x00000000fc900000, 0x00000000fca00000|  0%| F|  |TAMS 0x00000000fc900000, 0x00000000fc900000| Untracked 
|  10|0x00000000fca00000, 0x00000000fca00000, 0x00000000fcb00000|  0%| F|  |TAMS 0x00000000fca00000, 0x00000000fca00000| Untracked 
|  11|0x00000000fcb00000, 0x00000000fcb00000, 0x00000000fcc00000|  0%| F|  |TAMS 0x00000000fcb00000, 0x00000000fcb00000| Untracked 
|  12|0x00000000fcc00000, 0x00000000fcc00000, 0x00000000fcd00000|  0%| F|  |TAMS 0x00000000fcc00000, 0x00000000fcc00000| Untracked 
|  13|0x00000000fcd00000, 0x00000000fcd00000, 0x00000000fce00000|  0%| F|  |TAMS 0x00000000fcd00000, 0x00000000fcd00000| Untracked 
|  14|0x00000000fce00000, 0x00000000fce00000, 0x00000000fcf00000|  0%| F|  |TAMS 0x00000000fce00000, 0x00000000fce00000| Untracked 
|  15|0x00000000fcf00000, 0x00000000fcf00000, 0x00000000fd000000|  0%| F|  |TAMS 0x00000000fcf00000, 0x00000000fcf00000| Untracked 
|  16|0x00000000fd000000, 0x00000000fd000000, 0x00000000fd100000|  0%| F|  |TAMS 0x00000000fd000000, 0x00000000fd000000| Untracked 
|  17|0x00000000fd100000, 0x00000000fd100000, 0x00000000fd200000|  0%| F|  |TAMS 0x00000000fd100000, 0x00000000fd100000| Untracked 
|  18|0x00000000fd200000, 0x00000000fd200000, 0x00000000fd300000|  0%| F|  |TAMS 0x00000000fd200000, 0x00000000fd200000| Untracked 
|  19|0x00000000fd300000, 0x00000000fd300000, 0x00000000fd400000|  0%| F|  |TAMS 0x00000000fd300000, 0x00000000fd300000| Untracked 
|  20|0x00000000fd400000, 0x00000000fd400000, 0x00000000fd500000|  0%| F|  |TAMS 0x00000000fd400000, 0x00000000fd400000| Untracked 
|  21|0x00000000fd500000, 0x00000000fd500000, 0x00000000fd600000|  0%| F|  |TAMS 0x00000000fd500000, 0x00000000fd500000| Untracked 
|  22|0x00000000fd600000, 0x00000000fd600000, 0x00000000fd700000|  0%| F|  |TAMS 0x00000000fd600000, 0x00000000fd600000| Untracked 
|  23|0x00000000fd700000, 0x00000000fd700000, 0x00000000fd800000|  0%| F|  |TAMS 0x00000000fd700000, 0x00000000fd700000| Untracked 
|  24|0x00000000fd800000, 0x00000000fd800000, 0x00000000fd900000|  0%| F|  |TAMS 0x00000000fd800000, 0x00000000fd800000| Untracked 
|  25|0x00000000fd900000, 0x00000000fd900000, 0x00000000fda00000|  0%| F|  |TAMS 0x00000000fd900000, 0x00000000fd900000| Untracked 
|  26|0x00000000fda00000, 0x00000000fdb00000, 0x00000000fdb00000|100%| S|CS|TAMS 0x00000000fda00000, 0x00000000fda00000| Complete 
|  27|0x00000000fdb00000, 0x00000000fdc00000, 0x00000000fdc00000|100%| S|CS|TAMS 0x00000000fdb00000, 0x00000000fdb00000| Complete 
|  28|0x00000000fdc00000, 0x00000000fdd00000, 0x00000000fdd00000|100%| S|CS|TAMS 0x00000000fdc00000, 0x00000000fdc00000| Complete 
|  29|0x00000000fdd00000, 0x00000000fde00000, 0x00000000fde00000|100%| S|CS|TAMS 0x00000000fdd00000, 0x00000000fdd00000| Complete 
|  30|0x00000000fde00000, 0x00000000fdf00000, 0x00000000fdf00000|100%| S|CS|TAMS 0x00000000fde00000, 0x00000000fde00000| Complete 
|  31|0x00000000fdf00000, 0x00000000fdf00000, 0x00000000fe000000|  0%| F|  |TAMS 0x00000000fdf00000, 0x00000000fdf00000| Untracked 
|  32|0x00000000fe000000, 0x00000000fe000000, 0x00000000fe100000|  0%| F|  |TAMS 0x00000000fe000000, 0x00000000fe000000| Untracked 
|  33|0x00000000fe100000, 0x00000000fe100000, 0x00000000fe200000|  0%| F|  |TAMS 0x00000000fe100000, 0x00000000fe100000| Untracked 
|  34|0x00000000fe200000, 0x00000000fe200000, 0x00000000fe300000|  0%| F|  |TAMS 0x00000000fe200000, 0x00000000fe200000| Untracked 
|  35|0x00000000fe300000, 0x00000000fe300000, 0x00000000fe400000|  0%| F|  |TAMS 0x00000000fe300000, 0x00000000fe300000| Untracked 
|  36|0x00000000fe400000, 0x00000000fe400000, 0x00000000fe500000|  0%| F|  |TAMS 0x00000000fe400000, 0x00000000fe400000| Untracked 
|  37|0x00000000fe500000, 0x00000000fe500000, 0x00000000fe600000|  0%| F|  |TAMS 0x00000000fe500000, 0x00000000fe500000| Untracked 
|  38|0x00000000fe600000, 0x00000000fe600000, 0x00000000fe700000|  0%| F|  |TAMS 0x00000000fe600000, 0x00000000fe600000| Untracked 
|  39|0x00000000fe700000, 0x00000000fe700000, 0x00000000fe800000|  0%| F|  |TAMS 0x00000000fe700000, 0x00000000fe700000| Untracked 
|  40|0x00000000fe800000, 0x00000000fe800000, 0x00000000fe900000|  0%| F|  |TAMS 0x00000000fe800000, 0x00000000fe800000| Untracked 
|  41|0x00000000fe900000, 0x00000000fe900000, 0x00000000fea00000|  0%| F|  |TAMS 0x00000000fe900000, 0x00000000fe900000| Untracked 
|  42|0x00000000fea00000, 0x00000000fea00000, 0x00000000feb00000|  0%| F|  |TAMS 0x00000000fea00000, 0x00000000fea00000| Untracked 
|  43|0x00000000feb00000, 0x00000000feb00000, 0x00000000fec00000|  0%| F|  |TAMS 0x00000000feb00000, 0x00000000feb00000| Untracked 
|  44|0x00000000fec00000, 0x00000000fec00000, 0x00000000fed00000|  0%| F|  |TAMS 0x00000000fec00000, 0x00000000fec00000| Untracked 
|  45|0x00000000fed00000, 0x00000000fed00000, 0x00000000fee00000|  0%| F|  |TAMS 0x00000000fed00000, 0x00000000fed00000| Untracked 
|  46|0x00000000fee00000, 0x00000000fee00000, 0x00000000fef00000|  0%| F|  |TAMS 0x00000000fee00000, 0x00000000fee00000| Untracked 
|  47|0x00000000fef00000, 0x00000000fef00000, 0x00000000ff000000|  0%| F|  |TAMS 0x00000000fef00000, 0x00000000fef00000| Untracked 
|  48|0x00000000ff000000, 0x00000000ff000000, 0x00000000ff100000|  0%| F|  |TAMS 0x00000000ff000000, 0x00000000ff000000| Untracked 
|  49|0x00000000ff100000, 0x00000000ff100000, 0x00000000ff200000|  0%| F|  |TAMS 0x00000000ff100000, 0x00000000ff100000| Untracked 
|  50|0x00000000ff200000, 0x00000000ff200000, 0x00000000ff300000|  0%| F|  |TAMS 0x00000000ff200000, 0x00000000ff200000| Untracked 
|  51|0x00000000ff300000, 0x00000000ff300000, 0x00000000ff400000|  0%| F|  |TAMS 0x00000000ff300000, 0x00000000ff300000| Untracked 
|  52|0x00000000ff400000, 0x00000000ff400000, 0x00000000ff500000|  0%| F|  |TAMS 0x00000000ff400000, 0x00000000ff400000| Untracked 
|  53|0x00000000ff500000, 0x00000000ff500000, 0x00000000ff600000|  0%| F|  |TAMS 0x00000000ff500000, 0x00000000ff500000| Untracked 
|  54|0x00000000ff600000, 0x00000000ff600000, 0x00000000ff700000|  0%| F|  |TAMS 0x00000000ff600000, 0x00000000ff600000| Untracked 
|  55|0x00000000ff700000, 0x00000000ff700000, 0x00000000ff800000|  0%| F|  |TAMS 0x00000000ff700000, 0x00000000ff700000| Untracked 
|  56|0x00000000ff800000, 0x00000000ff800000, 0x00000000ff900000|  0%| F|  |TAMS 0x00000000ff800000, 0x00000000ff800000| Untracked 
|  57|0x00000000ff900000, 0x00000000ff900000, 0x00000000ffa00000|  0%| F|  |TAMS 0x00000000ff900000, 0x00000000ff900000| Untracked 
|  58|0x00000000ffa00000, 0x00000000ffa00000, 0x00000000ffb00000|  0%| F|  |TAMS 0x00000000ffa00000, 0x00000000ffa00000| Untracked 
|  59|0x00000000ffb00000, 0x00000000ffb00000, 0x00000000ffc00000|  0%| F|  |TAMS 0x00000000ffb00000, 0x00000000ffb00000| Untracked 
|  60|0x00000000ffc00000, 0x00000000ffc00000, 0x00000000ffd00000|  0%| F|  |TAMS 0x00000000ffc00000, 0x00000000ffc00000| Untracked 
|  61|0x00000000ffd00000, 0x00000000ffd00000, 0x00000000ffe00000|  0%| F|  |TAMS 0x00000000ffd00000, 0x00000000ffd00000| Untracked 
|  62|0x00000000ffe00000, 0x00000000fff00000, 0x00000000fff00000|100%| E|  |TAMS 0x00000000ffe00000, 0x00000000ffe00000| Complete 
|  63|0x00000000fff00000, 0x0000000100000000, 0x0000000100000000|100%| E|CS|TAMS 0x00000000fff00000, 0x00000000fff00000| Complete 

Card table byte_map: [0x00000243fc770000,0x00000243fc790000] _byte_map_base: 0x00000243fbf90000

Marking Bits (Prev, Next): (CMBitMap*) 0x00000243e3c56c70, (CMBitMap*) 0x00000243e3c56cb0
 Prev Bits: [0x00000243fc7b0000, 0x00000243fc8b0000)
 Next Bits: [0x00000243fc8b0000, 0x00000243fc9b0000)

Polling page: 0x00000243ecaa0000

Metaspace:

Usage:
  Non-class:      7.27 MB used.
      Class:      1.15 MB used.
       Both:      8.43 MB used.

Virtual space:
  Non-class space:       64.00 MB reserved,       7.38 MB ( 12%) committed,  1 nodes.
      Class space:        1.00 GB reserved,       1.25 MB ( <1%) committed,  1 nodes.
             Both:        1.06 GB reserved,       8.62 MB ( <1%) committed. 

Chunk freelists:
   Non-Class:  8.09 MB
       Class:  14.80 MB
        Both:  22.90 MB

MaxMetaspaceSize: unlimited
CompressedClassSpaceSize: 1.00 GB
Initial GC threshold: 21.00 MB
Current GC threshold: 21.00 MB
CDS: on
MetaspaceReclaimPolicy: balanced
 - commit_granule_bytes: 65536.
 - commit_granule_words: 8192.
 - virtual_space_node_default_size: 8388608.
 - enlarge_chunks_in_place: 1.
 - new_chunks_are_fully_committed: 0.
 - uncommit_free_chunks: 1.
 - use_allocation_guard: 0.
 - handle_deallocations: 1.


Internal statistics:

num_allocs_failed_limit: 0.
num_arena_births: 76.
num_arena_deaths: 0.
num_vsnodes_births: 2.
num_vsnodes_deaths: 0.
num_space_committed: 138.
num_space_uncommitted: 0.
num_chunks_returned_to_freelist: 0.
num_chunks_taken_from_freelist: 314.
num_chunk_merges: 0.
num_chunk_splits: 210.
num_chunks_enlarged: 171.
num_inconsistent_stats: 0.

CodeHeap 'non-profiled nmethods': size=120000Kb used=635Kb max_used=635Kb free=119364Kb
 bounds [0x00000243f4590000, 0x00000243f4800000, 0x00000243fbac0000]
CodeHeap 'profiled nmethods': size=120000Kb used=2445Kb max_used=2445Kb free=117554Kb
 bounds [0x00000243ecac0000, 0x00000243ecd30000, 0x00000243f3ff0000]
CodeHeap 'non-nmethods': size=5760Kb used=1167Kb max_used=1197Kb free=4592Kb
 bounds [0x00000243f3ff0000, 0x00000243f4260000, 0x00000243f4590000]
 total_blobs=1766 nmethods=1305 adapters=374
 compilation: enabled
              stopped_count=0, restarted_count=0
 full_count=0

Compilation events (20 events):
Event: 0.877 Thread 0x00000243ff5f29f0 nmethod 1294 0x00000243ecd1cf10 code [0x00000243ecd1d0e0, 0x00000243ecd1d518]
Event: 0.877 Thread 0x00000243ff5f29f0 1295       3       java.security.Provider$UString::hashCode (8 bytes)
Event: 0.877 Thread 0x00000243ff5f29f0 nmethod 1295 0x00000243ecd1d690 code [0x00000243ecd1d840, 0x00000243ecd1d988]
Event: 0.878 Thread 0x00000243ff5f29f0 1296       3       java.lang.invoke.MethodHandles$Lookup::checkSymbolicClass (25 bytes)
Event: 0.878 Thread 0x00000243ff5f29f0 nmethod 1296 0x00000243ecd1da90 code [0x00000243ecd1dc60, 0x00000243ecd1dec8]
Event: 0.878 Thread 0x00000243ff5f29f0 1298       3       java.lang.invoke.MethodHandles$Lookup::<init> (84 bytes)
Event: 0.878 Thread 0x00000243ff5f29f0 nmethod 1298 0x00000243ecd1e010 code [0x00000243ecd1e1c0, 0x00000243ecd1e3f8]
Event: 0.878 Thread 0x00000243ff5f29f0 1297       3       java.lang.invoke.MethodTypeForm::cachedLambdaForm (23 bytes)
Event: 0.878 Thread 0x00000243ff5f29f0 nmethod 1297 0x00000243ecd1e490 code [0x00000243ecd1e640, 0x00000243ecd1e9a8]
Event: 0.878 Thread 0x00000243ff9e9ea0 nmethod 1260% 0x00000243f462c390 code [0x00000243f462c560, 0x00000243f462d9e8]
Event: 0.880 Thread 0x00000243ff9e9ea0 1299       4       java.lang.invoke.VarForm::getMemberName (20 bytes)
Event: 0.880 Thread 0x00000243ff5eff30 1300       4       jdk.internal.misc.Unsafe::convEndian (16 bytes)
Event: 0.880 Thread 0x00000243ff5eff30 nmethod 1300 0x00000243f462e610 code [0x00000243f462e780, 0x00000243f462e7f8]
Event: 0.880 Thread 0x00000243ff9e9ea0 nmethod 1299 0x00000243f462e910 code [0x00000243f462ea80, 0x00000243f462eb58]
Event: 0.881 Thread 0x00000243ff5f29f0 1302       3       java.lang.invoke.VarHandleGuards::guard_LII_V (137 bytes)
Event: 0.883 Thread 0x00000243ff5f29f0 nmethod 1302 0x00000243ecd1eb10 code [0x00000243ecd1ef60, 0x00000243ecd21b38]
Event: 0.883 Thread 0x00000243ff5f29f0 1303       3       java.lang.invoke.VarHandleByteArrayAsInts$ArrayHandle::set (39 bytes)
Event: 0.883 Thread 0x00000243ff5f29f0 nmethod 1303 0x00000243ecd22790 code [0x00000243ecd22980, 0x00000243ecd22eb8]
Event: 0.883 Thread 0x00000243ff5f29f0 1305       3       java.lang.ThreadLocal::get (38 bytes)
Event: 0.883 Thread 0x00000243ff5f29f0 nmethod 1305 0x00000243ecd23090 code [0x00000243ecd23260, 0x00000243ecd23568]

GC Heap History (4 events):
Event: 0.255 GC heap before
{Heap before GC invocations=0 (full 0):
 garbage-first heap   total 65536K, used 22528K [0x00000000fc000000, 0x0000000100000000)
  region size 1024K, 23 young (23552K), 0 survivors (0K)
 Metaspace       used 1803K, committed 1920K, reserved 1114112K
  class space    used 163K, committed 192K, reserved 1048576K
}
Event: 0.258 GC heap after
{Heap after GC invocations=1 (full 0):
 garbage-first heap   total 65536K, used 2384K [0x00000000fc000000, 0x0000000100000000)
  region size 1024K, 3 young (3072K), 3 survivors (3072K)
 Metaspace       used 1803K, committed 1920K, reserved 1114112K
  class space    used 163K, committed 192K, reserved 1048576K
}
Event: 0.832 GC heap before
{Heap before GC invocations=1 (full 0):
 garbage-first heap   total 65536K, used 36176K [0x00000000fc000000, 0x0000000100000000)
  region size 1024K, 33 young (33792K), 3 survivors (3072K)
 Metaspace       used 7799K, committed 8000K, reserved 1114112K
  class space    used 1071K, committed 1152K, reserved 1048576K
}
Event: 0.836 GC heap after
{Heap after GC invocations=2 (full 0):
 garbage-first heap   total 65536K, used 10991K [0x00000000fc000000, 0x0000000100000000)
  region size 1024K, 5 young (5120K), 5 survivors (5120K)
 Metaspace       used 7799K, committed 8000K, reserved 1114112K
  class space    used 1071K, committed 1152K, reserved 1048576K
}

Deoptimization events (20 events):
Event: 0.813 Thread 0x00000243e3c365f0 Uncommon trap: trap_request=0xffffff45 fr.pc=0x00000243f4606844 relative=0x0000000000001a84
Event: 0.813 Thread 0x00000243e3c365f0 Uncommon trap: reason=unstable_if action=reinterpret pc=0x00000243f4606844 method=java.io.WinNTFileSystem.normalize(Ljava/lang/String;II)Ljava/lang/String; @ 87 c2
Event: 0.813 Thread 0x00000243e3c365f0 DEOPT PACKING pc=0x00000243f4606844 sp=0x000000e9110fc120
Event: 0.813 Thread 0x00000243e3c365f0 DEOPT UNPACKING pc=0x00000243f40423a3 sp=0x000000e9110fc120 mode 2
Event: 0.843 Thread 0x00000243e3c365f0 Uncommon trap: trap_request=0xffffff45 fr.pc=0x00000243f45c9ee4 relative=0x0000000000000064
Event: 0.843 Thread 0x00000243e3c365f0 Uncommon trap: reason=unstable_if action=reinterpret pc=0x00000243f45c9ee4 method=java.io.WinNTFileSystem.isSlash(C)Z @ 9 c2
Event: 0.843 Thread 0x00000243e3c365f0 DEOPT PACKING pc=0x00000243f45c9ee4 sp=0x000000e9110fcd60
Event: 0.843 Thread 0x00000243e3c365f0 DEOPT UNPACKING pc=0x00000243f40423a3 sp=0x000000e9110fcce8 mode 2
Event: 0.843 Thread 0x00000243e3c365f0 Uncommon trap: trap_request=0xffffff45 fr.pc=0x00000243f45cf8a4 relative=0x0000000000000664
Event: 0.843 Thread 0x00000243e3c365f0 Uncommon trap: reason=unstable_if action=reinterpret pc=0x00000243f45cf8a4 method=java.lang.AbstractStringBuilder.append(Ljava/lang/String;)Ljava/lang/AbstractStringBuilder; @ 1 c2
Event: 0.843 Thread 0x00000243e3c365f0 DEOPT PACKING pc=0x00000243f45cf8a4 sp=0x000000e9110fcf30
Event: 0.843 Thread 0x00000243e3c365f0 DEOPT UNPACKING pc=0x00000243f40423a3 sp=0x000000e9110fceb0 mode 2
Event: 0.853 Thread 0x00000243e3c365f0 Uncommon trap: trap_request=0xffffffde fr.pc=0x00000243f45cbefc relative=0x000000000000007c
Event: 0.853 Thread 0x00000243e3c365f0 Uncommon trap: reason=class_check action=maybe_recompile pc=0x00000243f45cbefc method=java.util.AbstractList$Itr.hasNext()Z @ 8 c2
Event: 0.853 Thread 0x00000243e3c365f0 DEOPT PACKING pc=0x00000243f45cbefc sp=0x000000e9110fc8e0
Event: 0.853 Thread 0x00000243e3c365f0 DEOPT UNPACKING pc=0x00000243f40423a3 sp=0x000000e9110fc878 mode 2
Event: 0.878 Thread 0x00000243e3c365f0 Uncommon trap: trap_request=0xffffffde fr.pc=0x00000243f45cbefc relative=0x000000000000007c
Event: 0.878 Thread 0x00000243e3c365f0 Uncommon trap: reason=class_check action=maybe_recompile pc=0x00000243f45cbefc method=java.util.AbstractList$Itr.hasNext()Z @ 8 c2
Event: 0.878 Thread 0x00000243e3c365f0 DEOPT PACKING pc=0x00000243f45cbefc sp=0x000000e9110fc080
Event: 0.878 Thread 0x00000243e3c365f0 DEOPT UNPACKING pc=0x00000243f40423a3 sp=0x000000e9110fc018 mode 2

Classes unloaded (0 events):
No events

Classes redefined (0 events):
No events

Internal exceptions (20 events):
Event: 0.101 Thread 0x00000243e3c365f0 Exception <a 'java/lang/NoSuchMethodError'{0x00000000ffc19858}: 'int java.lang.invoke.DirectMethodHandle$Holder.invokeStaticInit(java.lang.Object, java.lang.Object)'> (0x00000000ffc19858) 
thrown [s\open\src\hotspot\share\interpreter\linkResolver.cpp, line 759]
Event: 0.459 Thread 0x00000243e3c365f0 Exception <a 'java/lang/NoSuchMethodError'{0x00000000ff2156f0}: 'java.lang.Object java.lang.invoke.DirectMethodHandle$Holder.invokeStaticInit(java.lang.Object)'> (0x00000000ff2156f0) 
thrown [s\open\src\hotspot\share\interpreter\linkResolver.cpp, line 759]
Event: 0.466 Thread 0x00000243e3c365f0 Exception <a 'java/lang/NoSuchMethodError'{0x00000000ff2303b8}: 'int java.lang.invoke.DirectMethodHandle$Holder.invokeSpecial(java.lang.Object, java.lang.Object, java.lang.Object)'> (0x00000000ff2303b8) 
thrown [s\open\src\hotspot\share\interpreter\linkResolver.cpp, line 759]
Event: 0.469 Thread 0x00000243e3c365f0 Exception <a 'java/lang/NoSuchMethodError'{0x00000000ff26d048}: 'void java.lang.invoke.DirectMethodHandle$Holder.invokeStatic(java.lang.Object, java.lang.Object)'> (0x00000000ff26d048) 
thrown [s\open\src\hotspot\share\interpreter\linkResolver.cpp, line 759]
Event: 0.470 Thread 0x00000243e3c365f0 Implicit null exception at 0x00000243f45f4d8f to 0x00000243f45f52ec
Event: 0.470 Thread 0x00000243e3c365f0 Implicit null exception at 0x00000243f45d1c8f to 0x00000243f45d21f0
Event: 0.484 Thread 0x00000243e3c365f0 Exception <a 'java/lang/NoClassDefFoundError'{0x00000000ff2ec600}: org/slf4j/impl/StaticMarkerBinder> (0x00000000ff2ec600) 
thrown [s\open\src\hotspot\share\classfile\systemDictionary.cpp, line 245]
Event: 0.511 Thread 0x00000243e3c365f0 Exception <a 'java/lang/NoSuchMethodError'{0x00000000ff018738}: 'java.lang.Object java.lang.invoke.Invokers$Holder.invoker(java.lang.Object, java.lang.Object, java.lang.Object)'> (0x00000000ff018738) 
thrown [s\open\src\hotspot\share\interpreter\linkResolver.cpp, line 759]
Event: 0.512 Thread 0x00000243e3c365f0 Exception <a 'java/lang/NoSuchMethodError'{0x00000000ff021890}: 'java.lang.Object java.lang.invoke.DirectMethodHandle$Holder.invokeStatic(java.lang.Object, java.lang.Object, int)'> (0x00000000ff021890) 
thrown [s\open\src\hotspot\share\interpreter\linkResolver.cpp, line 759]
Event: 0.513 Thread 0x00000243e3c365f0 Exception <a 'java/lang/NoSuchMethodError'{0x00000000ff02d580}: 'void java.lang.invoke.DelegatingMethodHandle$Holder.delegate(java.lang.Object, java.lang.Object, int, java.lang.Object)'> (0x00000000ff02d580) 
thrown [s\open\src\hotspot\share\interpreter\linkResolver.cpp, line 759]
Event: 0.516 Thread 0x00000243e3c365f0 Exception <a 'java/lang/NoSuchMethodError'{0x00000000ff040bc8}: 'java.lang.Object java.lang.invoke.Invokers$Holder.invokeExact_MT(java.lang.Object, java.lang.Object, java.lang.Object, java.lang.Object)'> (0x00000000ff040bc8) 
thrown [s\open\src\hotspot\share\interpreter\linkResolver.cpp, line 759]
Event: 0.521 Thread 0x00000243e3c365f0 Exception <a 'java/lang/NoSuchMethodError'{0x00000000ff06c068}: 'java.lang.Object java.lang.invoke.DirectMethodHandle$Holder.invokeVirtual(java.lang.Object, java.lang.Object, java.lang.Object)'> (0x00000000ff06c068) 
thrown [s\open\src\hotspot\share\interpreter\linkResolver.cpp, line 759]
Event: 0.587 Thread 0x00000243e3c365f0 Exception <a 'java/lang/NoSuchMethodError'{0x00000000fec935a8}: 'java.lang.Object java.lang.invoke.DirectMethodHandle$Holder.newInvokeSpecial(java.lang.Object, java.lang.Object, java.lang.Object, java.lang.Object, java.lang.Object)'> (0x00000000fec935a8) 
thrown [s\open\src\hotspot\share\interpreter\linkResolver.cpp, line 759]
Event: 0.605 Thread 0x00000243e3c365f0 Exception <a 'java/lang/NoSuchMethodError'{0x00000000febb9c28}: 'void java.lang.invoke.DirectMethodHandle$Holder.invokeSpecial(java.lang.Object, java.lang.Object, java.lang.Object)'> (0x00000000febb9c28) 
thrown [s\open\src\hotspot\share\interpreter\linkResolver.cpp, line 759]
Event: 0.685 Thread 0x00000243e3c365f0 Exception <a 'java/lang/NoSuchMethodError'{0x00000000fe9d13b0}: 'void java.lang.invoke.DirectMethodHandle$Holder.invokeStatic(java.lang.Object, java.lang.Object, java.lang.Object)'> (0x00000000fe9d13b0) 
thrown [s\open\src\hotspot\share\interpreter\linkResolver.cpp, line 759]
Event: 0.716 Thread 0x00000243e3c365f0 Exception <a 'java/lang/NoSuchMethodError'{0x00000000fe3ff100}: 'java.lang.Object java.lang.invoke.DirectMethodHandle$Holder.newInvokeSpecial(java.lang.Object, java.lang.Object, java.lang.Object, java.lang.Object, java.lang.Object, java.lang.Object, java.lang.Object, java.lang.Object, java.lang.Object, java.lang.Object, java.lang.Object, java.lang.Object, java.lang.Object, java.lang.Object, java.lang.Object, java.lang.Object, java.lang.Object, java.lang.Object, java.lang.Object, java.lang.Object, java.lang
Event: 0.717 Thread 0x00000243e3c365f0 Exception <a 'java/lang/NoSuchMethodError'{0x00000000fe20bcf0}: 'java.lang.Object java.lang.invoke.Invokers$Holder.linkToTargetMethod(java.lang.Object, java.lang.Object, java.lang.Object, java.lang.Object, java.lang.Object, java.lang.Object, java.lang.Object, java.lang.Object, java.lang.Object, java.lang.Object, java.lang.Object, java.lang.Object, java.lang.Object, java.lang.Object, java.lang.Object, java.lang.Object, java.lang.Object, java.lang.Object, java.lang.Object, java.lang.Object, java.lang.Object,
Event: 0.750 Thread 0x00000243e3c365f0 Exception <a 'java/lang/NoSuchMethodError'{0x00000000fe0692e8}: 'java.lang.Object java.lang.invoke.DirectMethodHandle$Holder.invokeStaticInit(java.lang.Object, int, int, int, int)'> (0x00000000fe0692e8) 
thrown [s\open\src\hotspot\share\interpreter\linkResolver.cpp, line 759]
Event: 0.821 Thread 0x00000243e3c365f0 Exception <a 'java/lang/NoSuchMethodError'{0x00000000fdf9c598}: 'java.lang.Object java.lang.invoke.DirectMethodHandle$Holder.invokeStaticInit(java.lang.Object, java.lang.Object, int, int, int, int)'> (0x00000000fdf9c598) 
thrown [s\open\src\hotspot\share\interpreter\linkResolver.cpp, line 759]
Event: 0.843 Thread 0x00000243e3c365f0 Implicit null exception at 0x00000243f45cf272 to 0x00000243f45cf88c

VM Operations (20 events):
Event: 0.255 Executing VM operation: G1CollectForAllocation
Event: 0.258 Executing VM operation: G1CollectForAllocation done
Event: 0.469 Executing VM operation: HandshakeAllThreads
Event: 0.469 Executing VM operation: HandshakeAllThreads done
Event: 0.480 Executing VM operation: HandshakeAllThreads
Event: 0.480 Executing VM operation: HandshakeAllThreads done
Event: 0.480 Executing VM operation: HandshakeAllThreads
Event: 0.480 Executing VM operation: HandshakeAllThreads done
Event: 0.511 Executing VM operation: HandshakeAllThreads
Event: 0.511 Executing VM operation: HandshakeAllThreads done
Event: 0.632 Executing VM operation: HandshakeAllThreads
Event: 0.632 Executing VM operation: HandshakeAllThreads done
Event: 0.682 Executing VM operation: HandshakeAllThreads
Event: 0.682 Executing VM operation: HandshakeAllThreads done
Event: 0.814 Executing VM operation: HandshakeAllThreads
Event: 0.814 Executing VM operation: HandshakeAllThreads done
Event: 0.832 Executing VM operation: G1CollectForAllocation
Event: 0.836 Executing VM operation: G1CollectForAllocation done
Event: 0.857 Executing VM operation: HandshakeAllThreads
Event: 0.857 Executing VM operation: HandshakeAllThreads done

Events (20 events):
Event: 0.877 loading class sun/security/provider/certpath/ldap/JdkLDAP
Event: 0.878 loading class sun/security/provider/certpath/ldap/JdkLDAP done
Event: 0.878 loading class sun/security/provider/certpath/ldap/JdkLDAP$ProviderService
Event: 0.878 loading class sun/security/provider/certpath/ldap/JdkLDAP$ProviderService done
Event: 0.879 loading class sun/nio/ch/ServerSocketChannelImpl
Event: 0.879 loading class sun/nio/ch/ServerSocketChannelImpl done
Event: 0.881 loading class sun/nio/ch/Util$BufferCache
Event: 0.881 loading class sun/nio/ch/Util$BufferCache done
Event: 0.882 loading class sun/nio/ch/IOStatus
Event: 0.882 loading class sun/nio/ch/IOStatus done
Event: 0.882 loading class java/nio/BufferMismatch
Event: 0.882 loading class java/nio/BufferMismatch done
Event: 0.882 loading class sun/nio/ch/SourceChannelImpl
Event: 0.882 loading class java/nio/channels/Pipe$SourceChannel
Event: 0.882 loading class java/nio/channels/Pipe$SourceChannel done
Event: 0.882 loading class sun/nio/ch/SourceChannelImpl done
Event: 0.882 loading class sun/nio/ch/SinkChannelImpl
Event: 0.882 loading class java/nio/channels/Pipe$SinkChannel
Event: 0.882 loading class java/nio/channels/Pipe$SinkChannel done
Event: 0.882 loading class sun/nio/ch/SinkChannelImpl done


Dynamic libraries:
0x00007ff72d080000 - 0x00007ff72d090000 	C:\Program Files\Java\jdk-17\bin\java.exe
0x00007ff821740000 - 0x00007ff8219a8000 	C:\WINDOWS\SYSTEM32\ntdll.dll
0x00007ff820470000 - 0x00007ff820539000 	C:\WINDOWS\System32\KERNEL32.DLL
0x00007ff81ef00000 - 0x00007ff81f2ed000 	C:\WINDOWS\System32\KERNELBASE.dll
0x00007ff81f2f0000 - 0x00007ff81f43b000 	C:\WINDOWS\System32\ucrtbase.dll
0x00007fffe35f0000 - 0x00007fffe3609000 	C:\Program Files\Java\jdk-17\bin\jli.dll
0x00007ffff4b30000 - 0x00007ffff4b4b000 	C:\Program Files\Java\jdk-17\bin\VCRUNTIME140.dll
0x00007ff8200e0000 - 0x00007ff820194000 	C:\WINDOWS\System32\ADVAPI32.dll
0x00007ff820e50000 - 0x00007ff820ef9000 	C:\WINDOWS\System32\msvcrt.dll
0x00007ff820b40000 - 0x00007ff820be6000 	C:\WINDOWS\System32\sechost.dll
0x00007ff81f4f0000 - 0x00007ff81f608000 	C:\WINDOWS\System32\RPCRT4.dll
0x00007ff820fb0000 - 0x00007ff82117c000 	C:\WINDOWS\System32\USER32.dll
0x00007ff81e940000 - 0x00007ff81e967000 	C:\WINDOWS\System32\win32u.dll
0x00007ff8215a0000 - 0x00007ff8215cb000 	C:\WINDOWS\System32\GDI32.dll
0x00007ff81ec70000 - 0x00007ff81eda7000 	C:\WINDOWS\System32\gdi32full.dll
0x00007ff80ad00000 - 0x00007ff80af9a000 	C:\WINDOWS\WinSxS\amd64_microsoft.windows.common-controls_6595b64144ccf1df_6.0.26100.4484_none_3e0e6d4ce32ef3b3\COMCTL32.dll
0x00007ff81e890000 - 0x00007ff81e933000 	C:\WINDOWS\System32\msvcp_win.dll
0x00007ff8188c0000 - 0x00007ff8188cb000 	C:\WINDOWS\SYSTEM32\VERSION.dll
0x00007ff820f70000 - 0x00007ff820f9f000 	C:\WINDOWS\System32\IMM32.DLL
0x00007ff8009f0000 - 0x00007ff8009fc000 	C:\Program Files\Java\jdk-17\bin\vcruntime140_1.dll
0x00007fff88e50000 - 0x00007fff88ede000 	C:\Program Files\Java\jdk-17\bin\msvcp140.dll
0x00007fff7c8e0000 - 0x00007fff7d4c0000 	C:\Program Files\Java\jdk-17\bin\server\jvm.dll
0x00007ff821600000 - 0x00007ff821608000 	C:\WINDOWS\System32\PSAPI.DLL
0x00007ff8152d0000 - 0x00007ff815305000 	C:\WINDOWS\SYSTEM32\WINMM.dll
0x00007fffee550000 - 0x00007fffee55a000 	C:\WINDOWS\SYSTEM32\WSOCK32.dll
0x00007ff820330000 - 0x00007ff8203a4000 	C:\WINDOWS\System32\WS2_32.dll
0x00007ff81d630000 - 0x00007ff81d64b000 	C:\WINDOWS\SYSTEM32\kernel.appcore.dll
0x00007fffe4560000 - 0x00007fffe456a000 	C:\Program Files\Java\jdk-17\bin\jimage.dll
0x00007ff8146f0000 - 0x00007ff814931000 	C:\WINDOWS\SYSTEM32\DBGHELP.DLL
0x00007ff821200000 - 0x00007ff821586000 	C:\WINDOWS\System32\combase.dll
0x00007ff821610000 - 0x00007ff8216f0000 	C:\WINDOWS\System32\OLEAUT32.dll
0x00007ffff7d20000 - 0x00007ffff7d63000 	C:\WINDOWS\SYSTEM32\dbgcore.DLL
0x00007ff81f440000 - 0x00007ff81f4d9000 	C:\WINDOWS\System32\bcryptPrimitives.dll
0x00007fffb5ed0000 - 0x00007fffb5ef5000 	C:\Program Files\Java\jdk-17\bin\java.dll
0x00007fff88d70000 - 0x00007fff88e47000 	C:\Program Files\Java\jdk-17\bin\jsvml.dll
0x00007ff81f710000 - 0x00007ff81fe5a000 	C:\WINDOWS\System32\SHELL32.dll
0x00007ff81eaf0000 - 0x00007ff81ec64000 	C:\WINDOWS\System32\wintypes.dll
0x00007ff81c510000 - 0x00007ff81cd6b000 	C:\WINDOWS\SYSTEM32\windows.storage.dll
0x00007ff8201a0000 - 0x00007ff820295000 	C:\WINDOWS\System32\SHCORE.dll
0x00007ff820f00000 - 0x00007ff820f6a000 	C:\WINDOWS\System32\shlwapi.dll
0x00007ff81e770000 - 0x00007ff81e79f000 	C:\WINDOWS\SYSTEM32\profapi.dll
0x00007fffb5eb0000 - 0x00007fffb5ec9000 	C:\Program Files\Java\jdk-17\bin\net.dll
0x00007ff818340000 - 0x00007ff81845e000 	C:\WINDOWS\SYSTEM32\WINHTTP.dll
0x0000000180000000 - 0x000000018008c000 	C:\WINDOWS\system32\ASProxy64.dll
0x00007ff820bf0000 - 0x00007ff820d8e000 	C:\WINDOWS\System32\ole32.dll
0x00007ff81dbc0000 - 0x00007ff81dc2a000 	C:\WINDOWS\SYSTEM32\MSWSOCK.dll
0x00007ff81d060000 - 0x00007ff81d093000 	C:\WINDOWS\SYSTEM32\IPHLPAPI.DLL
0x00007ff81d8e0000 - 0x00007ff81d929000 	C:\WINDOWS\SYSTEM32\SspiCli.dll
0x00007fffb5c10000 - 0x00007fffb5c26000 	C:\Program Files\Java\jdk-17\bin\nio.dll
0x00007fffb5bf0000 - 0x00007fffb5c08000 	C:\Program Files\Java\jdk-17\bin\zip.dll
0x00007ff81bad0000 - 0x00007ff81bb7f000 	C:\WINDOWS\system32\uxtheme.dll
0x00007fffba1e0000 - 0x00007fffba1f0000 	C:\Program Files\Java\jdk-17\bin\verify.dll
0x00007fffbb020000 - 0x00007fffbb02a000 	C:\Program Files\Java\jdk-17\bin\management.dll
0x00007fffbaa10000 - 0x00007fffbaa1b000 	C:\Program Files\Java\jdk-17\bin\management_ext.dll
0x00007fffa2e00000 - 0x00007fffa2e27000 	C:\Users\Success\.gradle\native\1def1411415f61bf3af743bc5b6707747c0891f09f0c88961ee8f79bc544acac\windows-amd64\native-platform.dll
0x00007ff817e30000 - 0x00007ff817e3a000 	C:\Users\Success\.gradle\native\jansi\1.18\windows64\jansi.dll
0x00007ff81f4e0000 - 0x00007ff81f4ea000 	C:\WINDOWS\System32\NSI.dll
0x00007ff818310000 - 0x00007ff81832f000 	C:\WINDOWS\SYSTEM32\dhcpcsvc6.DLL
0x00007ff8182e0000 - 0x00007ff818305000 	C:\WINDOWS\SYSTEM32\dhcpcsvc.DLL
0x00007ff81d0a0000 - 0x00007ff81d1c6000 	C:\WINDOWS\SYSTEM32\DNSAPI.dll
0x00007ff81de70000 - 0x00007ff81de8b000 	C:\WINDOWS\SYSTEM32\CRYPTSP.dll
0x00007ff81d590000 - 0x00007ff81d5cb000 	C:\WINDOWS\system32\rsaenh.dll
0x00007ff81dc60000 - 0x00007ff81dc8b000 	C:\WINDOWS\SYSTEM32\USERENV.dll
0x00007ff81e7b0000 - 0x00007ff81e7d6000 	C:\WINDOWS\SYSTEM32\bcrypt.dll
0x00007ff81de90000 - 0x00007ff81de9c000 	C:\WINDOWS\SYSTEM32\CRYPTBASE.dll
0x00007fffba210000 - 0x00007fffba21e000 	C:\Program Files\Java\jdk-17\bin\sunmscapi.dll
0x00007ff81e970000 - 0x00007ff81eae7000 	C:\WINDOWS\System32\CRYPT32.dll
0x00007ff81e090000 - 0x00007ff81e0c0000 	C:\WINDOWS\SYSTEM32\ncrypt.dll
0x00007ff81e040000 - 0x00007ff81e07f000 	C:\WINDOWS\SYSTEM32\NTASN1.dll
0x00007fffec6e0000 - 0x00007fffec6e8000 	C:\WINDOWS\system32\wshunix.dll

dbghelp: loaded successfully - version: 4.0.5 - missing functions: none
symbol engine: initialized successfully - sym options: 0x614 - pdb path: .;C:\Program Files\Java\jdk-17\bin;C:\WINDOWS\SYSTEM32;C:\WINDOWS\WinSxS\amd64_microsoft.windows.common-controls_6595b64144ccf1df_6.0.26100.4484_none_3e0e6d4ce32ef3b3;C:\Program Files\Java\jdk-17\bin\server;C:\Users\Success\.gradle\native\1def1411415f61bf3af743bc5b6707747c0891f09f0c88961ee8f79bc544acac\windows-amd64;C:\Users\Success\.gradle\native\jansi\1.18\windows64

VM Arguments:
jvm_args: -Xmx64m -Xms64m -Dorg.gradle.appname=gradlew 
java_command: org.gradle.wrapper.GradleWrapperMain installDebug
java_class_path (initial): E:\Software\Mobile\Java\BunnyVideoLibrary\\gradle\wrapper\gradle-wrapper.jar
Launcher Type: SUN_STANDARD

[Global flags]
     intx CICompilerCount                          = 4                                         {product} {ergonomic}
     uint ConcGCThreads                            = 3                                         {product} {ergonomic}
     uint G1ConcRefinementThreads                  = 10                                        {product} {ergonomic}
   size_t G1HeapRegionSize                         = 1048576                                   {product} {ergonomic}
    uintx GCDrainStackTargetSize                   = 64                                        {product} {ergonomic}
   size_t InitialHeapSize                          = 67108864                                  {product} {command line}
   size_t MarkStackSize                            = 4194304                                   {product} {ergonomic}
   size_t MaxHeapSize                              = 67108864                                  {product} {command line}
   size_t MaxNewSize                               = 39845888                                  {product} {ergonomic}
   size_t MinHeapDeltaBytes                        = 1048576                                   {product} {ergonomic}
   size_t MinHeapSize                              = 67108864                                  {product} {command line}
    uintx NonNMethodCodeHeapSize                   = 5839372                                {pd product} {ergonomic}
    uintx NonProfiledCodeHeapSize                  = 122909434                              {pd product} {ergonomic}
    uintx ProfiledCodeHeapSize                     = 122909434                              {pd product} {ergonomic}
    uintx ReservedCodeCacheSize                    = 251658240                              {pd product} {ergonomic}
     bool SegmentedCodeCache                       = true                                      {product} {ergonomic}
   size_t SoftMaxHeapSize                          = 67108864                               {manageable} {ergonomic}
     bool UseCompressedClassPointers               = true                           {product lp64_product} {ergonomic}
     bool UseCompressedOops                        = true                           {product lp64_product} {ergonomic}
     bool UseG1GC                                  = true                                      {product} {ergonomic}
     bool UseLargePagesIndividualAllocation        = false                                  {pd product} {ergonomic}

Logging:
Log output configuration:
 #0: stdout all=warning uptime,level,tags
 #1: stderr all=off uptime,level,tags

Environment Variables:
CLASSPATH=E:\Software\Mobile\Java\BunnyVideoLibrary\\gradle\wrapper\gradle-wrapper.jar
PATH=C:\Program Files\Common Files\Oracle\Java\javapath;c:\Users\Success\AppData\Local\Programs\cursor\resources\app\bin;C:\WINDOWS\system32;C:\WINDOWS;C:\WINDOWS\System32\Wbem;C:\WINDOWS\System32\WindowsPowerShell\v1.0\;C:\WINDOWS\System32\OpenSSH\;C:\Program Files\Git\cmd;C:\Users\Success\AppData\Roaming\nvm;C:\Program Files\nodejs;C:\Program Files\Microsoft SQL Server\150\Tools\Binn\;C:\Program Files\Microsoft SQL Server\Client SDK\ODBC\170\Tools\Binn\;C:\Program Files\dotnet\;C:\Users\Success\AppData\Local\Programs\Python\Python311\Scripts\;C:\Users\Success\AppData\Local\Programs\Python\Python311\;C:\Users\Success\AppData\Local\Microsoft\WindowsApps;C:\Users\Success\AppData\Roaming\nvm;C:\Program Files\nodejs;C:\Users\Success\AppData\Roaming\npm;C:\Users\Success\AppData\Local\Programs\cursor\resources\app\bin;C:\Users\Success\.dotnet\tools;c:\Users\Success\AppData\Local\Programs\cursor\resources\app\bin;C:\Program Files\nodejs\;C:\Users\Success\AppData\Local\Android\Sdk\emulator;C:\Users\Success\AppData\Local\Programs\Python\Python311\Scripts\;C:\Users\Success\AppData\Local\Programs\Python\Python311\;C:\Users\Success\AppData\Local\Microsoft\WindowsApps;C:\Users\Success\AppData\Roaming\nvm;C:\Program Files\nodejs;C:\Users\Success\AppData\Local\Programs\cursor\resources\app\bin;C:\Users\Success\AppData\Local\Programs\Microsoft VS Code\bin;C:\Users\Success\.dotnet\tools;C:\Users\Success\AppData\Roaming\npm;C:\Users\Success\AppData\Local\Android\Sdk\emulator;
USERNAME=Success
LANG=en_US.UTF-8
OS=Windows_NT
PROCESSOR_IDENTIFIER=Intel64 Family 6 Model 158 Stepping 10, GenuineIntel



---------------  S Y S T E M  ---------------

OS:
 Windows 11 , 64 bit Build 26100 (10.0.26100.4484)
OS uptime: 0 days 0:17 hours

CPU: total 12 (initial active 12) (6 cores per cpu, 2 threads per core) family 6 model 158 stepping 10 microcode 0xde, cx8, cmov, fxsr, ht, mmx, 3dnowpref, sse, sse2, sse3, ssse3, sse4.1, sse4.2, popcnt, lzcnt, tsc, tscinvbit, avx, avx2, aes, erms, clmul, bmi1, bmi2, rtm, adx, fma, vzeroupper, clflush, clflushopt

Memory: 4k page, system-wide physical 32564M (16210M free)
TotalPageFile size 34612M (AvailPageFile size 15969M)
current process WorkingSet (physical memory assigned to process): 116M, peak: 116M
current process commit charge ("private bytes"): 179M, peak: 179M

vm_info: Java HotSpot(TM) 64-Bit Server VM (17.0.12+8-LTS-286) for windows-amd64 JRE (17.0.12+8-LTS-286), built on Jun  5 2024 06:46:59 by "mach5one" with MS VC++ 17.6 (VS2022)

END.
