#
# A fatal error has been detected by the Java Runtime Environment:
#
#  EXCEPTION_ACCESS_VIOLATION (0xc0000005) at pc=0x000000018000c274, pid=3376, tid=20288
#
# JRE version: Java(TM) SE Runtime Environment (17.0.12+8) (build 17.0.12+8-LTS-286)
# Java VM: Java HotSpot(TM) 64-Bit Server VM (17.0.12+8-LTS-286, mixed mode, sharing, tiered, compressed oops, compressed class ptrs, g1 gc, windows-amd64)
# Problematic frame:
# C  [ASProxy64.dll+0xc274]
#
# No core dump will be written. Minidumps are not enabled by default on client versions of Windows
#
# If you would like to submit a bug report, please visit:
#   https://bugreport.java.com/bugreport/crash.jsp
# The crash happened outside the Java Virtual Machine in native code.
# See problematic frame for where to report the bug.
#

---------------  S U M M A R Y ------------

Command Line: -Xmx64m -Xms64m -Dorg.gradle.appname=gradlew org.gradle.wrapper.GradleWrapperMain clean build

Host: Intel(R) Core(TM) i7-8700 CPU @ 3.20GHz, 12 cores, 31G,  Windows 11 , 64 bit Build 26100 (10.0.26100.4484)
Time: Mon Jul 21 00:56:45 2025 FLE Daylight Time elapsed time: 2.705350 seconds (0d 0h 0m 2s)

---------------  T H R E A D  ---------------

Current thread (0x00000227f0ae4900):  JavaThread "main" [_thread_in_native, id=20288, stack(0x00000069eeb00000,0x00000069eec00000)]

Stack: [0x00000069eeb00000,0x00000069eec00000],  sp=0x00000069eebfcf60,  free space=1011k
Native frames: (J=compiled Java code, j=interpreted, Vv=VM code, C=native code)
C  [ASProxy64.dll+0xc274]

Java frames: (J=compiled Java code, j=interpreted, Vv=VM code)
j  sun.nio.ch.WEPoll.ctl(JIJI)I+0 java.base@17.0.12
j  sun.nio.ch.WEPollSelectorImpl.<init>(Ljava/nio/channels/spi/SelectorProvider;)V+138 java.base@17.0.12
j  sun.nio.ch.WEPollSelectorProvider.openSelector()Ljava/nio/channels/spi/AbstractSelector;+5 java.base@17.0.12
j  java.nio.channels.Selector.open()Ljava/nio/channels/Selector;+3 java.base@17.0.12
j  org.gradle.internal.remote.internal.inet.SocketConnection$SocketInputStream.<init>(Ljava/nio/channels/SocketChannel;)V+17
j  org.gradle.internal.remote.internal.inet.SocketConnection.<init>(Ljava/nio/channels/SocketChannel;Lorg/gradle/internal/remote/internal/MessageSerializer;Lorg/gradle/internal/serialize/StatefulSerializer;)V+27
j  org.gradle.internal.remote.internal.inet.SocketConnectCompletion.create(Lorg/gradle/internal/serialize/StatefulSerializer;)Lorg/gradle/internal/remote/internal/RemoteConnection;+16
j  org.gradle.launcher.daemon.client.DefaultDaemonConnector.connectToDaemon(Lorg/gradle/launcher/daemon/context/DaemonConnectDetails;Lorg/gradle/launcher/daemon/client/DaemonClientConnection$StaleAddressDetector;)Lorg/gradle/launcher/daemon/client/DaemonClientConnection;+45
j  org.gradle.launcher.daemon.client.DefaultDaemonConnector.connectToDaemonWithId(Lorg/gradle/launcher/daemon/diagnostics/DaemonStartupInfo;Lorg/gradle/api/internal/specs/ExplainingSpec;)Lorg/gradle/launcher/daemon/client/DaemonClientConnection;+116
j  org.gradle.launcher.daemon.client.DefaultDaemonConnector.doStartDaemon(Lorg/gradle/api/internal/specs/ExplainingSpec;Z)Lorg/gradle/launcher/daemon/client/DaemonClientConnection;+61
j  org.gradle.launcher.daemon.client.DefaultDaemonConnector.startDaemon(Lorg/gradle/api/internal/specs/ExplainingSpec;)Lorg/gradle/launcher/daemon/client/DaemonClientConnection;+3
j  org.gradle.launcher.daemon.client.DaemonClient.execute(Lorg/gradle/internal/invocation/BuildAction;Lorg/gradle/launcher/exec/BuildActionParameters;Lorg/gradle/internal/daemon/client/execution/ClientBuildRequestContext;)Lorg/gradle/launcher/exec/BuildActionResult;+201
j  org.gradle.launcher.daemon.client.DaemonClient.execute(Lorg/gradle/internal/invocation/BuildAction;Ljava/lang/Object;Ljava/lang/Object;)Lorg/gradle/launcher/exec/BuildActionResult;+10
j  org.gradle.launcher.cli.RunBuildAction.run()V+67
j  org.gradle.internal.Actions$RunnableActionAdapter.execute(Ljava/lang/Object;)V+4
j  org.gradle.launcher.cli.DefaultCommandLineActionFactory$ParseAndBuildAction.execute(Lorg/gradle/launcher/bootstrap/ExecutionListener;)V+129
j  org.gradle.launcher.cli.DefaultCommandLineActionFactory$ParseAndBuildAction.execute(Ljava/lang/Object;)V+5
j  org.gradle.launcher.cli.DebugLoggerWarningAction.execute(Lorg/gradle/launcher/bootstrap/ExecutionListener;)V+9
j  org.gradle.launcher.cli.DebugLoggerWarningAction.execute(Ljava/lang/Object;)V+5
j  org.gradle.launcher.cli.WelcomeMessageAction.execute(Lorg/gradle/launcher/bootstrap/ExecutionListener;)V+218
j  org.gradle.launcher.cli.WelcomeMessageAction.execute(Ljava/lang/Object;)V+5
j  org.gradle.launcher.cli.NativeServicesInitializingAction.execute(Lorg/gradle/launcher/bootstrap/ExecutionListener;)V+38
j  org.gradle.launcher.cli.NativeServicesInitializingAction.execute(Ljava/lang/Object;)V+5
j  org.gradle.launcher.cli.ExceptionReportingAction.execute(Lorg/gradle/launcher/bootstrap/ExecutionListener;)V+5
j  org.gradle.launcher.cli.ExceptionReportingAction.execute(Ljava/lang/Object;)V+5
j  org.gradle.launcher.cli.DefaultCommandLineActionFactory$WithLogging.execute(Lorg/gradle/launcher/bootstrap/ExecutionListener;)V+309
j  org.gradle.launcher.Main.doAction([Ljava/lang/String;Lorg/gradle/launcher/bootstrap/ExecutionListener;)V+14
j  org.gradle.launcher.bootstrap.EntryPoint.run([Ljava/lang/String;)V+12
v  ~StubRoutines::call_stub
j  jdk.internal.reflect.NativeMethodAccessorImpl.invoke0(Ljava/lang/reflect/Method;Ljava/lang/Object;[Ljava/lang/Object;)Ljava/lang/Object;+0 java.base@17.0.12
j  jdk.internal.reflect.NativeMethodAccessorImpl.invoke(Ljava/lang/Object;[Ljava/lang/Object;)Ljava/lang/Object;+133 java.base@17.0.12
j  jdk.internal.reflect.DelegatingMethodAccessorImpl.invoke(Ljava/lang/Object;[Ljava/lang/Object;)Ljava/lang/Object;+6 java.base@17.0.12
j  java.lang.reflect.Method.invoke(Ljava/lang/Object;[Ljava/lang/Object;)Ljava/lang/Object;+59 java.base@17.0.12
j  org.gradle.launcher.bootstrap.ProcessBootstrap.runNoExit(Ljava/lang/String;Ljava/lang/String;Ljava/lang/String;[Ljava/lang/String;)V+205
j  org.gradle.launcher.bootstrap.ProcessBootstrap.run(Ljava/lang/String;Ljava/lang/String;Ljava/lang/String;[Ljava/lang/String;)V+4
j  org.gradle.launcher.GradleMain.main([Ljava/lang/String;)V+68
v  ~StubRoutines::call_stub
j  jdk.internal.reflect.NativeMethodAccessorImpl.invoke0(Ljava/lang/reflect/Method;Ljava/lang/Object;[Ljava/lang/Object;)Ljava/lang/Object;+0 java.base@17.0.12
j  jdk.internal.reflect.NativeMethodAccessorImpl.invoke(Ljava/lang/Object;[Ljava/lang/Object;)Ljava/lang/Object;+133 java.base@17.0.12
j  jdk.internal.reflect.DelegatingMethodAccessorImpl.invoke(Ljava/lang/Object;[Ljava/lang/Object;)Ljava/lang/Object;+6 java.base@17.0.12
j  java.lang.reflect.Method.invoke(Ljava/lang/Object;[Ljava/lang/Object;)Ljava/lang/Object;+59 java.base@17.0.12
j  org.gradle.wrapper.BootstrapMainStarter.start([Ljava/lang/String;Ljava/io/File;)V+105
j  org.gradle.wrapper.WrapperExecutor.execute([Ljava/lang/String;Lorg/gradle/wrapper/Install;Lorg/gradle/wrapper/BootstrapMainStarter;)V+14
j  org.gradle.wrapper.GradleWrapperMain.main([Ljava/lang/String;)V+187
v  ~StubRoutines::call_stub

siginfo: EXCEPTION_ACCESS_VIOLATION (0xc0000005), reading address 0x0000000000000940


Registers:
RAX=0x0000000000000000, RBX=0x00000227d5b42098, RCX=0x0000000000000968, RDX=0x0000000000000002
RSP=0x00000069eebfcf60, RBP=0x0000000000000940, RSI=0x00000227d640dcb0, RDI=0x0000000000000940
R8 =0x7ffffffffffffffc, R9 =0x0000000000000000, R10=0x0000000000000968, R11=0x00000227f0ad40c0
R12=0x00000069eebfd1a0, R13=0x000000000000091c, R14=0x00000227d640dc80, R15=0x000000000000091c
RIP=0x000000018000c274, EFLAGS=0x0000000000010246


Register to memory mapping:

RIP=0x000000018000c274 ASProxy64.dll
RAX=0x0 is NULL
RBX=0x00000227d5b42098 points into unknown readable memory: 0x0000000000000000 | 00 00 00 00 00 00 00 00
RCX=0x0000000000000968 is an unknown value
RDX=0x0000000000000002 is an unknown value
RSP=0x00000069eebfcf60 is pointing into the stack for thread: 0x00000227f0ae4900
RBP=0x0000000000000940 is an unknown value
RSI=0x00000227d640dcb0 points into unknown readable memory: 0x00000227d640dcb0 | b0 dc 40 d6 27 02 00 00
RDI=0x0000000000000940 is an unknown value
R8 =0x7ffffffffffffffc is an unknown value
R9 =0x0 is NULL
R10=0x0000000000000968 is an unknown value
R11=0x00000227f0ad40c0 points into unknown readable memory: 0x00000000000007d0 | d0 07 00 00 00 00 00 00
R12=0x00000069eebfd1a0 is pointing into the stack for thread: 0x00000227f0ae4900
R13=0x000000000000091c is an unknown value
R14=0x00000227d640dc80 points into unknown readable memory: 0x0000000000000940 | 40 09 00 00 00 00 00 00
R15=0x000000000000091c is an unknown value


Top of Stack: (sp=0x00000069eebfcf60)
0x00000069eebfcf60:   0000000000000000 0000000000000000
0x00000069eebfcf70:   0000000000000940 000000018001f4c2
0x00000069eebfcf80:   0000000180065ec8 0000000000002736
0x00000069eebfcf90:   0000000000000001 0000000000000968
0x00000069eebfcfa0:   0000000000000940 000000018000c506
0x00000069eebfcfb0:   00000227d5b42098 0000000000002736
0x00000069eebfcfc0:   0000000000000000 0000000000000008
0x00000069eebfcfd0:   000000690000001e 0000000000000000
0x00000069eebfcfe0:   0000000000000940 0000000000000000
0x00000069eebfcff0:   0000000000000001 0000000000000000
0x00000069eebfd000:   0000000000000940 00007ffc8a937716
0x00000069eebfd010:   0000000000000968 0000000000000902
0x00000069eebfd020:   00000227d640dcb0 0000000000000000
0x00000069eebfd030:   0000000000000000 0000022700000000
0x00000069eebfd040:   0000000000000003 0000022700000001
0x00000069eebfd050:   0000000000000000 0000000000000000 

Instructions: (pc=0x000000018000c274)
0x000000018000c174:   70 48 8b 6c 24 78 32 c0 48 83 c4 50 41 5c c3 cc
0x000000018000c184:   cc cc cc cc cc cc cc cc cc cc cc cc 48 85 c9 74
0x000000018000c194:   23 8b 05 ad ff 06 00 89 01 8b 05 a9 ff 06 00 89
0x000000018000c1a4:   41 04 8b 05 a4 ff 06 00 89 41 08 8b 05 9f ff 06
0x000000018000c1b4:   00 89 41 0c f3 c3 cc cc cc cc cc cc c6 01 01 c7
0x000000018000c1c4:   02 01 00 00 00 c3 cc cc cc cc cc cc 48 89 5c 24
0x000000018000c1d4:   08 57 48 83 ec 70 48 8b fa 8b d9 48 8d 15 82 73
0x000000018000c1e4:   05 00 48 8d 4c 24 20 45 33 c0 48 c7 44 24 40 0f
0x000000018000c1f4:   00 00 00 48 c7 44 24 38 00 00 00 00 c6 44 24 28
0x000000018000c204:   00 e8 d6 6b ff ff 4c 8d 4c 24 20 48 8d 4c 24 48
0x000000018000c214:   41 b0 01 8b d3 e8 52 06 02 00 48 83 78 20 10 72
0x000000018000c224:   06 48 8b 48 08 eb 05 48 8d 48 08 90 0f b6 01 48
0x000000018000c234:   ff c7 48 ff c1 88 47 ff 84 c0 75 f0 48 83 7c 24
0x000000018000c244:   68 10 72 0a 48 8b 4c 24 50 e8 52 94 03 00 48 8b
0x000000018000c254:   9c 24 80 00 00 00 48 83 c4 70 5f c3 48 83 ec 48
0x000000018000c264:   0f b6 c2 0f 57 c0 0f 11 44 24 ff 25 00 00 00 00
0x000000018000c274:   ae 7e 17 c6 fc 7f 00 00 8b 44 24 04 0f af 04 24
0x000000018000c284:   89 04 24 8b 44 24 04 0f af 04 24 83 c0 01 89 04
0x000000018000c294:   24 8b 44 24 04 0f af 04 24 83 c0 02 89 04 24 8b
0x000000018000c2a4:   44 24 04 0f af 04 24 83 c0 03 89 04 24 8b 44 24
0x000000018000c2b4:   04 0f af 04 24 83 c0 04 89 04 24 8b 44 24 04 0f
0x000000018000c2c4:   af 04 24 83 c0 05 89 04 24 8b 44 24 04 0f af 04
0x000000018000c2d4:   24 83 c0 06 89 04 24 8b 44 24 04 0f af 04 24 83
0x000000018000c2e4:   c0 07 89 04 24 8b 44 24 04 0f af 04 24 83 c0 08
0x000000018000c2f4:   89 04 24 8b 44 24 04 0f af 04 24 83 c0 09 89 04
0x000000018000c304:   24 8b 44 24 04 0f af 04 24 83 c0 0a 89 04 24 8b
0x000000018000c314:   44 24 04 0f af 04 24 83 c0 0b 89 04 24 8b 44 24
0x000000018000c324:   04 0f af 04 24 83 c0 0d 89 04 24 8b 44 24 04 0f
0x000000018000c334:   af 04 24 83 c0 0e 89 04 24 8b 44 24 04 0f af 04
0x000000018000c344:   24 83 c0 0f 89 04 24 8b 44 24 04 0f af 04 24 83
0x000000018000c354:   c0 10 89 04 24 8b 44 24 04 0f af 04 24 83 c0 11
0x000000018000c364:   89 04 24 8b 44 24 04 0f af 04 24 83 c0 12 89 04 


Stack slot to memory mapping:
stack at sp + 0 slots: 0x0 is NULL
stack at sp + 1 slots: 0x0 is NULL
stack at sp + 2 slots: 0x0000000000000940 is an unknown value
stack at sp + 3 slots: 0x000000018001f4c2 ASProxy64.dll
stack at sp + 4 slots: 0x0000000180065ec8 ASProxy64.dll
stack at sp + 5 slots: 0x0000000000002736 is an unknown value
stack at sp + 6 slots: 0x0000000000000001 is an unknown value
stack at sp + 7 slots: 0x0000000000000968 is an unknown value


---------------  P R O C E S S  ---------------

Threads class SMR info:
_java_thread_list=0x00000227d5b418a0, length=14, elements={
0x00000227f0ae4900, 0x00000227f0b9f070, 0x00000227f0b9fb40, 0x00000227fb6c5790,
0x00000227fb6c8070, 0x00000227fb6c94b0, 0x00000227fb6ca8f0, 0x00000227fb6cc470,
0x00000227fb6cd9a0, 0x00000227fb6dae80, 0x00000227d41b47a0, 0x00000227d41b6e40,
0x00000227d5baafb0, 0x00000227d5e32270
}

Java Threads: ( => current thread )
=>0x00000227f0ae4900 JavaThread "main" [_thread_in_native, id=20288, stack(0x00000069eeb00000,0x00000069eec00000)]
  0x00000227f0b9f070 JavaThread "Reference Handler" daemon [_thread_blocked, id=8176, stack(0x00000069ef200000,0x00000069ef300000)]
  0x00000227f0b9fb40 JavaThread "Finalizer" daemon [_thread_blocked, id=25740, stack(0x00000069ef300000,0x00000069ef400000)]
  0x00000227fb6c5790 JavaThread "Signal Dispatcher" daemon [_thread_blocked, id=17580, stack(0x00000069ef400000,0x00000069ef500000)]
  0x00000227fb6c8070 JavaThread "Attach Listener" daemon [_thread_blocked, id=19480, stack(0x00000069ef500000,0x00000069ef600000)]
  0x00000227fb6c94b0 JavaThread "Service Thread" daemon [_thread_blocked, id=24104, stack(0x00000069ef600000,0x00000069ef700000)]
  0x00000227fb6ca8f0 JavaThread "Monitor Deflation Thread" daemon [_thread_blocked, id=21352, stack(0x00000069ef700000,0x00000069ef800000)]
  0x00000227fb6cc470 JavaThread "C2 CompilerThread0" daemon [_thread_blocked, id=5268, stack(0x00000069ef800000,0x00000069ef900000)]
  0x00000227fb6cd9a0 JavaThread "C1 CompilerThread0" daemon [_thread_blocked, id=15740, stack(0x00000069ef900000,0x00000069efa00000)]
  0x00000227fb6dae80 JavaThread "Sweeper thread" daemon [_thread_blocked, id=4516, stack(0x00000069efa00000,0x00000069efb00000)]
  0x00000227d41b47a0 JavaThread "Notification Thread" daemon [_thread_blocked, id=25056, stack(0x00000069efb00000,0x00000069efc00000)]
  0x00000227d41b6e40 JavaThread "Common-Cleaner" daemon [_thread_blocked, id=20196, stack(0x00000069efd00000,0x00000069efe00000)]
  0x00000227d5baafb0 JavaThread "pool-1-thread-1" [_thread_blocked, id=27772, stack(0x00000069f1000000,0x00000069f1100000)]
  0x00000227d5e32270 JavaThread "C2 CompilerThread1" daemon [_thread_blocked, id=21440, stack(0x00000069f0c00000,0x00000069f0d00000)]

Other Threads:
  0x00000227f0b98c40 VMThread "VM Thread" [stack: 0x00000069ef100000,0x00000069ef200000] [id=6440]
  0x00000227f0b10370 WatcherThread [stack: 0x00000069efc00000,0x00000069efd00000] [id=6176]
  0x00000227f0b04830 GCTaskThread "GC Thread#0" [stack: 0x00000069eec00000,0x00000069eed00000] [id=16488]
  0x00000227d504cb60 GCTaskThread "GC Thread#1" [stack: 0x00000069f0d00000,0x00000069f0e00000] [id=14564]
  0x00000227d504ce20 GCTaskThread "GC Thread#2" [stack: 0x00000069f0e00000,0x00000069f0f00000] [id=18032]
  0x00000227d504d0e0 GCTaskThread "GC Thread#3" [stack: 0x00000069f0f00000,0x00000069f1000000] [id=23172]
  0x00000227d504d660 GCTaskThread "GC Thread#4" [stack: 0x00000069f1100000,0x00000069f1200000] [id=9972]
  0x00000227d504c320 GCTaskThread "GC Thread#5" [stack: 0x00000069f1200000,0x00000069f1300000] [id=27268]
  0x00000227d504d920 GCTaskThread "GC Thread#6" [stack: 0x00000069f1300000,0x00000069f1400000] [id=22324]
  0x00000227f0b06ea0 ConcurrentGCThread "G1 Main Marker" [stack: 0x00000069eed00000,0x00000069eee00000] [id=19452]
  0x00000227f0b087d0 ConcurrentGCThread "G1 Conc#0" [stack: 0x00000069eee00000,0x00000069eef00000] [id=17748]
  0x00000227f0b79680 ConcurrentGCThread "G1 Refine#0" [stack: 0x00000069eef00000,0x00000069ef000000] [id=24300]
  0x00000227f0b79fc0 ConcurrentGCThread "G1 Service" [stack: 0x00000069ef000000,0x00000069ef100000] [id=26596]

Threads with active compile tasks:

VM state: not at safepoint (normal execution)

VM Mutex/Monitor currently owned by a thread: None

Heap address: 0x00000000fc000000, size: 64 MB, Compressed Oops mode: 32-bit

CDS archive(s) mapped at: [0x000002278f000000-0x000002278fbd0000-0x000002278fbd0000), size 12386304, SharedBaseAddress: 0x000002278f000000, ArchiveRelocationMode: 1.
Compressed class space mapped at: 0x0000022790000000-0x00000227d0000000, reserved size: 1073741824
Narrow klass base: 0x000002278f000000, Narrow klass shift: 0, Narrow klass range: 0x100000000

GC Precious Log:
 CPUs: 12 total, 12 available
 Memory: 32564M
 Large Page Support: Disabled
 NUMA Support: Disabled
 Compressed Oops: Enabled (32-bit)
 Heap Region Size: 1M
 Heap Min Capacity: 64M
 Heap Initial Capacity: 64M
 Heap Max Capacity: 64M
 Pre-touch: Disabled
 Parallel Workers: 10
 Concurrent Workers: 3
 Concurrent Refinement Workers: 10
 Periodic GC: Disabled

Heap:
 garbage-first heap   total 65536K, used 20262K [0x00000000fc000000, 0x0000000100000000)
  region size 1024K, 15 young (15360K), 5 survivors (5120K)
 Metaspace       used 9497K, committed 9728K, reserved 1114112K
  class space    used 1274K, committed 1408K, reserved 1048576K

Heap Regions: E=young(eden), S=young(survivor), O=old, HS=humongous(starts), HC=humongous(continues), CS=collection set, F=free, OA=open archive, CA=closed archive, TAMS=top-at-mark-start (previous, next)
|   0|0x00000000fc000000, 0x00000000fc100000, 0x00000000fc100000|100%|HS|  |TAMS 0x00000000fc000000, 0x00000000fc000000| Complete 
|   1|0x00000000fc100000, 0x00000000fc200000, 0x00000000fc200000|100%|HC|  |TAMS 0x00000000fc100000, 0x00000000fc100000| Complete 
|   2|0x00000000fc200000, 0x00000000fc300000, 0x00000000fc300000|100%|HC|  |TAMS 0x00000000fc200000, 0x00000000fc200000| Complete 
|   3|0x00000000fc300000, 0x00000000fc400000, 0x00000000fc400000|100%| O|  |TAMS 0x00000000fc300000, 0x00000000fc300000| Untracked 
|   4|0x00000000fc400000, 0x00000000fc500000, 0x00000000fc500000|100%| O|  |TAMS 0x00000000fc400000, 0x00000000fc400000| Untracked 
|   5|0x00000000fc500000, 0x00000000fc5c9800, 0x00000000fc600000| 78%| O|  |TAMS 0x00000000fc500000, 0x00000000fc500000| Untracked 
|   6|0x00000000fc600000, 0x00000000fc600000, 0x00000000fc700000|  0%| F|  |TAMS 0x00000000fc600000, 0x00000000fc600000| Untracked 
|   7|0x00000000fc700000, 0x00000000fc700000, 0x00000000fc800000|  0%| F|  |TAMS 0x00000000fc700000, 0x00000000fc700000| Untracked 
|   8|0x00000000fc800000, 0x00000000fc800000, 0x00000000fc900000|  0%| F|  |TAMS 0x00000000fc800000, 0x00000000fc800000| Untracked 
|   9|0x00000000fc900000, 0x00000000fc900000, 0x00000000fca00000|  0%| F|  |TAMS 0x00000000fc900000, 0x00000000fc900000| Untracked 
|  10|0x00000000fca00000, 0x00000000fca00000, 0x00000000fcb00000|  0%| F|  |TAMS 0x00000000fca00000, 0x00000000fca00000| Untracked 
|  11|0x00000000fcb00000, 0x00000000fcb00000, 0x00000000fcc00000|  0%| F|  |TAMS 0x00000000fcb00000, 0x00000000fcb00000| Untracked 
|  12|0x00000000fcc00000, 0x00000000fcc00000, 0x00000000fcd00000|  0%| F|  |TAMS 0x00000000fcc00000, 0x00000000fcc00000| Untracked 
|  13|0x00000000fcd00000, 0x00000000fcd00000, 0x00000000fce00000|  0%| F|  |TAMS 0x00000000fcd00000, 0x00000000fcd00000| Untracked 
|  14|0x00000000fce00000, 0x00000000fce00000, 0x00000000fcf00000|  0%| F|  |TAMS 0x00000000fce00000, 0x00000000fce00000| Untracked 
|  15|0x00000000fcf00000, 0x00000000fcf00000, 0x00000000fd000000|  0%| F|  |TAMS 0x00000000fcf00000, 0x00000000fcf00000| Untracked 
|  16|0x00000000fd000000, 0x00000000fd000000, 0x00000000fd100000|  0%| F|  |TAMS 0x00000000fd000000, 0x00000000fd000000| Untracked 
|  17|0x00000000fd100000, 0x00000000fd100000, 0x00000000fd200000|  0%| F|  |TAMS 0x00000000fd100000, 0x00000000fd100000| Untracked 
|  18|0x00000000fd200000, 0x00000000fd200000, 0x00000000fd300000|  0%| F|  |TAMS 0x00000000fd200000, 0x00000000fd200000| Untracked 
|  19|0x00000000fd300000, 0x00000000fd300000, 0x00000000fd400000|  0%| F|  |TAMS 0x00000000fd300000, 0x00000000fd300000| Untracked 
|  20|0x00000000fd400000, 0x00000000fd400000, 0x00000000fd500000|  0%| F|  |TAMS 0x00000000fd400000, 0x00000000fd400000| Untracked 
|  21|0x00000000fd500000, 0x00000000fd500000, 0x00000000fd600000|  0%| F|  |TAMS 0x00000000fd500000, 0x00000000fd500000| Untracked 
|  22|0x00000000fd600000, 0x00000000fd600000, 0x00000000fd700000|  0%| F|  |TAMS 0x00000000fd600000, 0x00000000fd600000| Untracked 
|  23|0x00000000fd700000, 0x00000000fd700000, 0x00000000fd800000|  0%| F|  |TAMS 0x00000000fd700000, 0x00000000fd700000| Untracked 
|  24|0x00000000fd800000, 0x00000000fd800000, 0x00000000fd900000|  0%| F|  |TAMS 0x00000000fd800000, 0x00000000fd800000| Untracked 
|  25|0x00000000fd900000, 0x00000000fd900000, 0x00000000fda00000|  0%| F|  |TAMS 0x00000000fd900000, 0x00000000fd900000| Untracked 
|  26|0x00000000fda00000, 0x00000000fdb00000, 0x00000000fdb00000|100%| S|CS|TAMS 0x00000000fda00000, 0x00000000fda00000| Complete 
|  27|0x00000000fdb00000, 0x00000000fdc00000, 0x00000000fdc00000|100%| S|CS|TAMS 0x00000000fdb00000, 0x00000000fdb00000| Complete 
|  28|0x00000000fdc00000, 0x00000000fdd00000, 0x00000000fdd00000|100%| S|CS|TAMS 0x00000000fdc00000, 0x00000000fdc00000| Complete 
|  29|0x00000000fdd00000, 0x00000000fde00000, 0x00000000fde00000|100%| S|CS|TAMS 0x00000000fdd00000, 0x00000000fdd00000| Complete 
|  30|0x00000000fde00000, 0x00000000fdf00000, 0x00000000fdf00000|100%| S|CS|TAMS 0x00000000fde00000, 0x00000000fde00000| Complete 
|  31|0x00000000fdf00000, 0x00000000fdf00000, 0x00000000fe000000|  0%| F|  |TAMS 0x00000000fdf00000, 0x00000000fdf00000| Untracked 
|  32|0x00000000fe000000, 0x00000000fe000000, 0x00000000fe100000|  0%| F|  |TAMS 0x00000000fe000000, 0x00000000fe000000| Untracked 
|  33|0x00000000fe100000, 0x00000000fe100000, 0x00000000fe200000|  0%| F|  |TAMS 0x00000000fe100000, 0x00000000fe100000| Untracked 
|  34|0x00000000fe200000, 0x00000000fe200000, 0x00000000fe300000|  0%| F|  |TAMS 0x00000000fe200000, 0x00000000fe200000| Untracked 
|  35|0x00000000fe300000, 0x00000000fe300000, 0x00000000fe400000|  0%| F|  |TAMS 0x00000000fe300000, 0x00000000fe300000| Untracked 
|  36|0x00000000fe400000, 0x00000000fe400000, 0x00000000fe500000|  0%| F|  |TAMS 0x00000000fe400000, 0x00000000fe400000| Untracked 
|  37|0x00000000fe500000, 0x00000000fe500000, 0x00000000fe600000|  0%| F|  |TAMS 0x00000000fe500000, 0x00000000fe500000| Untracked 
|  38|0x00000000fe600000, 0x00000000fe600000, 0x00000000fe700000|  0%| F|  |TAMS 0x00000000fe600000, 0x00000000fe600000| Untracked 
|  39|0x00000000fe700000, 0x00000000fe700000, 0x00000000fe800000|  0%| F|  |TAMS 0x00000000fe700000, 0x00000000fe700000| Untracked 
|  40|0x00000000fe800000, 0x00000000fe800000, 0x00000000fe900000|  0%| F|  |TAMS 0x00000000fe800000, 0x00000000fe800000| Untracked 
|  41|0x00000000fe900000, 0x00000000fe900000, 0x00000000fea00000|  0%| F|  |TAMS 0x00000000fe900000, 0x00000000fe900000| Untracked 
|  42|0x00000000fea00000, 0x00000000fea00000, 0x00000000feb00000|  0%| F|  |TAMS 0x00000000fea00000, 0x00000000fea00000| Untracked 
|  43|0x00000000feb00000, 0x00000000feb00000, 0x00000000fec00000|  0%| F|  |TAMS 0x00000000feb00000, 0x00000000feb00000| Untracked 
|  44|0x00000000fec00000, 0x00000000fec00000, 0x00000000fed00000|  0%| F|  |TAMS 0x00000000fec00000, 0x00000000fec00000| Untracked 
|  45|0x00000000fed00000, 0x00000000fed00000, 0x00000000fee00000|  0%| F|  |TAMS 0x00000000fed00000, 0x00000000fed00000| Untracked 
|  46|0x00000000fee00000, 0x00000000fee00000, 0x00000000fef00000|  0%| F|  |TAMS 0x00000000fee00000, 0x00000000fee00000| Untracked 
|  47|0x00000000fef00000, 0x00000000fef00000, 0x00000000ff000000|  0%| F|  |TAMS 0x00000000fef00000, 0x00000000fef00000| Untracked 
|  48|0x00000000ff000000, 0x00000000ff000000, 0x00000000ff100000|  0%| F|  |TAMS 0x00000000ff000000, 0x00000000ff000000| Untracked 
|  49|0x00000000ff100000, 0x00000000ff100000, 0x00000000ff200000|  0%| F|  |TAMS 0x00000000ff100000, 0x00000000ff100000| Untracked 
|  50|0x00000000ff200000, 0x00000000ff200000, 0x00000000ff300000|  0%| F|  |TAMS 0x00000000ff200000, 0x00000000ff200000| Untracked 
|  51|0x00000000ff300000, 0x00000000ff300000, 0x00000000ff400000|  0%| F|  |TAMS 0x00000000ff300000, 0x00000000ff300000| Untracked 
|  52|0x00000000ff400000, 0x00000000ff400000, 0x00000000ff500000|  0%| F|  |TAMS 0x00000000ff400000, 0x00000000ff400000| Untracked 
|  53|0x00000000ff500000, 0x00000000ff500000, 0x00000000ff600000|  0%| F|  |TAMS 0x00000000ff500000, 0x00000000ff500000| Untracked 
|  54|0x00000000ff600000, 0x00000000ff680800, 0x00000000ff700000| 50%| E|  |TAMS 0x00000000ff600000, 0x00000000ff600000| Complete 
|  55|0x00000000ff700000, 0x00000000ff800000, 0x00000000ff800000|100%| E|CS|TAMS 0x00000000ff700000, 0x00000000ff700000| Complete 
|  56|0x00000000ff800000, 0x00000000ff900000, 0x00000000ff900000|100%| E|CS|TAMS 0x00000000ff800000, 0x00000000ff800000| Complete 
|  57|0x00000000ff900000, 0x00000000ffa00000, 0x00000000ffa00000|100%| E|CS|TAMS 0x00000000ff900000, 0x00000000ff900000| Complete 
|  58|0x00000000ffa00000, 0x00000000ffb00000, 0x00000000ffb00000|100%| E|CS|TAMS 0x00000000ffa00000, 0x00000000ffa00000| Complete 
|  59|0x00000000ffb00000, 0x00000000ffc00000, 0x00000000ffc00000|100%| E|CS|TAMS 0x00000000ffb00000, 0x00000000ffb00000| Complete 
|  60|0x00000000ffc00000, 0x00000000ffd00000, 0x00000000ffd00000|100%| E|CS|TAMS 0x00000000ffc00000, 0x00000000ffc00000| Complete 
|  61|0x00000000ffd00000, 0x00000000ffe00000, 0x00000000ffe00000|100%| E|CS|TAMS 0x00000000ffd00000, 0x00000000ffd00000| Complete 
|  62|0x00000000ffe00000, 0x00000000fff00000, 0x00000000fff00000|100%| E|CS|TAMS 0x00000000ffe00000, 0x00000000ffe00000| Complete 
|  63|0x00000000fff00000, 0x0000000100000000, 0x0000000100000000|100%| E|CS|TAMS 0x00000000fff00000, 0x00000000fff00000| Complete 

Card table byte_map: [0x00000227eec90000,0x00000227eecb0000] _byte_map_base: 0x00000227ee4b0000

Marking Bits (Prev, Next): (CMBitMap*) 0x00000227f0b05d70, (CMBitMap*) 0x00000227f0b05db0
 Prev Bits: [0x00000227f88f0000, 0x00000227f89f0000)
 Next Bits: [0x00000227f89f0000, 0x00000227f8af0000)

Polling page: 0x00000227eea30000

Metaspace:

Usage:
  Non-class:      8.03 MB used.
      Class:      1.25 MB used.
       Both:      9.27 MB used.

Virtual space:
  Non-class space:       64.00 MB reserved,       8.12 MB ( 13%) committed,  1 nodes.
      Class space:        1.00 GB reserved,       1.38 MB ( <1%) committed,  1 nodes.
             Both:        1.06 GB reserved,       9.50 MB ( <1%) committed. 

Chunk freelists:
   Non-Class:  7.64 MB
       Class:  14.61 MB
        Both:  22.25 MB

MaxMetaspaceSize: unlimited
CompressedClassSpaceSize: 1.00 GB
Initial GC threshold: 21.00 MB
Current GC threshold: 21.00 MB
CDS: on
MetaspaceReclaimPolicy: balanced
 - commit_granule_bytes: 65536.
 - commit_granule_words: 8192.
 - virtual_space_node_default_size: 8388608.
 - enlarge_chunks_in_place: 1.
 - new_chunks_are_fully_committed: 0.
 - uncommit_free_chunks: 1.
 - use_allocation_guard: 0.
 - handle_deallocations: 1.


Internal statistics:

num_allocs_failed_limit: 0.
num_arena_births: 88.
num_arena_deaths: 0.
num_vsnodes_births: 2.
num_vsnodes_deaths: 0.
num_space_committed: 152.
num_space_uncommitted: 0.
num_chunks_returned_to_freelist: 0.
num_chunks_taken_from_freelist: 344.
num_chunk_merges: 0.
num_chunk_splits: 236.
num_chunks_enlarged: 194.
num_inconsistent_stats: 0.

CodeHeap 'non-profiled nmethods': size=120000Kb used=733Kb max_used=733Kb free=119266Kb
 bounds [0x0000022787ad0000, 0x0000022787d40000, 0x000002278f000000]
CodeHeap 'profiled nmethods': size=120000Kb used=2812Kb max_used=2812Kb free=117187Kb
 bounds [0x0000022780000000, 0x00000227802c0000, 0x0000022787530000]
CodeHeap 'non-nmethods': size=5760Kb used=1180Kb max_used=1205Kb free=4579Kb
 bounds [0x0000022787530000, 0x00000227877a0000, 0x0000022787ad0000]
 total_blobs=1952 nmethods=1473 adapters=392
 compilation: enabled
              stopped_count=0, restarted_count=0
 full_count=0

Compilation events (20 events):
Event: 2.690 Thread 0x00000227fb6cd9a0 1461       3       java.security.Provider$Service::<init> (200 bytes)
Event: 2.690 Thread 0x00000227fb6cc470 nmethod 1427% 0x0000022787b81e10 code [0x0000022787b81fe0, 0x0000022787b83468]
Event: 2.691 Thread 0x00000227fb6cc470 1444       4       java.lang.CharacterDataLatin1::digit (32 bytes)
Event: 2.691 Thread 0x00000227fb6cd9a0 nmethod 1461 0x00000227802ac090 code [0x00000227802ac3e0, 0x00000227802ade48]
Event: 2.692 Thread 0x00000227fb6cd9a0 1464       3       java.util.Collections::emptyIterator (4 bytes)
Event: 2.692 Thread 0x00000227fb6cc470 nmethod 1444 0x0000022787b83c90 code [0x0000022787b83e20, 0x0000022787b83f18]
Event: 2.692 Thread 0x00000227fb6cd9a0 nmethod 1464 0x00000227802ae510 code [0x00000227802ae6a0, 0x00000227802ae798]
Event: 2.692 Thread 0x00000227fb6cc470 1445       4       java.lang.Character::digit (6 bytes)
Event: 2.692 Thread 0x00000227fb6cd9a0 1462       3       java.security.Provider::getEngineName (49 bytes)
Event: 2.692 Thread 0x00000227fb6cd9a0 nmethod 1462 0x00000227802ae810 code [0x00000227802aea40, 0x00000227802af2d8]
Event: 2.692 Thread 0x00000227fb6cd9a0 1463   !   3       java.security.Provider::implRemoveService (180 bytes)
Event: 2.693 Thread 0x00000227fb6cd9a0 nmethod 1463 0x00000227802af510 code [0x00000227802af7c0, 0x00000227802b05d8]
Event: 2.693 Thread 0x00000227fb6cd9a0 1467       3       java.security.AccessController::doPrivileged (9 bytes)
Event: 2.693 Thread 0x00000227fb6cd9a0 nmethod 1467 0x00000227802b0a90 code [0x00000227802b0c60, 0x00000227802b0f98]
Event: 2.694 Thread 0x00000227fb6cc470 nmethod 1445 0x0000022787b84010 code [0x0000022787b841a0, 0x0000022787b84318]
Event: 2.694 Thread 0x00000227fb6cc470 1465       4       java.lang.System::getSecurityManager (12 bytes)
Event: 2.694 Thread 0x00000227fb6cc470 nmethod 1465 0x0000022787b84490 code [0x0000022787b84600, 0x0000022787b84678]
Event: 2.694 Thread 0x00000227fb6cc470 1466   !   4       java.util.concurrent.ConcurrentHashMap::transfer (849 bytes)
Event: 2.695 Thread 0x00000227fb6cd9a0 1468       3       sun.security.provider.ByteArrayAccess::b2iBig64 (231 bytes)
Event: 2.695 Thread 0x00000227d5e32270 nmethod 1448 0x0000022787b84b90 code [0x0000022787b84d20, 0x0000022787b85058]

GC Heap History (4 events):
Event: 0.256 GC heap before
{Heap before GC invocations=0 (full 0):
 garbage-first heap   total 65536K, used 22528K [0x00000000fc000000, 0x0000000100000000)
  region size 1024K, 23 young (23552K), 0 survivors (0K)
 Metaspace       used 1804K, committed 1920K, reserved 1114112K
  class space    used 163K, committed 192K, reserved 1048576K
}
Event: 0.258 GC heap after
{Heap after GC invocations=1 (full 0):
 garbage-first heap   total 65536K, used 2384K [0x00000000fc000000, 0x0000000100000000)
  region size 1024K, 3 young (3072K), 3 survivors (3072K)
 Metaspace       used 1804K, committed 1920K, reserved 1114112K
  class space    used 163K, committed 192K, reserved 1048576K
}
Event: 0.820 GC heap before
{Heap before GC invocations=1 (full 0):
 garbage-first heap   total 65536K, used 36176K [0x00000000fc000000, 0x0000000100000000)
  region size 1024K, 33 young (33792K), 3 survivors (3072K)
 Metaspace       used 7717K, committed 7936K, reserved 1114112K
  class space    used 1057K, committed 1152K, reserved 1048576K
}
Event: 0.824 GC heap after
{Heap after GC invocations=2 (full 0):
 garbage-first heap   total 65536K, used 11046K [0x00000000fc000000, 0x0000000100000000)
  region size 1024K, 5 young (5120K), 5 survivors (5120K)
 Metaspace       used 7717K, committed 7936K, reserved 1114112K
  class space    used 1057K, committed 1152K, reserved 1048576K
}

Deoptimization events (20 events):
Event: 1.283 Thread 0x00000227d55a7930 Uncommon trap: trap_request=0xffffff45 fr.pc=0x0000022787b30c50 relative=0x0000000000000510
Event: 1.283 Thread 0x00000227d55a7930 Uncommon trap: reason=unstable_if action=reinterpret pc=0x0000022787b30c50 method=java.lang.AbstractStringBuilder.putStringAt(ILjava/lang/String;II)V @ 8 c2
Event: 1.283 Thread 0x00000227d55a7930 DEOPT PACKING pc=0x0000022787b30c50 sp=0x00000069f0cfefe0
Event: 1.283 Thread 0x00000227d55a7930 DEOPT UNPACKING pc=0x00000227875823a3 sp=0x00000069f0cfeed0 mode 2
Event: 1.283 Thread 0x00000227d55a7930 Uncommon trap: trap_request=0xffffff45 fr.pc=0x0000022787b176dc relative=0x000000000000005c
Event: 1.283 Thread 0x00000227d55a7930 Uncommon trap: reason=unstable_if action=reinterpret pc=0x0000022787b176dc method=java.lang.AbstractStringBuilder.isLatin1()Z @ 10 c2
Event: 1.283 Thread 0x00000227d55a7930 DEOPT PACKING pc=0x0000022787b176dc sp=0x00000069f0cfee70
Event: 1.283 Thread 0x00000227d55a7930 DEOPT UNPACKING pc=0x00000227875823a3 sp=0x00000069f0cfee00 mode 2
Event: 1.283 Thread 0x00000227d55a7930 Uncommon trap: trap_request=0xffffff45 fr.pc=0x0000022787b32994 relative=0x0000000000000114
Event: 1.283 Thread 0x00000227d55a7930 Uncommon trap: reason=unstable_if action=reinterpret pc=0x0000022787b32994 method=java.lang.String.getBytes([BIIBI)V @ 6 c2
Event: 1.283 Thread 0x00000227d55a7930 DEOPT PACKING pc=0x0000022787b32994 sp=0x00000069f0cfee70
Event: 1.283 Thread 0x00000227d55a7930 DEOPT UNPACKING pc=0x00000227875823a3 sp=0x00000069f0cfee38 mode 2
Event: 1.283 Thread 0x00000227d55a7930 Uncommon trap: trap_request=0xffffff45 fr.pc=0x0000022787b523a0 relative=0x0000000000000400
Event: 1.283 Thread 0x00000227d55a7930 Uncommon trap: reason=unstable_if action=reinterpret pc=0x0000022787b523a0 method=java.lang.AbstractStringBuilder.isLatin1()Z @ 10 c2
Event: 1.283 Thread 0x00000227d55a7930 DEOPT PACKING pc=0x0000022787b523a0 sp=0x00000069f0cff060
Event: 1.283 Thread 0x00000227d55a7930 DEOPT UNPACKING pc=0x00000227875823a3 sp=0x00000069f0cfefe0 mode 2
Event: 2.653 Thread 0x00000227d55a7930 Uncommon trap: trap_request=0xffffff45 fr.pc=0x0000022787add304 relative=0x0000000000000084
Event: 2.653 Thread 0x00000227d55a7930 Uncommon trap: reason=unstable_if action=reinterpret pc=0x0000022787add304 method=java.lang.String.codePointAt(I)I @ 4 c2
Event: 2.653 Thread 0x00000227d55a7930 DEOPT PACKING pc=0x0000022787add304 sp=0x00000069f0cfefd0
Event: 2.653 Thread 0x00000227d55a7930 DEOPT UNPACKING pc=0x00000227875823a3 sp=0x00000069f0cfef68 mode 2

Classes unloaded (0 events):
No events

Classes redefined (0 events):
No events

Internal exceptions (20 events):
Event: 0.484 Thread 0x00000227f0ae4900 Implicit null exception at 0x0000022787b38b8f to 0x0000022787b390ec
Event: 0.484 Thread 0x00000227f0ae4900 Implicit null exception at 0x0000022787b1218f to 0x0000022787b126f0
Event: 0.496 Thread 0x00000227f0ae4900 Exception <a 'java/lang/NoClassDefFoundError'{0x00000000ff19aa90}: org/slf4j/impl/StaticMarkerBinder> (0x00000000ff19aa90) 
thrown [s\open\src\hotspot\share\classfile\systemDictionary.cpp, line 245]
Event: 0.519 Thread 0x00000227f0ae4900 Exception <a 'java/lang/NoSuchMethodError'{0x00000000ff0c6c18}: 'java.lang.Object java.lang.invoke.Invokers$Holder.invoker(java.lang.Object, java.lang.Object, java.lang.Object)'> (0x00000000ff0c6c18) 
thrown [s\open\src\hotspot\share\interpreter\linkResolver.cpp, line 759]
Event: 0.519 Thread 0x00000227f0ae4900 Exception <a 'java/lang/NoSuchMethodError'{0x00000000ff0cfd70}: 'java.lang.Object java.lang.invoke.DirectMethodHandle$Holder.invokeStatic(java.lang.Object, java.lang.Object, int)'> (0x00000000ff0cfd70) 
thrown [s\open\src\hotspot\share\interpreter\linkResolver.cpp, line 759]
Event: 0.521 Thread 0x00000227f0ae4900 Exception <a 'java/lang/NoSuchMethodError'{0x00000000ff0dba60}: 'void java.lang.invoke.DelegatingMethodHandle$Holder.delegate(java.lang.Object, java.lang.Object, int, java.lang.Object)'> (0x00000000ff0dba60) 
thrown [s\open\src\hotspot\share\interpreter\linkResolver.cpp, line 759]
Event: 0.523 Thread 0x00000227f0ae4900 Exception <a 'java/lang/NoSuchMethodError'{0x00000000ff0ef0a8}: 'java.lang.Object java.lang.invoke.Invokers$Holder.invokeExact_MT(java.lang.Object, java.lang.Object, java.lang.Object, java.lang.Object)'> (0x00000000ff0ef0a8) 
thrown [s\open\src\hotspot\share\interpreter\linkResolver.cpp, line 759]
Event: 0.527 Thread 0x00000227f0ae4900 Exception <a 'java/lang/NoSuchMethodError'{0x00000000fef12800}: 'java.lang.Object java.lang.invoke.DirectMethodHandle$Holder.invokeVirtual(java.lang.Object, java.lang.Object, java.lang.Object)'> (0x00000000fef12800) 
thrown [s\open\src\hotspot\share\interpreter\linkResolver.cpp, line 759]
Event: 0.592 Thread 0x00000227f0ae4900 Exception <a 'java/lang/NoSuchMethodError'{0x00000000feb431a8}: 'java.lang.Object java.lang.invoke.DirectMethodHandle$Holder.newInvokeSpecial(java.lang.Object, java.lang.Object, java.lang.Object, java.lang.Object, java.lang.Object)'> (0x00000000feb431a8) 
thrown [s\open\src\hotspot\share\interpreter\linkResolver.cpp, line 759]
Event: 0.607 Thread 0x00000227f0ae4900 Exception <a 'java/lang/NoSuchMethodError'{0x00000000fea68630}: 'void java.lang.invoke.DirectMethodHandle$Holder.invokeSpecial(java.lang.Object, java.lang.Object, java.lang.Object)'> (0x00000000fea68630) 
thrown [s\open\src\hotspot\share\interpreter\linkResolver.cpp, line 759]
Event: 0.689 Thread 0x00000227f0ae4900 Exception <a 'java/lang/NoSuchMethodError'{0x00000000fe400ca0}: 'void java.lang.invoke.DirectMethodHandle$Holder.invokeStatic(java.lang.Object, java.lang.Object, java.lang.Object)'> (0x00000000fe400ca0) 
thrown [s\open\src\hotspot\share\interpreter\linkResolver.cpp, line 759]
Event: 0.723 Thread 0x00000227f0ae4900 Exception <a 'java/lang/NoSuchMethodError'{0x00000000fe294690}: 'java.lang.Object java.lang.invoke.DirectMethodHandle$Holder.newInvokeSpecial(java.lang.Object, java.lang.Object, java.lang.Object, java.lang.Object, java.lang.Object, java.lang.Object, java.lang.Object, java.lang.Object, java.lang.Object, java.lang.Object, java.lang.Object, java.lang.Object, java.lang.Object, java.lang.Object, java.lang.Object, java.lang.Object, java.lang.Object, java.lang.Object, java.lang.Object, java.lang.Object, java.lang
Event: 0.724 Thread 0x00000227f0ae4900 Exception <a 'java/lang/NoSuchMethodError'{0x00000000fe2a0c98}: 'java.lang.Object java.lang.invoke.Invokers$Holder.linkToTargetMethod(java.lang.Object, java.lang.Object, java.lang.Object, java.lang.Object, java.lang.Object, java.lang.Object, java.lang.Object, java.lang.Object, java.lang.Object, java.lang.Object, java.lang.Object, java.lang.Object, java.lang.Object, java.lang.Object, java.lang.Object, java.lang.Object, java.lang.Object, java.lang.Object, java.lang.Object, java.lang.Object, java.lang.Object,
Event: 0.754 Thread 0x00000227f0ae4900 Exception <a 'java/lang/NoSuchMethodError'{0x00000000fe0fde98}: 'java.lang.Object java.lang.invoke.DirectMethodHandle$Holder.invokeStaticInit(java.lang.Object, int, int, int, int)'> (0x00000000fe0fde98) 
thrown [s\open\src\hotspot\share\interpreter\linkResolver.cpp, line 759]
Event: 0.815 Thread 0x00000227f0ae4900 Exception <a 'java/lang/NoSuchMethodError'{0x00000000fdfe3dc0}: 'java.lang.Object java.lang.invoke.DirectMethodHandle$Holder.invokeStaticInit(java.lang.Object, java.lang.Object, int, int, int, int)'> (0x00000000fdfe3dc0) 
thrown [s\open\src\hotspot\share\interpreter\linkResolver.cpp, line 759]
Event: 1.272 Thread 0x00000227d55a7930 Exception <a 'java/lang/NoSuchMethodError'{0x00000000ff80e9b0}: 'void java.lang.invoke.DirectMethodHandle$Holder.invokeStatic(java.lang.Object, long)'> (0x00000000ff80e9b0) 
thrown [s\open\src\hotspot\share\interpreter\linkResolver.cpp, line 759]
Event: 1.273 Thread 0x00000227d55a7930 Exception <a 'java/lang/NoSuchMethodError'{0x00000000ff814308}: 'java.lang.Object java.lang.invoke.DirectMethodHandle$Holder.newInvokeSpecial(java.lang.Object, long)'> (0x00000000ff814308) 
thrown [s\open\src\hotspot\share\interpreter\linkResolver.cpp, line 759]
Event: 1.274 Thread 0x00000227d55a7930 Exception <a 'java/lang/NoSuchMethodError'{0x00000000ff81ef30}: 'java.lang.Object java.lang.invoke.DirectMethodHandle$Holder.invokeStaticInit(java.lang.Object, java.lang.Object, long, java.lang.Object)'> (0x00000000ff81ef30) 
thrown [s\open\src\hotspot\share\interpreter\linkResolver.cpp, line 759]
Event: 1.274 Thread 0x00000227d55a7930 Exception <a 'java/lang/NoSuchMethodError'{0x00000000ff8255b8}: 'java.lang.Object java.lang.invoke.DirectMethodHandle$Holder.newInvokeSpecial(java.lang.Object, java.lang.Object, long)'> (0x00000000ff8255b8) 
thrown [s\open\src\hotspot\share\interpreter\linkResolver.cpp, line 759]
Event: 1.274 Thread 0x00000227d55a7930 Exception <a 'java/lang/NoSuchMethodError'{0x00000000ff8298a8}: 'java.lang.Object java.lang.invoke.Invokers$Holder.linkToTargetMethod(java.lang.Object, long, java.lang.Object)'> (0x00000000ff8298a8) 
thrown [s\open\src\hotspot\share\interpreter\linkResolver.cpp, line 759]

VM Operations (20 events):
Event: 0.493 Executing VM operation: HandshakeAllThreads
Event: 0.493 Executing VM operation: HandshakeAllThreads done
Event: 0.519 Executing VM operation: HandshakeAllThreads
Event: 0.519 Executing VM operation: HandshakeAllThreads done
Event: 0.633 Executing VM operation: HandshakeAllThreads
Event: 0.633 Executing VM operation: HandshakeAllThreads done
Event: 0.677 Executing VM operation: HandshakeAllThreads
Event: 0.677 Executing VM operation: HandshakeAllThreads done
Event: 0.809 Executing VM operation: HandshakeAllThreads
Event: 0.809 Executing VM operation: HandshakeAllThreads done
Event: 0.820 Executing VM operation: G1CollectForAllocation
Event: 0.824 Executing VM operation: G1CollectForAllocation done
Event: 1.269 Executing VM operation: HandshakeAllThreads
Event: 1.269 Executing VM operation: HandshakeAllThreads done
Event: 1.282 Executing VM operation: HandshakeAllThreads
Event: 1.282 Executing VM operation: HandshakeAllThreads done
Event: 2.283 Executing VM operation: Cleanup
Event: 2.283 Executing VM operation: Cleanup done
Event: 2.682 Executing VM operation: HandshakeAllThreads
Event: 2.682 Executing VM operation: HandshakeAllThreads done

Events (20 events):
Event: 2.692 loading class com/sun/security/sasl/Provider$1
Event: 2.692 loading class com/sun/security/sasl/Provider$1 done
Event: 2.692 loading class com/sun/security/sasl/Provider$ProviderService
Event: 2.692 loading class com/sun/security/sasl/Provider$ProviderService done
Event: 2.694 loading class sun/nio/ch/ServerSocketChannelImpl
Event: 2.694 loading class sun/nio/ch/ServerSocketChannelImpl done
Event: 2.696 loading class sun/nio/ch/Util$BufferCache
Event: 2.696 loading class sun/nio/ch/Util$BufferCache done
Event: 2.696 loading class sun/nio/ch/IOStatus
Event: 2.696 loading class sun/nio/ch/IOStatus done
Event: 2.696 loading class java/nio/BufferMismatch
Event: 2.696 loading class java/nio/BufferMismatch done
Event: 2.697 loading class sun/nio/ch/SourceChannelImpl
Event: 2.697 loading class java/nio/channels/Pipe$SourceChannel
Event: 2.697 loading class java/nio/channels/Pipe$SourceChannel done
Event: 2.697 loading class sun/nio/ch/SourceChannelImpl done
Event: 2.697 loading class sun/nio/ch/SinkChannelImpl
Event: 2.697 loading class java/nio/channels/Pipe$SinkChannel
Event: 2.697 loading class java/nio/channels/Pipe$SinkChannel done
Event: 2.697 loading class sun/nio/ch/SinkChannelImpl done


Dynamic libraries:
0x00007ff7ab7b0000 - 0x00007ff7ab7c0000 	C:\Program Files\Java\jdk-17\bin\java.exe
0x00007ffcc6ba0000 - 0x00007ffcc6e08000 	C:\WINDOWS\SYSTEM32\ntdll.dll
0x00007ffcc6140000 - 0x00007ffcc6209000 	C:\WINDOWS\System32\KERNEL32.DLL
0x00007ffcc4400000 - 0x00007ffcc47ed000 	C:\WINDOWS\System32\KERNELBASE.dll
0x00007ffcc3fb0000 - 0x00007ffcc40fb000 	C:\WINDOWS\System32\ucrtbase.dll
0x00007ffc8bd40000 - 0x00007ffc8bd5b000 	C:\Program Files\Java\jdk-17\bin\VCRUNTIME140.dll
0x00007ffc8bd20000 - 0x00007ffc8bd39000 	C:\Program Files\Java\jdk-17\bin\jli.dll
0x00007ffcc4de0000 - 0x00007ffcc4e94000 	C:\WINDOWS\System32\ADVAPI32.dll
0x00007ffcc4c40000 - 0x00007ffcc4ce9000 	C:\WINDOWS\System32\msvcrt.dll
0x00007ffcc6030000 - 0x00007ffcc60d6000 	C:\WINDOWS\System32\sechost.dll
0x00007ffcc4f50000 - 0x00007ffcc5068000 	C:\WINDOWS\System32\RPCRT4.dll
0x00007ffcc4940000 - 0x00007ffcc4b0c000 	C:\WINDOWS\System32\USER32.dll
0x00007ffcc4330000 - 0x00007ffcc4357000 	C:\WINDOWS\System32\win32u.dll
0x00007ffcc60e0000 - 0x00007ffcc610b000 	C:\WINDOWS\System32\GDI32.dll
0x00007ffcc3cf0000 - 0x00007ffcc3e27000 	C:\WINDOWS\System32\gdi32full.dll
0x00007ffcafff0000 - 0x00007ffcb028a000 	C:\WINDOWS\WinSxS\amd64_microsoft.windows.common-controls_6595b64144ccf1df_6.0.26100.4484_none_3e0e6d4ce32ef3b3\COMCTL32.dll
0x00007ffcc4100000 - 0x00007ffcc41a3000 	C:\WINDOWS\System32\msvcp_win.dll
0x00007ffcbdd60000 - 0x00007ffcbdd6b000 	C:\WINDOWS\SYSTEM32\VERSION.dll
0x00007ffcc4b20000 - 0x00007ffcc4b4f000 	C:\WINDOWS\System32\IMM32.DLL
0x00007ffc9fad0000 - 0x00007ffc9fadc000 	C:\Program Files\Java\jdk-17\bin\vcruntime140_1.dll
0x00007ffc65410000 - 0x00007ffc6549e000 	C:\Program Files\Java\jdk-17\bin\msvcp140.dll
0x00007ffc1b8b0000 - 0x00007ffc1c490000 	C:\Program Files\Java\jdk-17\bin\server\jvm.dll
0x00007ffcc6ae0000 - 0x00007ffcc6ae8000 	C:\WINDOWS\System32\PSAPI.DLL
0x00007ffc9faa0000 - 0x00007ffc9faaa000 	C:\WINDOWS\SYSTEM32\WSOCK32.dll
0x00007ffcb9580000 - 0x00007ffcb95b5000 	C:\WINDOWS\SYSTEM32\WINMM.dll
0x00007ffcc50c0000 - 0x00007ffcc5134000 	C:\WINDOWS\System32\WS2_32.dll
0x00007ffcc2a90000 - 0x00007ffcc2aab000 	C:\WINDOWS\SYSTEM32\kernel.appcore.dll
0x00007ffc9d8d0000 - 0x00007ffc9d8da000 	C:\Program Files\Java\jdk-17\bin\jimage.dll
0x00007ffcb8920000 - 0x00007ffcb8b61000 	C:\WINDOWS\SYSTEM32\DBGHELP.DLL
0x00007ffcc5ca0000 - 0x00007ffcc6026000 	C:\WINDOWS\System32\combase.dll
0x00007ffcc4cf0000 - 0x00007ffcc4dd0000 	C:\WINDOWS\System32\OLEAUT32.dll
0x00007ffc9d840000 - 0x00007ffc9d883000 	C:\WINDOWS\SYSTEM32\dbgcore.DLL
0x00007ffcc4360000 - 0x00007ffcc43f9000 	C:\WINDOWS\System32\bcryptPrimitives.dll
0x00007ffc8a950000 - 0x00007ffc8a975000 	C:\Program Files\Java\jdk-17\bin\java.dll
0x00007ffc64f60000 - 0x00007ffc65037000 	C:\Program Files\Java\jdk-17\bin\jsvml.dll
0x00007ffcc5370000 - 0x00007ffcc5aba000 	C:\WINDOWS\System32\SHELL32.dll
0x00007ffcc41b0000 - 0x00007ffcc4324000 	C:\WINDOWS\System32\wintypes.dll
0x00007ffcc1970000 - 0x00007ffcc21cb000 	C:\WINDOWS\SYSTEM32\windows.storage.dll
0x00007ffcc69e0000 - 0x00007ffcc6ad5000 	C:\WINDOWS\System32\SHCORE.dll
0x00007ffcc6af0000 - 0x00007ffcc6b5a000 	C:\WINDOWS\System32\shlwapi.dll
0x00007ffcc3bd0000 - 0x00007ffcc3bff000 	C:\WINDOWS\SYSTEM32\profapi.dll
0x00007ffc8bd00000 - 0x00007ffc8bd19000 	C:\Program Files\Java\jdk-17\bin\net.dll
0x00007ffcbd270000 - 0x00007ffcbd38e000 	C:\WINDOWS\SYSTEM32\WINHTTP.dll
0x0000000180000000 - 0x000000018008c000 	C:\WINDOWS\system32\ASProxy64.dll
0x00007ffcc5140000 - 0x00007ffcc52de000 	C:\WINDOWS\System32\ole32.dll
0x00007ffcc3020000 - 0x00007ffcc308a000 	C:\WINDOWS\SYSTEM32\MSWSOCK.dll
0x00007ffcc24c0000 - 0x00007ffcc24f3000 	C:\WINDOWS\SYSTEM32\IPHLPAPI.DLL
0x00007ffcc2d40000 - 0x00007ffcc2d89000 	C:\WINDOWS\SYSTEM32\SspiCli.dll
0x00007ffc8a930000 - 0x00007ffc8a946000 	C:\Program Files\Java\jdk-17\bin\nio.dll
0x00007ffcc0f80000 - 0x00007ffcc102f000 	C:\WINDOWS\system32\uxtheme.dll
0x00007ffc89d00000 - 0x00007ffc89d18000 	C:\Program Files\Java\jdk-17\bin\zip.dll
0x00007ffc9c910000 - 0x00007ffc9c920000 	C:\Program Files\Java\jdk-17\bin\verify.dll
0x00007ffc9c900000 - 0x00007ffc9c90a000 	C:\Program Files\Java\jdk-17\bin\management.dll
0x00007ffc9c8f0000 - 0x00007ffc9c8fb000 	C:\Program Files\Java\jdk-17\bin\management_ext.dll
0x00007ffc69ee0000 - 0x00007ffc69f07000 	C:\Users\Success\.gradle\native\1def1411415f61bf3af743bc5b6707747c0891f09f0c88961ee8f79bc544acac\windows-amd64\native-platform.dll
0x00007ffc9c8e0000 - 0x00007ffc9c8ea000 	C:\Users\Success\.gradle\native\jansi\1.18\windows64\jansi.dll
0x00007ffcc69d0000 - 0x00007ffcc69da000 	C:\WINDOWS\System32\NSI.dll
0x00007ffcbd1d0000 - 0x00007ffcbd1ef000 	C:\WINDOWS\SYSTEM32\dhcpcsvc6.DLL
0x00007ffcbd150000 - 0x00007ffcbd175000 	C:\WINDOWS\SYSTEM32\dhcpcsvc.DLL
0x00007ffcc2500000 - 0x00007ffcc2626000 	C:\WINDOWS\SYSTEM32\DNSAPI.dll
0x00007ffcc32d0000 - 0x00007ffcc32eb000 	C:\WINDOWS\SYSTEM32\CRYPTSP.dll
0x00007ffcc29f0000 - 0x00007ffcc2a2b000 	C:\WINDOWS\system32\rsaenh.dll
0x00007ffcc30c0000 - 0x00007ffcc30eb000 	C:\WINDOWS\SYSTEM32\USERENV.dll
0x00007ffcc3c10000 - 0x00007ffcc3c36000 	C:\WINDOWS\SYSTEM32\bcrypt.dll
0x00007ffcc32f0000 - 0x00007ffcc32fc000 	C:\WINDOWS\SYSTEM32\CRYPTBASE.dll
0x00007ffc9c300000 - 0x00007ffc9c30e000 	C:\Program Files\Java\jdk-17\bin\sunmscapi.dll
0x00007ffcc3e30000 - 0x00007ffcc3fa7000 	C:\WINDOWS\System32\CRYPT32.dll
0x00007ffcc34f0000 - 0x00007ffcc3520000 	C:\WINDOWS\SYSTEM32\ncrypt.dll
0x00007ffcc34a0000 - 0x00007ffcc34df000 	C:\WINDOWS\SYSTEM32\NTASN1.dll
0x00007ffca7ab0000 - 0x00007ffca7ab8000 	C:\WINDOWS\system32\wshunix.dll

dbghelp: loaded successfully - version: 4.0.5 - missing functions: none
symbol engine: initialized successfully - sym options: 0x614 - pdb path: .;C:\Program Files\Java\jdk-17\bin;C:\WINDOWS\SYSTEM32;C:\WINDOWS\WinSxS\amd64_microsoft.windows.common-controls_6595b64144ccf1df_6.0.26100.4484_none_3e0e6d4ce32ef3b3;C:\Program Files\Java\jdk-17\bin\server;C:\Users\Success\.gradle\native\1def1411415f61bf3af743bc5b6707747c0891f09f0c88961ee8f79bc544acac\windows-amd64;C:\Users\Success\.gradle\native\jansi\1.18\windows64

VM Arguments:
jvm_args: -Xmx64m -Xms64m -Dorg.gradle.appname=gradlew 
java_command: org.gradle.wrapper.GradleWrapperMain clean build
java_class_path (initial): E:\Software\Mobile\Java\BunnyVideoLibrary\\gradle\wrapper\gradle-wrapper.jar
Launcher Type: SUN_STANDARD

[Global flags]
     intx CICompilerCount                          = 4                                         {product} {ergonomic}
     uint ConcGCThreads                            = 3                                         {product} {ergonomic}
     uint G1ConcRefinementThreads                  = 10                                        {product} {ergonomic}
   size_t G1HeapRegionSize                         = 1048576                                   {product} {ergonomic}
    uintx GCDrainStackTargetSize                   = 64                                        {product} {ergonomic}
   size_t InitialHeapSize                          = 67108864                                  {product} {command line}
   size_t MarkStackSize                            = 4194304                                   {product} {ergonomic}
   size_t MaxHeapSize                              = 67108864                                  {product} {command line}
   size_t MaxNewSize                               = 39845888                                  {product} {ergonomic}
   size_t MinHeapDeltaBytes                        = 1048576                                   {product} {ergonomic}
   size_t MinHeapSize                              = 67108864                                  {product} {command line}
    uintx NonNMethodCodeHeapSize                   = 5839372                                {pd product} {ergonomic}
    uintx NonProfiledCodeHeapSize                  = 122909434                              {pd product} {ergonomic}
    uintx ProfiledCodeHeapSize                     = 122909434                              {pd product} {ergonomic}
    uintx ReservedCodeCacheSize                    = 251658240                              {pd product} {ergonomic}
     bool SegmentedCodeCache                       = true                                      {product} {ergonomic}
   size_t SoftMaxHeapSize                          = 67108864                               {manageable} {ergonomic}
     bool UseCompressedClassPointers               = true                           {product lp64_product} {ergonomic}
     bool UseCompressedOops                        = true                           {product lp64_product} {ergonomic}
     bool UseG1GC                                  = true                                      {product} {ergonomic}
     bool UseLargePagesIndividualAllocation        = false                                  {pd product} {ergonomic}

Logging:
Log output configuration:
 #0: stdout all=warning uptime,level,tags
 #1: stderr all=off uptime,level,tags

Environment Variables:
CLASSPATH=E:\Software\Mobile\Java\BunnyVideoLibrary\\gradle\wrapper\gradle-wrapper.jar
PATH=C:\Program Files\Common Files\Oracle\Java\javapath;c:\Users\Success\AppData\Local\Programs\cursor\resources\app\bin;C:\WINDOWS\system32;C:\WINDOWS;C:\WINDOWS\System32\Wbem;C:\WINDOWS\System32\WindowsPowerShell\v1.0\;C:\WINDOWS\System32\OpenSSH\;C:\Program Files\Git\cmd;C:\Users\Success\AppData\Roaming\nvm;C:\Program Files\nodejs;C:\Program Files\Microsoft SQL Server\150\Tools\Binn\;C:\Program Files\Microsoft SQL Server\Client SDK\ODBC\170\Tools\Binn\;C:\Program Files\dotnet\;C:\Users\Success\AppData\Local\Programs\Python\Python311\Scripts\;C:\Users\Success\AppData\Local\Programs\Python\Python311\;C:\Users\Success\AppData\Local\Microsoft\WindowsApps;C:\Users\Success\AppData\Roaming\nvm;C:\Program Files\nodejs;C:\Users\Success\AppData\Roaming\npm;C:\Users\Success\AppData\Local\Programs\cursor\resources\app\bin;C:\Users\Success\.dotnet\tools;c:\Users\Success\AppData\Local\Programs\cursor\resources\app\bin;C:\Program Files\nodejs\;C:\Users\Success\AppData\Local\Android\Sdk\emulator;C:\Users\Success\AppData\Local\Programs\Python\Python311\Scripts\;C:\Users\Success\AppData\Local\Programs\Python\Python311\;C:\Users\Success\AppData\Local\Microsoft\WindowsApps;C:\Users\Success\AppData\Roaming\nvm;C:\Program Files\nodejs;C:\Users\Success\AppData\Local\Programs\cursor\resources\app\bin;C:\Users\Success\AppData\Local\Programs\Microsoft VS Code\bin;C:\Users\Success\.dotnet\tools;C:\Users\Success\AppData\Roaming\npm;C:\Users\Success\AppData\Local\Android\Sdk\emulator;
USERNAME=Success
LANG=en_US.UTF-8
OS=Windows_NT
PROCESSOR_IDENTIFIER=Intel64 Family 6 Model 158 Stepping 10, GenuineIntel



---------------  S Y S T E M  ---------------

OS:
 Windows 11 , 64 bit Build 26100 (10.0.26100.4484)
OS uptime: 0 days 2:53 hours

CPU: total 12 (initial active 12) (6 cores per cpu, 2 threads per core) family 6 model 158 stepping 10 microcode 0xde, cx8, cmov, fxsr, ht, mmx, 3dnowpref, sse, sse2, sse3, ssse3, sse4.1, sse4.2, popcnt, lzcnt, tsc, tscinvbit, avx, avx2, aes, erms, clmul, bmi1, bmi2, rtm, adx, fma, vzeroupper, clflush, clflushopt

Memory: 4k page, system-wide physical 32564M (19000M free)
TotalPageFile size 34612M (AvailPageFile size 17165M)
current process WorkingSet (physical memory assigned to process): 119M, peak: 119M
current process commit charge ("private bytes"): 182M, peak: 182M

vm_info: Java HotSpot(TM) 64-Bit Server VM (17.0.12+8-LTS-286) for windows-amd64 JRE (17.0.12+8-LTS-286), built on Jun  5 2024 06:46:59 by "mach5one" with MS VC++ 17.6 (VS2022)

END.
