#
# A fatal error has been detected by the Java Runtime Environment:
#
#  EXCEPTION_ACCESS_VIOLATION (0xc0000005) at pc=0x000000018000c274, pid=23508, tid=22564
#
# JRE version: Java(TM) SE Runtime Environment (17.0.12+8) (build 17.0.12+8-LTS-286)
# Java VM: Java HotSpot(TM) 64-Bit Server VM (17.0.12+8-LTS-286, mixed mode, sharing, tiered, compressed oops, compressed class ptrs, g1 gc, windows-amd64)
# Problematic frame:
# C  [ASProxy64.dll+0xc274]
#
# No core dump will be written. Minidumps are not enabled by default on client versions of Windows
#
# If you would like to submit a bug report, please visit:
#   https://bugreport.java.com/bugreport/crash.jsp
# The crash happened outside the Java Virtual Machine in native code.
# See problematic frame for where to report the bug.
#

---------------  S U M M A R Y ------------

Command Line: -Xmx64m -Xms64m -Dorg.gradle.appname=gradlew org.gradle.wrapper.GradleWrapperMain installDebug

Host: Intel(R) Core(TM) i7-8700 CPU @ 3.20GHz, 12 cores, 31G,  Windows 11 , 64 bit Build 26100 (10.0.26100.4484)
Time: Sun Jul 20 22:22:56 2025 FLE Daylight Time elapsed time: 5.536720 seconds (0d 0h 0m 5s)

---------------  T H R E A D  ---------------

Current thread (0x000001fec77c4540):  JavaThread "main" [_thread_in_native, id=22564, stack(0x000000a952f00000,0x000000a953000000)]

Stack: [0x000000a952f00000,0x000000a953000000],  sp=0x000000a952ffccc0,  free space=1011k
Native frames: (J=compiled Java code, j=interpreted, Vv=VM code, C=native code)
C  [ASProxy64.dll+0xc274]

Java frames: (J=compiled Java code, j=interpreted, Vv=VM code)
j  sun.nio.ch.WEPoll.ctl(JIJI)I+0 java.base@17.0.12
j  sun.nio.ch.WEPollSelectorImpl.<init>(Ljava/nio/channels/spi/SelectorProvider;)V+138 java.base@17.0.12
j  sun.nio.ch.WEPollSelectorProvider.openSelector()Ljava/nio/channels/spi/AbstractSelector;+5 java.base@17.0.12
j  java.nio.channels.Selector.open()Ljava/nio/channels/Selector;+3 java.base@17.0.12
j  org.gradle.internal.remote.internal.inet.SocketConnection$SocketInputStream.<init>(Ljava/nio/channels/SocketChannel;)V+17
j  org.gradle.internal.remote.internal.inet.SocketConnection.<init>(Ljava/nio/channels/SocketChannel;Lorg/gradle/internal/remote/internal/MessageSerializer;Lorg/gradle/internal/serialize/StatefulSerializer;)V+27
j  org.gradle.internal.remote.internal.inet.SocketConnectCompletion.create(Lorg/gradle/internal/serialize/StatefulSerializer;)Lorg/gradle/internal/remote/internal/RemoteConnection;+16
j  org.gradle.launcher.daemon.client.DefaultDaemonConnector.connectToDaemon(Lorg/gradle/launcher/daemon/context/DaemonConnectDetails;Lorg/gradle/launcher/daemon/client/DaemonClientConnection$StaleAddressDetector;)Lorg/gradle/launcher/daemon/client/DaemonClientConnection;+45
j  org.gradle.launcher.daemon.client.DefaultDaemonConnector.connectToDaemonWithId(Lorg/gradle/launcher/daemon/diagnostics/DaemonStartupInfo;Lorg/gradle/api/internal/specs/ExplainingSpec;)Lorg/gradle/launcher/daemon/client/DaemonClientConnection;+116
j  org.gradle.launcher.daemon.client.DefaultDaemonConnector.doStartDaemon(Lorg/gradle/api/internal/specs/ExplainingSpec;Z)Lorg/gradle/launcher/daemon/client/DaemonClientConnection;+61
j  org.gradle.launcher.daemon.client.DefaultDaemonConnector.startDaemon(Lorg/gradle/api/internal/specs/ExplainingSpec;)Lorg/gradle/launcher/daemon/client/DaemonClientConnection;+3
j  org.gradle.launcher.daemon.client.DaemonClient.execute(Lorg/gradle/internal/invocation/BuildAction;Lorg/gradle/launcher/exec/BuildActionParameters;Lorg/gradle/internal/daemon/client/execution/ClientBuildRequestContext;)Lorg/gradle/launcher/exec/BuildActionResult;+201
j  org.gradle.launcher.daemon.client.DaemonClient.execute(Lorg/gradle/internal/invocation/BuildAction;Ljava/lang/Object;Ljava/lang/Object;)Lorg/gradle/launcher/exec/BuildActionResult;+10
j  org.gradle.launcher.cli.RunBuildAction.run()V+67
j  org.gradle.internal.Actions$RunnableActionAdapter.execute(Ljava/lang/Object;)V+4
j  org.gradle.launcher.cli.DefaultCommandLineActionFactory$ParseAndBuildAction.execute(Lorg/gradle/launcher/bootstrap/ExecutionListener;)V+129
j  org.gradle.launcher.cli.DefaultCommandLineActionFactory$ParseAndBuildAction.execute(Ljava/lang/Object;)V+5
j  org.gradle.launcher.cli.DebugLoggerWarningAction.execute(Lorg/gradle/launcher/bootstrap/ExecutionListener;)V+9
j  org.gradle.launcher.cli.DebugLoggerWarningAction.execute(Ljava/lang/Object;)V+5
j  org.gradle.launcher.cli.WelcomeMessageAction.execute(Lorg/gradle/launcher/bootstrap/ExecutionListener;)V+218
j  org.gradle.launcher.cli.WelcomeMessageAction.execute(Ljava/lang/Object;)V+5
j  org.gradle.launcher.cli.NativeServicesInitializingAction.execute(Lorg/gradle/launcher/bootstrap/ExecutionListener;)V+38
j  org.gradle.launcher.cli.NativeServicesInitializingAction.execute(Ljava/lang/Object;)V+5
j  org.gradle.launcher.cli.ExceptionReportingAction.execute(Lorg/gradle/launcher/bootstrap/ExecutionListener;)V+5
j  org.gradle.launcher.cli.ExceptionReportingAction.execute(Ljava/lang/Object;)V+5
j  org.gradle.launcher.cli.DefaultCommandLineActionFactory$WithLogging.execute(Lorg/gradle/launcher/bootstrap/ExecutionListener;)V+309
j  org.gradle.launcher.Main.doAction([Ljava/lang/String;Lorg/gradle/launcher/bootstrap/ExecutionListener;)V+14
j  org.gradle.launcher.bootstrap.EntryPoint.run([Ljava/lang/String;)V+12
v  ~StubRoutines::call_stub
j  jdk.internal.reflect.NativeMethodAccessorImpl.invoke0(Ljava/lang/reflect/Method;Ljava/lang/Object;[Ljava/lang/Object;)Ljava/lang/Object;+0 java.base@17.0.12
j  jdk.internal.reflect.NativeMethodAccessorImpl.invoke(Ljava/lang/Object;[Ljava/lang/Object;)Ljava/lang/Object;+133 java.base@17.0.12
j  jdk.internal.reflect.DelegatingMethodAccessorImpl.invoke(Ljava/lang/Object;[Ljava/lang/Object;)Ljava/lang/Object;+6 java.base@17.0.12
j  java.lang.reflect.Method.invoke(Ljava/lang/Object;[Ljava/lang/Object;)Ljava/lang/Object;+59 java.base@17.0.12
j  org.gradle.launcher.bootstrap.ProcessBootstrap.runNoExit(Ljava/lang/String;Ljava/lang/String;Ljava/lang/String;[Ljava/lang/String;)V+205
j  org.gradle.launcher.bootstrap.ProcessBootstrap.run(Ljava/lang/String;Ljava/lang/String;Ljava/lang/String;[Ljava/lang/String;)V+4
j  org.gradle.launcher.GradleMain.main([Ljava/lang/String;)V+68
v  ~StubRoutines::call_stub
j  jdk.internal.reflect.NativeMethodAccessorImpl.invoke0(Ljava/lang/reflect/Method;Ljava/lang/Object;[Ljava/lang/Object;)Ljava/lang/Object;+0 java.base@17.0.12
j  jdk.internal.reflect.NativeMethodAccessorImpl.invoke(Ljava/lang/Object;[Ljava/lang/Object;)Ljava/lang/Object;+133 java.base@17.0.12
j  jdk.internal.reflect.DelegatingMethodAccessorImpl.invoke(Ljava/lang/Object;[Ljava/lang/Object;)Ljava/lang/Object;+6 java.base@17.0.12
j  java.lang.reflect.Method.invoke(Ljava/lang/Object;[Ljava/lang/Object;)Ljava/lang/Object;+59 java.base@17.0.12
j  org.gradle.wrapper.BootstrapMainStarter.start([Ljava/lang/String;Ljava/io/File;)V+105
j  org.gradle.wrapper.WrapperExecutor.execute([Ljava/lang/String;Lorg/gradle/wrapper/Install;Lorg/gradle/wrapper/BootstrapMainStarter;)V+14
j  org.gradle.wrapper.GradleWrapperMain.main([Ljava/lang/String;)V+187
v  ~StubRoutines::call_stub

siginfo: EXCEPTION_ACCESS_VIOLATION (0xc0000005), reading address 0x00000000000009f0


Registers:
RAX=0x0000000000000000, RBX=0x000001fee914b5f8, RCX=0x0000000000000904, RDX=0x0000000000000002
RSP=0x000000a952ffccc0, RBP=0x00000000000009f0, RSI=0x000001fee8914510, RDI=0x00000000000009f0
R8 =0x7ffffffffffffffc, R9 =0x0000000000000001, R10=0x0000000000000904, R11=0x000001fec77b7f68
R12=0x000000a952ffcf00, R13=0x00000000000009e4, R14=0x000001fee89144e0, R15=0x00000000000009e4
RIP=0x000000018000c274, EFLAGS=0x0000000000010246


Register to memory mapping:

RIP=0x000000018000c274 ASProxy64.dll
RAX=0x0 is NULL
RBX=0x000001fee914b5f8 points into unknown readable memory: 0x0000000000000000 | 00 00 00 00 00 00 00 00
RCX=0x0000000000000904 is an unknown value
RDX=0x0000000000000002 is an unknown value
RSP=0x000000a952ffccc0 is pointing into the stack for thread: 0x000001fec77c4540
RBP=0x00000000000009f0 is an unknown value
RSI=0x000001fee8914510 points into unknown readable memory: 0x000001fee8914510 | 10 45 91 e8 fe 01 00 00
RDI=0x00000000000009f0 is an unknown value
R8 =0x7ffffffffffffffc is an unknown value
R9 =0x0000000000000001 is an unknown value
R10=0x0000000000000904 is an unknown value
R11=0x000001fec77b7f68 points into unknown readable memory: 0x00000000000007d0 | d0 07 00 00 00 00 00 00
R12=0x000000a952ffcf00 is pointing into the stack for thread: 0x000001fec77c4540
R13=0x00000000000009e4 is an unknown value
R14=0x000001fee89144e0 points into unknown readable memory: 0x00000000000009f0 | f0 09 00 00 00 00 00 00
R15=0x00000000000009e4 is an unknown value


Top of Stack: (sp=0x000000a952ffccc0)
0x000000a952ffccc0:   0000000000000000 0000000000000000
0x000000a952ffccd0:   00000000000009f0 000000018001f4c2
0x000000a952ffcce0:   0000000180065ec8 0000000000002736
0x000000a952ffccf0:   0000000000000002 0000000000000904
0x000000a952ffcd00:   00000000000009f0 000000018000c506
0x000000a952ffcd10:   000001fee914b5f8 0000000000002736
0x000000a952ffcd20:   0000000000000000 0000000000000008
0x000000a952ffcd30:   000000a90000001e 0000000000000000
0x000000a952ffcd40:   00000000000009f0 0000000000000000
0x000000a952ffcd50:   0000000000000001 0000000000000000
0x000000a952ffcd60:   00000000000009f0 00007ffc71b17716
0x000000a952ffcd70:   0000000000000904 0000000000000902
0x000000a952ffcd80:   000001fee8914510 0000000000000000
0x000000a952ffcd90:   0000000000000000 000001fe00000000
0x000000a952ffcda0:   0000000000000003 000001fe00000001
0x000000a952ffcdb0:   0000000000000000 0000000000000000 

Instructions: (pc=0x000000018000c274)
0x000000018000c174:   70 48 8b 6c 24 78 32 c0 48 83 c4 50 41 5c c3 cc
0x000000018000c184:   cc cc cc cc cc cc cc cc cc cc cc cc 48 85 c9 74
0x000000018000c194:   23 8b 05 ad ff 06 00 89 01 8b 05 a9 ff 06 00 89
0x000000018000c1a4:   41 04 8b 05 a4 ff 06 00 89 41 08 8b 05 9f ff 06
0x000000018000c1b4:   00 89 41 0c f3 c3 cc cc cc cc cc cc c6 01 01 c7
0x000000018000c1c4:   02 01 00 00 00 c3 cc cc cc cc cc cc 48 89 5c 24
0x000000018000c1d4:   08 57 48 83 ec 70 48 8b fa 8b d9 48 8d 15 82 73
0x000000018000c1e4:   05 00 48 8d 4c 24 20 45 33 c0 48 c7 44 24 40 0f
0x000000018000c1f4:   00 00 00 48 c7 44 24 38 00 00 00 00 c6 44 24 28
0x000000018000c204:   00 e8 d6 6b ff ff 4c 8d 4c 24 20 48 8d 4c 24 48
0x000000018000c214:   41 b0 01 8b d3 e8 52 06 02 00 48 83 78 20 10 72
0x000000018000c224:   06 48 8b 48 08 eb 05 48 8d 48 08 90 0f b6 01 48
0x000000018000c234:   ff c7 48 ff c1 88 47 ff 84 c0 75 f0 48 83 7c 24
0x000000018000c244:   68 10 72 0a 48 8b 4c 24 50 e8 52 94 03 00 48 8b
0x000000018000c254:   9c 24 80 00 00 00 48 83 c4 70 5f c3 48 83 ec 48
0x000000018000c264:   0f b6 c2 0f 57 c0 0f 11 44 24 ff 25 00 00 00 00
0x000000018000c274:   ae 7e 17 c6 fc 7f 00 00 8b 44 24 04 0f af 04 24
0x000000018000c284:   89 04 24 8b 44 24 04 0f af 04 24 83 c0 01 89 04
0x000000018000c294:   24 8b 44 24 04 0f af 04 24 83 c0 02 89 04 24 8b
0x000000018000c2a4:   44 24 04 0f af 04 24 83 c0 03 89 04 24 8b 44 24
0x000000018000c2b4:   04 0f af 04 24 83 c0 04 89 04 24 8b 44 24 04 0f
0x000000018000c2c4:   af 04 24 83 c0 05 89 04 24 8b 44 24 04 0f af 04
0x000000018000c2d4:   24 83 c0 06 89 04 24 8b 44 24 04 0f af 04 24 83
0x000000018000c2e4:   c0 07 89 04 24 8b 44 24 04 0f af 04 24 83 c0 08
0x000000018000c2f4:   89 04 24 8b 44 24 04 0f af 04 24 83 c0 09 89 04
0x000000018000c304:   24 8b 44 24 04 0f af 04 24 83 c0 0a 89 04 24 8b
0x000000018000c314:   44 24 04 0f af 04 24 83 c0 0b 89 04 24 8b 44 24
0x000000018000c324:   04 0f af 04 24 83 c0 0d 89 04 24 8b 44 24 04 0f
0x000000018000c334:   af 04 24 83 c0 0e 89 04 24 8b 44 24 04 0f af 04
0x000000018000c344:   24 83 c0 0f 89 04 24 8b 44 24 04 0f af 04 24 83
0x000000018000c354:   c0 10 89 04 24 8b 44 24 04 0f af 04 24 83 c0 11
0x000000018000c364:   89 04 24 8b 44 24 04 0f af 04 24 83 c0 12 89 04 


Stack slot to memory mapping:
stack at sp + 0 slots: 0x0 is NULL
stack at sp + 1 slots: 0x0 is NULL
stack at sp + 2 slots: 0x00000000000009f0 is an unknown value
stack at sp + 3 slots: 0x000000018001f4c2 ASProxy64.dll
stack at sp + 4 slots: 0x0000000180065ec8 ASProxy64.dll
stack at sp + 5 slots: 0x0000000000002736 is an unknown value
stack at sp + 6 slots: 0x0000000000000002 is an unknown value
stack at sp + 7 slots: 0x0000000000000904 is an unknown value


---------------  P R O C E S S  ---------------

Threads class SMR info:
_java_thread_list=0x000001fee9146810, length=13, elements={
0x000001fec77c4540, 0x000001fec787eb70, 0x000001fec787f730, 0x000001fee30e6120,
0x000001fee30e8af0, 0x000001fee30e9c50, 0x000001fee30ea610, 0x000001fee30eb3b0,
0x000001fee30f1950, 0x000001fee30f5760, 0x000001fee333e4d0, 0x000001fee3354e30,
0x000001fee94c5990
}

Java Threads: ( => current thread )
=>0x000001fec77c4540 JavaThread "main" [_thread_in_native, id=22564, stack(0x000000a952f00000,0x000000a953000000)]
  0x000001fec787eb70 JavaThread "Reference Handler" daemon [_thread_blocked, id=10560, stack(0x000000a953600000,0x000000a953700000)]
  0x000001fec787f730 JavaThread "Finalizer" daemon [_thread_blocked, id=22556, stack(0x000000a953700000,0x000000a953800000)]
  0x000001fee30e6120 JavaThread "Signal Dispatcher" daemon [_thread_blocked, id=22496, stack(0x000000a953800000,0x000000a953900000)]
  0x000001fee30e8af0 JavaThread "Attach Listener" daemon [_thread_blocked, id=22724, stack(0x000000a953900000,0x000000a953a00000)]
  0x000001fee30e9c50 JavaThread "Service Thread" daemon [_thread_blocked, id=22704, stack(0x000000a953a00000,0x000000a953b00000)]
  0x000001fee30ea610 JavaThread "Monitor Deflation Thread" daemon [_thread_blocked, id=22720, stack(0x000000a953b00000,0x000000a953c00000)]
  0x000001fee30eb3b0 JavaThread "C2 CompilerThread0" daemon [_thread_blocked, id=3364, stack(0x000000a953c00000,0x000000a953d00000)]
  0x000001fee30f1950 JavaThread "C1 CompilerThread0" daemon [_thread_blocked, id=22716, stack(0x000000a953d00000,0x000000a953e00000)]
  0x000001fee30f5760 JavaThread "Sweeper thread" daemon [_thread_blocked, id=23536, stack(0x000000a953e00000,0x000000a953f00000)]
  0x000001fee333e4d0 JavaThread "Notification Thread" daemon [_thread_blocked, id=2112, stack(0x000000a953f00000,0x000000a954000000)]
  0x000001fee3354e30 JavaThread "Common-Cleaner" daemon [_thread_blocked, id=23500, stack(0x000000a954100000,0x000000a954200000)]
  0x000001fee94c5990 JavaThread "pool-1-thread-1" [_thread_blocked, id=22936, stack(0x000000a955300000,0x000000a955400000)]

Other Threads:
  0x000001fec7878920 VMThread "VM Thread" [stack: 0x000000a953500000,0x000000a953600000] [id=21512]
  0x000001fee33549f0 WatcherThread [stack: 0x000000a954000000,0x000000a954100000] [id=23432]
  0x000001fec77e5c20 GCTaskThread "GC Thread#0" [stack: 0x000000a953000000,0x000000a953100000] [id=22540]
  0x000001fee8051310 GCTaskThread "GC Thread#1" [stack: 0x000000a955400000,0x000000a955500000] [id=21516]
  0x000001fee82d25e0 GCTaskThread "GC Thread#2" [stack: 0x000000a955500000,0x000000a955600000] [id=21580]
  0x000001fee35d6f40 GCTaskThread "GC Thread#3" [stack: 0x000000a955600000,0x000000a955700000] [id=21564]
  0x000001fee8b26e40 GCTaskThread "GC Thread#4" [stack: 0x000000a954e00000,0x000000a954f00000] [id=22884]
  0x000001fee8e6ac80 GCTaskThread "GC Thread#5" [stack: 0x000000a955700000,0x000000a955800000] [id=22544]
  0x000001fee8a89860 GCTaskThread "GC Thread#6" [stack: 0x000000a955800000,0x000000a955900000] [id=22796]
  0x000001fec77e7370 ConcurrentGCThread "G1 Main Marker" [stack: 0x000000a953100000,0x000000a953200000] [id=22532]
  0x000001fec77e7d80 ConcurrentGCThread "G1 Conc#0" [stack: 0x000000a953200000,0x000000a953300000] [id=23520]
  0x000001fec7855e20 ConcurrentGCThread "G1 Refine#0" [stack: 0x000000a953300000,0x000000a953400000] [id=22368]
  0x000001fec7856850 ConcurrentGCThread "G1 Service" [stack: 0x000000a953400000,0x000000a953500000] [id=23440]

Threads with active compile tasks:

VM state: not at safepoint (normal execution)

VM Mutex/Monitor currently owned by a thread: None

Heap address: 0x00000000fc000000, size: 64 MB, Compressed Oops mode: 32-bit

CDS archive(s) mapped at: [0x000001fe80000000-0x000001fe80bd0000-0x000001fe80bd0000), size 12386304, SharedBaseAddress: 0x000001fe80000000, ArchiveRelocationMode: 1.
Compressed class space mapped at: 0x000001fe81000000-0x000001fec1000000, reserved size: 1073741824
Narrow klass base: 0x000001fe80000000, Narrow klass shift: 0, Narrow klass range: 0x100000000

GC Precious Log:
 CPUs: 12 total, 12 available
 Memory: 32564M
 Large Page Support: Disabled
 NUMA Support: Disabled
 Compressed Oops: Enabled (32-bit)
 Heap Region Size: 1M
 Heap Min Capacity: 64M
 Heap Initial Capacity: 64M
 Heap Max Capacity: 64M
 Pre-touch: Disabled
 Parallel Workers: 10
 Concurrent Workers: 3
 Concurrent Refinement Workers: 10
 Periodic GC: Disabled

Heap:
 garbage-first heap   total 65536K, used 21716K [0x00000000fc000000, 0x0000000100000000)
  region size 1024K, 16 young (16384K), 5 survivors (5120K)
 Metaspace       used 9860K, committed 10048K, reserved 1114112K
  class space    used 1301K, committed 1408K, reserved 1048576K

Heap Regions: E=young(eden), S=young(survivor), O=old, HS=humongous(starts), HC=humongous(continues), CS=collection set, F=free, OA=open archive, CA=closed archive, TAMS=top-at-mark-start (previous, next)
|   0|0x00000000fc000000, 0x00000000fc100000, 0x00000000fc100000|100%|HS|  |TAMS 0x00000000fc000000, 0x00000000fc000000| Complete 
|   1|0x00000000fc100000, 0x00000000fc200000, 0x00000000fc200000|100%|HC|  |TAMS 0x00000000fc100000, 0x00000000fc100000| Complete 
|   2|0x00000000fc200000, 0x00000000fc300000, 0x00000000fc300000|100%|HC|  |TAMS 0x00000000fc200000, 0x00000000fc200000| Complete 
|   3|0x00000000fc300000, 0x00000000fc400000, 0x00000000fc400000|100%| O|  |TAMS 0x00000000fc300000, 0x00000000fc300000| Untracked 
|   4|0x00000000fc400000, 0x00000000fc500000, 0x00000000fc500000|100%| O|  |TAMS 0x00000000fc400000, 0x00000000fc400000| Untracked 
|   5|0x00000000fc500000, 0x00000000fc600000, 0x00000000fc600000|100%| O|  |TAMS 0x00000000fc500000, 0x00000000fc500000| Untracked 
|   6|0x00000000fc600000, 0x00000000fc635200, 0x00000000fc700000| 20%| O|  |TAMS 0x00000000fc600000, 0x00000000fc600000| Untracked 
|   7|0x00000000fc700000, 0x00000000fc700000, 0x00000000fc800000|  0%| F|  |TAMS 0x00000000fc700000, 0x00000000fc700000| Untracked 
|   8|0x00000000fc800000, 0x00000000fc800000, 0x00000000fc900000|  0%| F|  |TAMS 0x00000000fc800000, 0x00000000fc800000| Untracked 
|   9|0x00000000fc900000, 0x00000000fc900000, 0x00000000fca00000|  0%| F|  |TAMS 0x00000000fc900000, 0x00000000fc900000| Untracked 
|  10|0x00000000fca00000, 0x00000000fca00000, 0x00000000fcb00000|  0%| F|  |TAMS 0x00000000fca00000, 0x00000000fca00000| Untracked 
|  11|0x00000000fcb00000, 0x00000000fcb00000, 0x00000000fcc00000|  0%| F|  |TAMS 0x00000000fcb00000, 0x00000000fcb00000| Untracked 
|  12|0x00000000fcc00000, 0x00000000fcc00000, 0x00000000fcd00000|  0%| F|  |TAMS 0x00000000fcc00000, 0x00000000fcc00000| Untracked 
|  13|0x00000000fcd00000, 0x00000000fcd00000, 0x00000000fce00000|  0%| F|  |TAMS 0x00000000fcd00000, 0x00000000fcd00000| Untracked 
|  14|0x00000000fce00000, 0x00000000fce00000, 0x00000000fcf00000|  0%| F|  |TAMS 0x00000000fce00000, 0x00000000fce00000| Untracked 
|  15|0x00000000fcf00000, 0x00000000fcf00000, 0x00000000fd000000|  0%| F|  |TAMS 0x00000000fcf00000, 0x00000000fcf00000| Untracked 
|  16|0x00000000fd000000, 0x00000000fd000000, 0x00000000fd100000|  0%| F|  |TAMS 0x00000000fd000000, 0x00000000fd000000| Untracked 
|  17|0x00000000fd100000, 0x00000000fd100000, 0x00000000fd200000|  0%| F|  |TAMS 0x00000000fd100000, 0x00000000fd100000| Untracked 
|  18|0x00000000fd200000, 0x00000000fd200000, 0x00000000fd300000|  0%| F|  |TAMS 0x00000000fd200000, 0x00000000fd200000| Untracked 
|  19|0x00000000fd300000, 0x00000000fd300000, 0x00000000fd400000|  0%| F|  |TAMS 0x00000000fd300000, 0x00000000fd300000| Untracked 
|  20|0x00000000fd400000, 0x00000000fd400000, 0x00000000fd500000|  0%| F|  |TAMS 0x00000000fd400000, 0x00000000fd400000| Untracked 
|  21|0x00000000fd500000, 0x00000000fd500000, 0x00000000fd600000|  0%| F|  |TAMS 0x00000000fd500000, 0x00000000fd500000| Untracked 
|  22|0x00000000fd600000, 0x00000000fd600000, 0x00000000fd700000|  0%| F|  |TAMS 0x00000000fd600000, 0x00000000fd600000| Untracked 
|  23|0x00000000fd700000, 0x00000000fd700000, 0x00000000fd800000|  0%| F|  |TAMS 0x00000000fd700000, 0x00000000fd700000| Untracked 
|  24|0x00000000fd800000, 0x00000000fd800000, 0x00000000fd900000|  0%| F|  |TAMS 0x00000000fd800000, 0x00000000fd800000| Untracked 
|  25|0x00000000fd900000, 0x00000000fd900000, 0x00000000fda00000|  0%| F|  |TAMS 0x00000000fd900000, 0x00000000fd900000| Untracked 
|  26|0x00000000fda00000, 0x00000000fdb00000, 0x00000000fdb00000|100%| S|CS|TAMS 0x00000000fda00000, 0x00000000fda00000| Complete 
|  27|0x00000000fdb00000, 0x00000000fdc00000, 0x00000000fdc00000|100%| S|CS|TAMS 0x00000000fdb00000, 0x00000000fdb00000| Complete 
|  28|0x00000000fdc00000, 0x00000000fdd00000, 0x00000000fdd00000|100%| S|CS|TAMS 0x00000000fdc00000, 0x00000000fdc00000| Complete 
|  29|0x00000000fdd00000, 0x00000000fde00000, 0x00000000fde00000|100%| S|CS|TAMS 0x00000000fdd00000, 0x00000000fdd00000| Complete 
|  30|0x00000000fde00000, 0x00000000fdf00000, 0x00000000fdf00000|100%| S|CS|TAMS 0x00000000fde00000, 0x00000000fde00000| Complete 
|  31|0x00000000fdf00000, 0x00000000fdf00000, 0x00000000fe000000|  0%| F|  |TAMS 0x00000000fdf00000, 0x00000000fdf00000| Untracked 
|  32|0x00000000fe000000, 0x00000000fe000000, 0x00000000fe100000|  0%| F|  |TAMS 0x00000000fe000000, 0x00000000fe000000| Untracked 
|  33|0x00000000fe100000, 0x00000000fe100000, 0x00000000fe200000|  0%| F|  |TAMS 0x00000000fe100000, 0x00000000fe100000| Untracked 
|  34|0x00000000fe200000, 0x00000000fe200000, 0x00000000fe300000|  0%| F|  |TAMS 0x00000000fe200000, 0x00000000fe200000| Untracked 
|  35|0x00000000fe300000, 0x00000000fe300000, 0x00000000fe400000|  0%| F|  |TAMS 0x00000000fe300000, 0x00000000fe300000| Untracked 
|  36|0x00000000fe400000, 0x00000000fe400000, 0x00000000fe500000|  0%| F|  |TAMS 0x00000000fe400000, 0x00000000fe400000| Untracked 
|  37|0x00000000fe500000, 0x00000000fe500000, 0x00000000fe600000|  0%| F|  |TAMS 0x00000000fe500000, 0x00000000fe500000| Untracked 
|  38|0x00000000fe600000, 0x00000000fe600000, 0x00000000fe700000|  0%| F|  |TAMS 0x00000000fe600000, 0x00000000fe600000| Untracked 
|  39|0x00000000fe700000, 0x00000000fe700000, 0x00000000fe800000|  0%| F|  |TAMS 0x00000000fe700000, 0x00000000fe700000| Untracked 
|  40|0x00000000fe800000, 0x00000000fe800000, 0x00000000fe900000|  0%| F|  |TAMS 0x00000000fe800000, 0x00000000fe800000| Untracked 
|  41|0x00000000fe900000, 0x00000000fe900000, 0x00000000fea00000|  0%| F|  |TAMS 0x00000000fe900000, 0x00000000fe900000| Untracked 
|  42|0x00000000fea00000, 0x00000000fea00000, 0x00000000feb00000|  0%| F|  |TAMS 0x00000000fea00000, 0x00000000fea00000| Untracked 
|  43|0x00000000feb00000, 0x00000000feb00000, 0x00000000fec00000|  0%| F|  |TAMS 0x00000000feb00000, 0x00000000feb00000| Untracked 
|  44|0x00000000fec00000, 0x00000000fec00000, 0x00000000fed00000|  0%| F|  |TAMS 0x00000000fec00000, 0x00000000fec00000| Untracked 
|  45|0x00000000fed00000, 0x00000000fed00000, 0x00000000fee00000|  0%| F|  |TAMS 0x00000000fed00000, 0x00000000fed00000| Untracked 
|  46|0x00000000fee00000, 0x00000000fee00000, 0x00000000fef00000|  0%| F|  |TAMS 0x00000000fee00000, 0x00000000fee00000| Untracked 
|  47|0x00000000fef00000, 0x00000000fef00000, 0x00000000ff000000|  0%| F|  |TAMS 0x00000000fef00000, 0x00000000fef00000| Untracked 
|  48|0x00000000ff000000, 0x00000000ff000000, 0x00000000ff100000|  0%| F|  |TAMS 0x00000000ff000000, 0x00000000ff000000| Untracked 
|  49|0x00000000ff100000, 0x00000000ff100000, 0x00000000ff200000|  0%| F|  |TAMS 0x00000000ff100000, 0x00000000ff100000| Untracked 
|  50|0x00000000ff200000, 0x00000000ff200000, 0x00000000ff300000|  0%| F|  |TAMS 0x00000000ff200000, 0x00000000ff200000| Untracked 
|  51|0x00000000ff300000, 0x00000000ff300000, 0x00000000ff400000|  0%| F|  |TAMS 0x00000000ff300000, 0x00000000ff300000| Untracked 
|  52|0x00000000ff400000, 0x00000000ff400000, 0x00000000ff500000|  0%| F|  |TAMS 0x00000000ff400000, 0x00000000ff400000| Untracked 
|  53|0x00000000ff500000, 0x00000000ff600000, 0x00000000ff600000|100%| E|  |TAMS 0x00000000ff500000, 0x00000000ff500000| Complete 
|  54|0x00000000ff600000, 0x00000000ff700000, 0x00000000ff700000|100%| E|CS|TAMS 0x00000000ff600000, 0x00000000ff600000| Complete 
|  55|0x00000000ff700000, 0x00000000ff800000, 0x00000000ff800000|100%| E|CS|TAMS 0x00000000ff700000, 0x00000000ff700000| Complete 
|  56|0x00000000ff800000, 0x00000000ff900000, 0x00000000ff900000|100%| E|CS|TAMS 0x00000000ff800000, 0x00000000ff800000| Complete 
|  57|0x00000000ff900000, 0x00000000ffa00000, 0x00000000ffa00000|100%| E|CS|TAMS 0x00000000ff900000, 0x00000000ff900000| Complete 
|  58|0x00000000ffa00000, 0x00000000ffb00000, 0x00000000ffb00000|100%| E|CS|TAMS 0x00000000ffa00000, 0x00000000ffa00000| Complete 
|  59|0x00000000ffb00000, 0x00000000ffc00000, 0x00000000ffc00000|100%| E|CS|TAMS 0x00000000ffb00000, 0x00000000ffb00000| Complete 
|  60|0x00000000ffc00000, 0x00000000ffd00000, 0x00000000ffd00000|100%| E|CS|TAMS 0x00000000ffc00000, 0x00000000ffc00000| Complete 
|  61|0x00000000ffd00000, 0x00000000ffe00000, 0x00000000ffe00000|100%| E|CS|TAMS 0x00000000ffd00000, 0x00000000ffd00000| Complete 
|  62|0x00000000ffe00000, 0x00000000fff00000, 0x00000000fff00000|100%| E|CS|TAMS 0x00000000ffe00000, 0x00000000ffe00000| Complete 
|  63|0x00000000fff00000, 0x0000000100000000, 0x0000000100000000|100%| E|CS|TAMS 0x00000000fff00000, 0x00000000fff00000| Complete 

Card table byte_map: [0x000001fec7560000,0x000001fec7580000] _byte_map_base: 0x000001fec6d80000

Marking Bits (Prev, Next): (CMBitMap*) 0x000001fec77e6240, (CMBitMap*) 0x000001fec77e6280
 Prev Bits: [0x000001fee02d0000, 0x000001fee03d0000)
 Next Bits: [0x000001fee03d0000, 0x000001fee04d0000)

Polling page: 0x000001fec7510000

Metaspace:

Usage:
  Non-class:      8.36 MB used.
      Class:      1.27 MB used.
       Both:      9.63 MB used.

Virtual space:
  Non-class space:       64.00 MB reserved,       8.44 MB ( 13%) committed,  1 nodes.
      Class space:        1.00 GB reserved,       1.38 MB ( <1%) committed,  1 nodes.
             Both:        1.06 GB reserved,       9.81 MB ( <1%) committed. 

Chunk freelists:
   Non-Class:  6.62 MB
       Class:  14.49 MB
        Both:  21.12 MB

MaxMetaspaceSize: unlimited
CompressedClassSpaceSize: 1.00 GB
Initial GC threshold: 21.00 MB
Current GC threshold: 21.00 MB
CDS: on
MetaspaceReclaimPolicy: balanced
 - commit_granule_bytes: 65536.
 - commit_granule_words: 8192.
 - virtual_space_node_default_size: 8388608.
 - enlarge_chunks_in_place: 1.
 - new_chunks_are_fully_committed: 0.
 - uncommit_free_chunks: 1.
 - use_allocation_guard: 0.
 - handle_deallocations: 1.


Internal statistics:

num_allocs_failed_limit: 0.
num_arena_births: 90.
num_arena_deaths: 0.
num_vsnodes_births: 2.
num_vsnodes_deaths: 0.
num_space_committed: 157.
num_space_uncommitted: 0.
num_chunks_returned_to_freelist: 0.
num_chunks_taken_from_freelist: 346.
num_chunk_merges: 0.
num_chunk_splits: 230.
num_chunks_enlarged: 192.
num_inconsistent_stats: 0.

CodeHeap 'non-profiled nmethods': size=120000Kb used=770Kb max_used=770Kb free=119229Kb
 bounds [0x000001fed8100000, 0x000001fed8370000, 0x000001fedf630000]
CodeHeap 'profiled nmethods': size=120000Kb used=3124Kb max_used=3124Kb free=116875Kb
 bounds [0x000001fed0630000, 0x000001fed0940000, 0x000001fed7b60000]
CodeHeap 'non-nmethods': size=5760Kb used=1189Kb max_used=1218Kb free=4570Kb
 bounds [0x000001fed7b60000, 0x000001fed7dd0000, 0x000001fed8100000]
 total_blobs=2081 nmethods=1590 adapters=404
 compilation: enabled
              stopped_count=0, restarted_count=0
 full_count=0

Compilation events (20 events):
Event: 5.509 Thread 0x000001fee30eb3b0 1552       4       java.lang.Character::digit (6 bytes)
Event: 5.510 Thread 0x000001fee30eb3b0 nmethod 1552 0x000001fed81bf910 code [0x000001fed81bfaa0, 0x000001fed81bfc18]
Event: 5.510 Thread 0x000001fee30eb3b0 1571       4       java.lang.StringBuilder::<init> (7 bytes)
Event: 5.512 Thread 0x000001fee30eb3b0 nmethod 1571 0x000001fed81bfd90 code [0x000001fed81bff20, 0x000001fed81c00f8]
Event: 5.514 Thread 0x000001fee30f1950 1581       3       jdk.internal.module.SystemModuleFinders$SystemImage::reader (4 bytes)
Event: 5.514 Thread 0x000001fee30f1950 nmethod 1581 0x000001fed0936710 code [0x000001fed09368a0, 0x000001fed0936998]
Event: 5.515 Thread 0x000001fee30f1950 1582       3       jdk.internal.jimage.ImageReader::requireOpen (18 bytes)
Event: 5.515 Thread 0x000001fee30f1950 nmethod 1582 0x000001fed0936a10 code [0x000001fed0936bc0, 0x000001fed0936de8]
Event: 5.517 Thread 0x000001fee30f1950 1583       3       java.security.Provider$UString::hashCode (8 bytes)
Event: 5.517 Thread 0x000001fee30f1950 nmethod 1583 0x000001fed0936f10 code [0x000001fed09370c0, 0x000001fed0937208]
Event: 5.518 Thread 0x000001fee30f1950 1584       3       java.lang.invoke.TypeConvertingMethodAdapter::descriptorToName (36 bytes)
Event: 5.519 Thread 0x000001fee30f1950 nmethod 1584 0x000001fed0937310 code [0x000001fed09375a0, 0x000001fed0938148]
Event: 5.523 Thread 0x000001fee30eb3b0 1586       4       jdk.internal.misc.Unsafe::convEndian (16 bytes)
Event: 5.523 Thread 0x000001fee30eb3b0 nmethod 1586 0x000001fed81c0590 code [0x000001fed81c0700, 0x000001fed81c0778]
Event: 5.524 Thread 0x000001fee30f1950 1587       3       java.lang.invoke.VarHandleGuards::guard_LII_V (137 bytes)
Event: 5.527 Thread 0x000001fee30f1950 nmethod 1587 0x000001fed0938610 code [0x000001fed0938a60, 0x000001fed093b5f8]
Event: 5.527 Thread 0x000001fee30f1950 1588       3       java.lang.invoke.VarHandleByteArrayAsInts$ArrayHandle::set (39 bytes)
Event: 5.527 Thread 0x000001fee30f1950 nmethod 1588 0x000001fed093c290 code [0x000001fed093c480, 0x000001fed093c9b8]
Event: 5.527 Thread 0x000001fee30f1950 1590       3       java.util.concurrent.ConcurrentHashMap::sumCount (60 bytes)
Event: 5.527 Thread 0x000001fee30f1950 nmethod 1590 0x000001fed093cb90 code [0x000001fed093cd40, 0x000001fed093cf98]

GC Heap History (4 events):
Event: 1.139 GC heap before
{Heap before GC invocations=0 (full 0):
 garbage-first heap   total 65536K, used 22528K [0x00000000fc000000, 0x0000000100000000)
  region size 1024K, 23 young (23552K), 0 survivors (0K)
 Metaspace       used 1848K, committed 1984K, reserved 1114112K
  class space    used 163K, committed 192K, reserved 1048576K
}
Event: 1.170 GC heap after
{Heap after GC invocations=1 (full 0):
 garbage-first heap   total 65536K, used 2368K [0x00000000fc000000, 0x0000000100000000)
  region size 1024K, 3 young (3072K), 3 survivors (3072K)
 Metaspace       used 1848K, committed 1984K, reserved 1114112K
  class space    used 163K, committed 192K, reserved 1048576K
}
Event: 2.775 GC heap before
{Heap before GC invocations=1 (full 0):
 garbage-first heap   total 65536K, used 36160K [0x00000000fc000000, 0x0000000100000000)
  region size 1024K, 33 young (33792K), 3 survivors (3072K)
 Metaspace       used 7890K, committed 8128K, reserved 1114112K
  class space    used 1081K, committed 1216K, reserved 1048576K
}
Event: 2.779 GC heap after
{Heap after GC invocations=2 (full 0):
 garbage-first heap   total 65536K, used 11476K [0x00000000fc000000, 0x0000000100000000)
  region size 1024K, 5 young (5120K), 5 survivors (5120K)
 Metaspace       used 7890K, committed 8128K, reserved 1114112K
  class space    used 1081K, committed 1216K, reserved 1048576K
}

Deoptimization events (20 events):
Event: 3.027 Thread 0x000001fee9118960 DEOPT PACKING pc=0x000001fed8155754 sp=0x000000a955bff010
Event: 3.027 Thread 0x000001fee9118960 DEOPT UNPACKING pc=0x000001fed7bb23a3 sp=0x000000a955bfef58 mode 2
Event: 3.027 Thread 0x000001fee9118960 Uncommon trap: trap_request=0xffffff45 fr.pc=0x000001fed8192420 relative=0x0000000000000400
Event: 3.027 Thread 0x000001fee9118960 Uncommon trap: reason=unstable_if action=reinterpret pc=0x000001fed8192420 method=java.lang.AbstractStringBuilder.isLatin1()Z @ 10 c2
Event: 3.027 Thread 0x000001fee9118960 DEOPT PACKING pc=0x000001fed8192420 sp=0x000000a955bff0e0
Event: 3.027 Thread 0x000001fee9118960 DEOPT UNPACKING pc=0x000001fed7bb23a3 sp=0x000000a955bff060 mode 2
Event: 5.452 Thread 0x000001fee9118960 Uncommon trap: trap_request=0xffffff45 fr.pc=0x000001fed810e204 relative=0x0000000000000084
Event: 5.452 Thread 0x000001fee9118960 Uncommon trap: reason=unstable_if action=reinterpret pc=0x000001fed810e204 method=java.lang.String.codePointAt(I)I @ 4 c2
Event: 5.452 Thread 0x000001fee9118960 DEOPT PACKING pc=0x000001fed810e204 sp=0x000000a955bff050
Event: 5.452 Thread 0x000001fee9118960 DEOPT UNPACKING pc=0x000001fed7bb23a3 sp=0x000000a955bfefe8 mode 2
Event: 5.454 Thread 0x000001fee9118960 Uncommon trap: trap_request=0xffffffde fr.pc=0x000001fed81a7dc4 relative=0x0000000000001384
Event: 5.454 Thread 0x000001fee9118960 Uncommon trap: reason=class_check action=maybe_recompile pc=0x000001fed81a7dc4 method=java.util.concurrent.ConcurrentHashMap.putVal(Ljava/lang/Object;Ljava/lang/Object;Z)Ljava/lang/Object; @ 242 c2
Event: 5.454 Thread 0x000001fee9118960 DEOPT PACKING pc=0x000001fed81a7dc4 sp=0x000000a955bfe5d0
Event: 5.454 Thread 0x000001fee9118960 DEOPT UNPACKING pc=0x000001fed7bb23a3 sp=0x000000a955bfe550 mode 2
Event: 5.466 Thread 0x000001fec77c4540 Uncommon trap: trap_request=0xffffff45 fr.pc=0x000001fed81ad754 relative=0x0000000000001674
Event: 5.466 Thread 0x000001fec77c4540 Uncommon trap: reason=unstable_if action=reinterpret pc=0x000001fed81ad754 method=java.util.concurrent.ConcurrentHashMap.transfer([Ljava/util/concurrent/ConcurrentHashMap$Node;[Ljava/util/concurrent/ConcurrentHashMap$Node;)V @ 26 c2
Event: 5.466 Thread 0x000001fec77c4540 DEOPT PACKING pc=0x000001fed81ad754 sp=0x000000a952ff75f0
Event: 5.466 Thread 0x000001fec77c4540 DEOPT UNPACKING pc=0x000001fed7bb23a3 sp=0x000000a952ff7560 mode 2
Event: 5.499 Thread 0x000001fec77c4540 DEOPT PACKING pc=0x000001fed0921c6a sp=0x000000a952ffb870
Event: 5.499 Thread 0x000001fec77c4540 DEOPT UNPACKING pc=0x000001fed7bb2b43 sp=0x000000a952ffad80 mode 0

Classes unloaded (0 events):
No events

Classes redefined (0 events):
No events

Internal exceptions (20 events):
Event: 2.009 Thread 0x000001fec77c4540 Exception <a 'java/lang/NoClassDefFoundError'{0x00000000ff12c968}: org/slf4j/impl/StaticMarkerBinder> (0x00000000ff12c968) 
thrown [s\open\src\hotspot\share\classfile\systemDictionary.cpp, line 245]
Event: 2.042 Thread 0x000001fec77c4540 Exception <a 'java/lang/NoSuchMethodError'{0x00000000ff058680}: 'java.lang.Object java.lang.invoke.Invokers$Holder.invoker(java.lang.Object, java.lang.Object, java.lang.Object)'> (0x00000000ff058680) 
thrown [s\open\src\hotspot\share\interpreter\linkResolver.cpp, line 759]
Event: 2.043 Thread 0x000001fec77c4540 Exception <a 'java/lang/NoSuchMethodError'{0x00000000ff0617d8}: 'java.lang.Object java.lang.invoke.DirectMethodHandle$Holder.invokeStatic(java.lang.Object, java.lang.Object, int)'> (0x00000000ff0617d8) 
thrown [s\open\src\hotspot\share\interpreter\linkResolver.cpp, line 759]
Event: 2.047 Thread 0x000001fec77c4540 Exception <a 'java/lang/NoSuchMethodError'{0x00000000ff06d4c8}: 'void java.lang.invoke.DelegatingMethodHandle$Holder.delegate(java.lang.Object, java.lang.Object, int, java.lang.Object)'> (0x00000000ff06d4c8) 
thrown [s\open\src\hotspot\share\interpreter\linkResolver.cpp, line 759]
Event: 2.051 Thread 0x000001fec77c4540 Exception <a 'java/lang/NoSuchMethodError'{0x00000000ff080da8}: 'java.lang.Object java.lang.invoke.Invokers$Holder.invokeExact_MT(java.lang.Object, java.lang.Object, java.lang.Object, java.lang.Object)'> (0x00000000ff080da8) 
thrown [s\open\src\hotspot\share\interpreter\linkResolver.cpp, line 759]
Event: 2.059 Thread 0x000001fec77c4540 Exception <a 'java/lang/NoSuchMethodError'{0x00000000ff0ad038}: 'java.lang.Object java.lang.invoke.DirectMethodHandle$Holder.invokeVirtual(java.lang.Object, java.lang.Object, java.lang.Object)'> (0x00000000ff0ad038) 
thrown [s\open\src\hotspot\share\interpreter\linkResolver.cpp, line 759]
Event: 2.399 Thread 0x000001fec77c4540 Exception <a 'java/lang/NoSuchMethodError'{0x00000000feb2cc88}: 'java.lang.Object java.lang.invoke.DirectMethodHandle$Holder.newInvokeSpecial(java.lang.Object, java.lang.Object, java.lang.Object, java.lang.Object, java.lang.Object)'> (0x00000000feb2cc88) 
thrown [s\open\src\hotspot\share\interpreter\linkResolver.cpp, line 759]
Event: 2.426 Thread 0x000001fec77c4540 Exception <a 'java/lang/NoSuchMethodError'{0x00000000fea520d8}: 'void java.lang.invoke.DirectMethodHandle$Holder.invokeSpecial(java.lang.Object, java.lang.Object, java.lang.Object)'> (0x00000000fea520d8) 
thrown [s\open\src\hotspot\share\interpreter\linkResolver.cpp, line 759]
Event: 2.575 Thread 0x000001fec77c4540 Exception <a 'java/lang/NoSuchMethodError'{0x00000000fe56bab0}: 'void java.lang.invoke.DirectMethodHandle$Holder.invokeStatic(java.lang.Object, java.lang.Object, java.lang.Object)'> (0x00000000fe56bab0) 
thrown [s\open\src\hotspot\share\interpreter\linkResolver.cpp, line 759]
Event: 2.633 Thread 0x000001fec77c4540 Exception <a 'java/lang/NoSuchMethodError'{0x00000000fe3ff928}: 'java.lang.Object java.lang.invoke.DirectMethodHandle$Holder.newInvokeSpecial(java.lang.Object, java.lang.Object, java.lang.Object, java.lang.Object, java.lang.Object, java.lang.Object, java.lang.Object, java.lang.Object, java.lang.Object, java.lang.Object, java.lang.Object, java.lang.Object, java.lang.Object, java.lang.Object, java.lang.Object, java.lang.Object, java.lang.Object, java.lang.Object, java.lang.Object, java.lang.Object, java.lang
Event: 2.634 Thread 0x000001fec77c4540 Exception <a 'java/lang/NoSuchMethodError'{0x00000000fe20c3f0}: 'java.lang.Object java.lang.invoke.Invokers$Holder.linkToTargetMethod(java.lang.Object, java.lang.Object, java.lang.Object, java.lang.Object, java.lang.Object, java.lang.Object, java.lang.Object, java.lang.Object, java.lang.Object, java.lang.Object, java.lang.Object, java.lang.Object, java.lang.Object, java.lang.Object, java.lang.Object, java.lang.Object, java.lang.Object, java.lang.Object, java.lang.Object, java.lang.Object, java.lang.Object,
Event: 2.673 Thread 0x000001fec77c4540 Exception <a 'java/lang/NoSuchMethodError'{0x00000000fe0692e8}: 'java.lang.Object java.lang.invoke.DirectMethodHandle$Holder.invokeStaticInit(java.lang.Object, int, int, int, int)'> (0x00000000fe0692e8) 
thrown [s\open\src\hotspot\share\interpreter\linkResolver.cpp, line 759]
Event: 2.746 Thread 0x000001fec77c4540 Exception <a 'java/lang/NoSuchMethodError'{0x00000000fdf4ecf0}: 'java.lang.Object java.lang.invoke.DirectMethodHandle$Holder.invokeStaticInit(java.lang.Object, java.lang.Object, int, int, int, int)'> (0x00000000fdf4ecf0) 
thrown [s\open\src\hotspot\share\interpreter\linkResolver.cpp, line 759]
Event: 2.784 Thread 0x000001fec77c4540 Implicit null exception at 0x000001fed81444f2 to 0x000001fed8144b0c
Event: 2.791 Thread 0x000001fec77c4540 Exception <a 'java/net/ConnectException'{0x00000000fff54840}: Connection refused: no further information> (0x00000000fff54840) 
thrown [s\open\src\hotspot\share\prims\jni.cpp, line 535]
Event: 3.013 Thread 0x000001fee9118960 Exception <a 'java/lang/NoSuchMethodError'{0x00000000ff78e9b0}: 'void java.lang.invoke.DirectMethodHandle$Holder.invokeStatic(java.lang.Object, long)'> (0x00000000ff78e9b0) 
thrown [s\open\src\hotspot\share\interpreter\linkResolver.cpp, line 759]
Event: 3.013 Thread 0x000001fee9118960 Exception <a 'java/lang/NoSuchMethodError'{0x00000000ff794308}: 'java.lang.Object java.lang.invoke.DirectMethodHandle$Holder.newInvokeSpecial(java.lang.Object, long)'> (0x00000000ff794308) 
thrown [s\open\src\hotspot\share\interpreter\linkResolver.cpp, line 759]
Event: 3.015 Thread 0x000001fee9118960 Exception <a 'java/lang/NoSuchMethodError'{0x00000000ff79eeb0}: 'java.lang.Object java.lang.invoke.DirectMethodHandle$Holder.invokeStaticInit(java.lang.Object, java.lang.Object, long, java.lang.Object)'> (0x00000000ff79eeb0) 
thrown [s\open\src\hotspot\share\interpreter\linkResolver.cpp, line 759]
Event: 3.016 Thread 0x000001fee9118960 Exception <a 'java/lang/NoSuchMethodError'{0x00000000ff7a5538}: 'java.lang.Object java.lang.invoke.DirectMethodHandle$Holder.newInvokeSpecial(java.lang.Object, java.lang.Object, long)'> (0x00000000ff7a5538) 
thrown [s\open\src\hotspot\share\interpreter\linkResolver.cpp, line 759]
Event: 3.016 Thread 0x000001fee9118960 Exception <a 'java/lang/NoSuchMethodError'{0x00000000ff7a9828}: 'java.lang.Object java.lang.invoke.Invokers$Holder.linkToTargetMethod(java.lang.Object, long, java.lang.Object)'> (0x00000000ff7a9828) 
thrown [s\open\src\hotspot\share\interpreter\linkResolver.cpp, line 759]

VM Operations (20 events):
Event: 2.372 Executing VM operation: Cleanup
Event: 2.372 Executing VM operation: Cleanup done
Event: 2.491 Executing VM operation: HandshakeAllThreads
Event: 2.491 Executing VM operation: HandshakeAllThreads done
Event: 2.736 Executing VM operation: HandshakeAllThreads
Event: 2.736 Executing VM operation: HandshakeAllThreads done
Event: 2.774 Executing VM operation: G1CollectForAllocation
Event: 2.779 Executing VM operation: G1CollectForAllocation done
Event: 2.816 Executing VM operation: HandshakeAllThreads
Event: 2.816 Executing VM operation: HandshakeAllThreads done
Event: 3.026 Executing VM operation: HandshakeAllThreads
Event: 3.026 Executing VM operation: HandshakeAllThreads done
Event: 3.037 Executing VM operation: HandshakeAllThreads
Event: 3.037 Executing VM operation: HandshakeAllThreads done
Event: 4.040 Executing VM operation: Cleanup
Event: 4.040 Executing VM operation: Cleanup done
Event: 5.479 Executing VM operation: HandshakeAllThreads
Event: 5.479 Executing VM operation: HandshakeAllThreads done
Event: 5.479 Executing VM operation: Cleanup
Event: 5.481 Executing VM operation: Cleanup done

Events (20 events):
Event: 5.518 loading class sun/security/provider/certpath/ldap/JdkLDAP
Event: 5.518 loading class sun/security/provider/certpath/ldap/JdkLDAP done
Event: 5.519 loading class sun/security/provider/certpath/ldap/JdkLDAP$ProviderService
Event: 5.519 loading class sun/security/provider/certpath/ldap/JdkLDAP$ProviderService done
Event: 5.521 loading class sun/nio/ch/ServerSocketChannelImpl
Event: 5.521 loading class sun/nio/ch/ServerSocketChannelImpl done
Event: 5.525 loading class sun/nio/ch/Util$BufferCache
Event: 5.525 loading class sun/nio/ch/Util$BufferCache done
Event: 5.525 loading class sun/nio/ch/IOStatus
Event: 5.525 loading class sun/nio/ch/IOStatus done
Event: 5.526 loading class java/nio/BufferMismatch
Event: 5.526 loading class java/nio/BufferMismatch done
Event: 5.526 loading class sun/nio/ch/SourceChannelImpl
Event: 5.526 loading class java/nio/channels/Pipe$SourceChannel
Event: 5.526 loading class java/nio/channels/Pipe$SourceChannel done
Event: 5.526 loading class sun/nio/ch/SourceChannelImpl done
Event: 5.526 loading class sun/nio/ch/SinkChannelImpl
Event: 5.526 loading class java/nio/channels/Pipe$SinkChannel
Event: 5.526 loading class java/nio/channels/Pipe$SinkChannel done
Event: 5.526 loading class sun/nio/ch/SinkChannelImpl done


Dynamic libraries:
0x00007ff7ab7b0000 - 0x00007ff7ab7c0000 	C:\Program Files\Java\jdk-17\bin\java.exe
0x00007ffcc6ba0000 - 0x00007ffcc6e08000 	C:\WINDOWS\SYSTEM32\ntdll.dll
0x00007ffcc6140000 - 0x00007ffcc6209000 	C:\WINDOWS\System32\KERNEL32.DLL
0x00007ffcc4400000 - 0x00007ffcc47ed000 	C:\WINDOWS\System32\KERNELBASE.dll
0x00007ffcc3fb0000 - 0x00007ffcc40fb000 	C:\WINDOWS\System32\ucrtbase.dll
0x00007ffc8bd00000 - 0x00007ffc8bd19000 	C:\Program Files\Java\jdk-17\bin\jli.dll
0x00007ffc88790000 - 0x00007ffc887ab000 	C:\Program Files\Java\jdk-17\bin\VCRUNTIME140.dll
0x00007ffcc4de0000 - 0x00007ffcc4e94000 	C:\WINDOWS\System32\ADVAPI32.dll
0x00007ffcc4c40000 - 0x00007ffcc4ce9000 	C:\WINDOWS\System32\msvcrt.dll
0x00007ffcc6030000 - 0x00007ffcc60d6000 	C:\WINDOWS\System32\sechost.dll
0x00007ffcc4f50000 - 0x00007ffcc5068000 	C:\WINDOWS\System32\RPCRT4.dll
0x00007ffcc4940000 - 0x00007ffcc4b0c000 	C:\WINDOWS\System32\USER32.dll
0x00007ffcc4330000 - 0x00007ffcc4357000 	C:\WINDOWS\System32\win32u.dll
0x00007ffcc60e0000 - 0x00007ffcc610b000 	C:\WINDOWS\System32\GDI32.dll
0x00007ffcc3cf0000 - 0x00007ffcc3e27000 	C:\WINDOWS\System32\gdi32full.dll
0x00007ffcc4100000 - 0x00007ffcc41a3000 	C:\WINDOWS\System32\msvcp_win.dll
0x00007ffcafff0000 - 0x00007ffcb028a000 	C:\WINDOWS\WinSxS\amd64_microsoft.windows.common-controls_6595b64144ccf1df_6.0.26100.4484_none_3e0e6d4ce32ef3b3\COMCTL32.dll
0x00007ffcbdd60000 - 0x00007ffcbdd6b000 	C:\WINDOWS\SYSTEM32\VERSION.dll
0x00007ffcc4b20000 - 0x00007ffcc4b4f000 	C:\WINDOWS\System32\IMM32.DLL
0x00007ffc9c300000 - 0x00007ffc9c30c000 	C:\Program Files\Java\jdk-17\bin\vcruntime140_1.dll
0x00007ffc3b930000 - 0x00007ffc3b9be000 	C:\Program Files\Java\jdk-17\bin\msvcp140.dll
0x00007ffc07700000 - 0x00007ffc082e0000 	C:\Program Files\Java\jdk-17\bin\server\jvm.dll
0x00007ffcc6ae0000 - 0x00007ffcc6ae8000 	C:\WINDOWS\System32\PSAPI.DLL
0x00007ffcb9580000 - 0x00007ffcb95b5000 	C:\WINDOWS\SYSTEM32\WINMM.dll
0x00007ffc99af0000 - 0x00007ffc99afa000 	C:\WINDOWS\SYSTEM32\WSOCK32.dll
0x00007ffcc50c0000 - 0x00007ffcc5134000 	C:\WINDOWS\System32\WS2_32.dll
0x00007ffcc2a90000 - 0x00007ffcc2aab000 	C:\WINDOWS\SYSTEM32\kernel.appcore.dll
0x00007ffc99a90000 - 0x00007ffc99a9a000 	C:\Program Files\Java\jdk-17\bin\jimage.dll
0x00007ffcb8920000 - 0x00007ffcb8b61000 	C:\WINDOWS\SYSTEM32\DBGHELP.DLL
0x00007ffcc5ca0000 - 0x00007ffcc6026000 	C:\WINDOWS\System32\combase.dll
0x00007ffcc4cf0000 - 0x00007ffcc4dd0000 	C:\WINDOWS\System32\OLEAUT32.dll
0x00007ffc9d840000 - 0x00007ffc9d883000 	C:\WINDOWS\SYSTEM32\dbgcore.DLL
0x00007ffcc4360000 - 0x00007ffcc43f9000 	C:\WINDOWS\System32\bcryptPrimitives.dll
0x00007ffc4df70000 - 0x00007ffc4df95000 	C:\Program Files\Java\jdk-17\bin\java.dll
0x00007ffc3a970000 - 0x00007ffc3aa47000 	C:\Program Files\Java\jdk-17\bin\jsvml.dll
0x00007ffcc5370000 - 0x00007ffcc5aba000 	C:\WINDOWS\System32\SHELL32.dll
0x00007ffcc41b0000 - 0x00007ffcc4324000 	C:\WINDOWS\System32\wintypes.dll
0x00007ffcc1970000 - 0x00007ffcc21cb000 	C:\WINDOWS\SYSTEM32\windows.storage.dll
0x00007ffcc69e0000 - 0x00007ffcc6ad5000 	C:\WINDOWS\System32\SHCORE.dll
0x00007ffcc6af0000 - 0x00007ffcc6b5a000 	C:\WINDOWS\System32\shlwapi.dll
0x00007ffcc3bd0000 - 0x00007ffcc3bff000 	C:\WINDOWS\SYSTEM32\profapi.dll
0x00007ffc728f0000 - 0x00007ffc72909000 	C:\Program Files\Java\jdk-17\bin\net.dll
0x00007ffcbd270000 - 0x00007ffcbd38e000 	C:\WINDOWS\SYSTEM32\WINHTTP.dll
0x0000000180000000 - 0x000000018008c000 	C:\WINDOWS\system32\ASProxy64.dll
0x00007ffcc5140000 - 0x00007ffcc52de000 	C:\WINDOWS\System32\ole32.dll
0x00007ffcc24c0000 - 0x00007ffcc24f3000 	C:\WINDOWS\SYSTEM32\IPHLPAPI.DLL
0x00007ffcc3020000 - 0x00007ffcc308a000 	C:\WINDOWS\SYSTEM32\MSWSOCK.dll
0x00007ffcc2d40000 - 0x00007ffcc2d89000 	C:\WINDOWS\SYSTEM32\SspiCli.dll
0x00007ffcc0f80000 - 0x00007ffcc102f000 	C:\WINDOWS\system32\uxtheme.dll
0x00007ffcc4ea0000 - 0x00007ffcc4f48000 	C:\WINDOWS\System32\clbcatq.dll
0x00007ffcc3b00000 - 0x00007ffcc3ba1000 	C:\WINDOWS\SYSTEM32\sxs.dll
0x00007ffc71b10000 - 0x00007ffc71b26000 	C:\Program Files\Java\jdk-17\bin\nio.dll
0x00007ffc64f30000 - 0x00007ffc64f48000 	C:\Program Files\Java\jdk-17\bin\zip.dll
0x00007ffc8a460000 - 0x00007ffc8a470000 	C:\Program Files\Java\jdk-17\bin\verify.dll
0x00007ffc74eb0000 - 0x00007ffc74eba000 	C:\Program Files\Java\jdk-17\bin\management.dll
0x00007ffc74cd0000 - 0x00007ffc74cdb000 	C:\Program Files\Java\jdk-17\bin\management_ext.dll
0x00007ffc46400000 - 0x00007ffc46427000 	C:\Users\Success\.gradle\native\1def1411415f61bf3af743bc5b6707747c0891f09f0c88961ee8f79bc544acac\windows-amd64\native-platform.dll
0x00007ffc74b60000 - 0x00007ffc74b6a000 	C:\Users\Success\.gradle\native\jansi\1.18\windows64\jansi.dll
0x00007ffcc69d0000 - 0x00007ffcc69da000 	C:\WINDOWS\System32\NSI.dll
0x00007ffcbd1d0000 - 0x00007ffcbd1ef000 	C:\WINDOWS\SYSTEM32\dhcpcsvc6.DLL
0x00007ffcbd150000 - 0x00007ffcbd175000 	C:\WINDOWS\SYSTEM32\dhcpcsvc.DLL
0x00007ffcc2500000 - 0x00007ffcc2626000 	C:\WINDOWS\SYSTEM32\DNSAPI.dll
0x00007ffcc32d0000 - 0x00007ffcc32eb000 	C:\WINDOWS\SYSTEM32\CRYPTSP.dll
0x00007ffcc29f0000 - 0x00007ffcc2a2b000 	C:\WINDOWS\system32\rsaenh.dll
0x00007ffcc30c0000 - 0x00007ffcc30eb000 	C:\WINDOWS\SYSTEM32\USERENV.dll
0x00007ffcc3c10000 - 0x00007ffcc3c36000 	C:\WINDOWS\SYSTEM32\bcrypt.dll
0x00007ffcc32f0000 - 0x00007ffcc32fc000 	C:\WINDOWS\SYSTEM32\CRYPTBASE.dll
0x00007ffc62b10000 - 0x00007ffc62b1e000 	C:\Program Files\Java\jdk-17\bin\sunmscapi.dll
0x00007ffcc3e30000 - 0x00007ffcc3fa7000 	C:\WINDOWS\System32\CRYPT32.dll
0x00007ffcc34f0000 - 0x00007ffcc3520000 	C:\WINDOWS\SYSTEM32\ncrypt.dll
0x00007ffcc34a0000 - 0x00007ffcc34df000 	C:\WINDOWS\SYSTEM32\NTASN1.dll
0x00007ffca7ab0000 - 0x00007ffca7ab8000 	C:\WINDOWS\system32\wshunix.dll

dbghelp: loaded successfully - version: 4.0.5 - missing functions: none
symbol engine: initialized successfully - sym options: 0x614 - pdb path: .;C:\Program Files\Java\jdk-17\bin;C:\WINDOWS\SYSTEM32;C:\WINDOWS\WinSxS\amd64_microsoft.windows.common-controls_6595b64144ccf1df_6.0.26100.4484_none_3e0e6d4ce32ef3b3;C:\Program Files\Java\jdk-17\bin\server;C:\Users\Success\.gradle\native\1def1411415f61bf3af743bc5b6707747c0891f09f0c88961ee8f79bc544acac\windows-amd64;C:\Users\Success\.gradle\native\jansi\1.18\windows64

VM Arguments:
jvm_args: -Xmx64m -Xms64m -Dorg.gradle.appname=gradlew 
java_command: org.gradle.wrapper.GradleWrapperMain installDebug
java_class_path (initial): E:\Software\Mobile\Java\BunnyVideoLibrary\\gradle\wrapper\gradle-wrapper.jar
Launcher Type: SUN_STANDARD

[Global flags]
     intx CICompilerCount                          = 4                                         {product} {ergonomic}
     uint ConcGCThreads                            = 3                                         {product} {ergonomic}
     uint G1ConcRefinementThreads                  = 10                                        {product} {ergonomic}
   size_t G1HeapRegionSize                         = 1048576                                   {product} {ergonomic}
    uintx GCDrainStackTargetSize                   = 64                                        {product} {ergonomic}
   size_t InitialHeapSize                          = 67108864                                  {product} {command line}
   size_t MarkStackSize                            = 4194304                                   {product} {ergonomic}
   size_t MaxHeapSize                              = 67108864                                  {product} {command line}
   size_t MaxNewSize                               = 39845888                                  {product} {ergonomic}
   size_t MinHeapDeltaBytes                        = 1048576                                   {product} {ergonomic}
   size_t MinHeapSize                              = 67108864                                  {product} {command line}
    uintx NonNMethodCodeHeapSize                   = 5839372                                {pd product} {ergonomic}
    uintx NonProfiledCodeHeapSize                  = 122909434                              {pd product} {ergonomic}
    uintx ProfiledCodeHeapSize                     = 122909434                              {pd product} {ergonomic}
    uintx ReservedCodeCacheSize                    = 251658240                              {pd product} {ergonomic}
     bool SegmentedCodeCache                       = true                                      {product} {ergonomic}
   size_t SoftMaxHeapSize                          = 67108864                               {manageable} {ergonomic}
     bool UseCompressedClassPointers               = true                           {product lp64_product} {ergonomic}
     bool UseCompressedOops                        = true                           {product lp64_product} {ergonomic}
     bool UseG1GC                                  = true                                      {product} {ergonomic}
     bool UseLargePagesIndividualAllocation        = false                                  {pd product} {ergonomic}

Logging:
Log output configuration:
 #0: stdout all=warning uptime,level,tags
 #1: stderr all=off uptime,level,tags

Environment Variables:
CLASSPATH=E:\Software\Mobile\Java\BunnyVideoLibrary\\gradle\wrapper\gradle-wrapper.jar
PATH=C:\Program Files\Common Files\Oracle\Java\javapath;c:\Users\Success\AppData\Local\Programs\cursor\resources\app\bin;C:\WINDOWS\system32;C:\WINDOWS;C:\WINDOWS\System32\Wbem;C:\WINDOWS\System32\WindowsPowerShell\v1.0\;C:\WINDOWS\System32\OpenSSH\;C:\Program Files\Git\cmd;C:\Users\Success\AppData\Roaming\nvm;C:\Program Files\nodejs;C:\Program Files\Microsoft SQL Server\150\Tools\Binn\;C:\Program Files\Microsoft SQL Server\Client SDK\ODBC\170\Tools\Binn\;C:\Program Files\dotnet\;C:\Users\Success\AppData\Local\Programs\Python\Python311\Scripts\;C:\Users\Success\AppData\Local\Programs\Python\Python311\;C:\Users\Success\AppData\Local\Microsoft\WindowsApps;C:\Users\Success\AppData\Roaming\nvm;C:\Program Files\nodejs;C:\Users\Success\AppData\Roaming\npm;C:\Users\Success\AppData\Local\Programs\cursor\resources\app\bin;C:\Users\Success\.dotnet\tools;c:\Users\Success\AppData\Local\Programs\cursor\resources\app\bin;C:\Program Files\nodejs\;C:\Users\Success\AppData\Local\Android\Sdk\emulator;C:\Users\Success\AppData\Local\Programs\Python\Python311\Scripts\;C:\Users\Success\AppData\Local\Programs\Python\Python311\;C:\Users\Success\AppData\Local\Microsoft\WindowsApps;C:\Users\Success\AppData\Roaming\nvm;C:\Program Files\nodejs;C:\Users\Success\AppData\Local\Programs\cursor\resources\app\bin;C:\Users\Success\AppData\Local\Programs\Microsoft VS Code\bin;C:\Users\Success\.dotnet\tools;C:\Users\Success\AppData\Roaming\npm;C:\Users\Success\AppData\Local\Android\Sdk\emulator;
USERNAME=Success
LANG=en_US.UTF-8
OS=Windows_NT
PROCESSOR_IDENTIFIER=Intel64 Family 6 Model 158 Stepping 10, GenuineIntel



---------------  S Y S T E M  ---------------

OS:
 Windows 11 , 64 bit Build 26100 (10.0.26100.4484)
OS uptime: 0 days 0:20 hours

CPU: total 12 (initial active 12) (6 cores per cpu, 2 threads per core) family 6 model 158 stepping 10 microcode 0xde, cx8, cmov, fxsr, ht, mmx, 3dnowpref, sse, sse2, sse3, ssse3, sse4.1, sse4.2, popcnt, lzcnt, tsc, tscinvbit, avx, avx2, aes, erms, clmul, bmi1, bmi2, rtm, adx, fma, vzeroupper, clflush, clflushopt

Memory: 4k page, system-wide physical 32564M (19897M free)
TotalPageFile size 34612M (AvailPageFile size 18697M)
current process WorkingSet (physical memory assigned to process): 110M, peak: 119M
current process commit charge ("private bytes"): 174M, peak: 181M

vm_info: Java HotSpot(TM) 64-Bit Server VM (17.0.12+8-LTS-286) for windows-amd64 JRE (17.0.12+8-LTS-286), built on Jun  5 2024 06:46:59 by "mach5one" with MS VC++ 17.6 (VS2022)

END.
